TN:
SF:src/index.ts
FN:7,AsyncImport
FNF:1
FNH:0
FNDA:0,AsyncImport
DA:1,1
DA:2,1
DA:3,1
DA:4,1
DA:5,1
DA:6,1
DA:7,1
DA:8,1
DA:9,1
LF:9
LH:9
BRF:0
BRH:0
end_of_record
TN:
SF:src/BuildInComponents/Settings.ts
FNF:0
FNH:0
DA:1,1
DA:2,1
DA:3,1
DA:4,1
DA:5,1
LF:5
LH:5
BRF:0
BRH:0
end_of_record
TN:
SF:src/BuildInComponents/index.ts
FN:21,StartCompiling
FN:68,IsInclude
FN:72,finalizeBuild
FN:83,handelConnectorService
FN:90,perCompile2
FN:94,postCompile2
FN:98,perCompilePage
FN:102,postCompilePage
FNF:8
FNH:7
FNDA:123,StartCompiling
FNDA:255,IsInclude
FNDA:32,finalizeBuild
FNDA:1,handelConnectorService
FNDA:1,perCompile2
FNDA:0,postCompile2
FNDA:33,perCompilePage
FNDA:33,postCompilePage
DA:1,1
DA:2,1
DA:3,1
DA:4,1
DA:5,1
DA:6,1
DA:7,1
DA:8,1
DA:9,1
DA:10,1
DA:11,1
DA:12,1
DA:13,1
DA:14,1
DA:15,1
DA:16,1
DA:17,1
DA:18,1
DA:19,1
DA:20,1
DA:21,1
DA:22,123
DA:23,123
DA:24,123
DA:25,0
DA:26,0
DA:27,0
DA:28,3
DA:29,3
DA:30,3
DA:31,4
DA:32,4
DA:33,4
DA:34,34
DA:35,34
DA:36,34
DA:37,2
DA:38,2
DA:39,2
DA:40,1
DA:41,1
DA:42,1
DA:43,1
DA:44,1
DA:45,1
DA:46,34
DA:47,34
DA:48,34
DA:49,0
DA:50,0
DA:51,0
DA:52,32
DA:53,32
DA:54,32
DA:55,2
DA:56,2
DA:57,2
DA:58,10
DA:59,10
DA:60,10
DA:61,0
DA:62,0
DA:63,123
DA:64,123
DA:65,123
DA:66,123
DA:67,1
DA:68,1
DA:69,255
DA:70,255
DA:71,1
DA:72,32
DA:73,32
DA:74,32
DA:75,32
DA:76,32
DA:77,32
DA:78,32
DA:79,32
DA:80,32
DA:81,32
DA:82,1
DA:83,1
DA:84,1
DA:85,1
DA:86,0
DA:87,0
DA:88,1
DA:89,1
DA:90,1
DA:91,1
DA:92,1
DA:93,1
DA:94,0
DA:95,0
DA:96,0
DA:97,1
DA:98,33
DA:99,33
DA:100,33
DA:101,1
DA:102,33
DA:103,33
DA:104,33
LF:104
LH:91
BRDA:21,0,0,123
BRDA:24,1,0,0
BRDA:27,2,0,3
BRDA:30,3,0,4
BRDA:33,4,0,34
BRDA:36,5,0,2
BRDA:39,6,0,1
BRDA:42,7,0,1
BRDA:45,8,0,34
BRDA:48,9,0,0
BRDA:51,10,0,32
BRDA:54,11,0,2
BRDA:57,12,0,10
BRDA:60,13,0,0
BRDA:68,14,0,255
BRDA:72,15,0,32
BRDA:83,16,0,1
BRDA:85,17,0,0
BRDA:90,18,0,1
BRDA:98,19,0,33
BRDA:102,20,0,33
BRF:21
BRH:17
end_of_record
TN:
SF:src/BuildInComponents/Components/client.ts
FN:11,template
FN:21,BuildCode
FNF:2
FNH:0
FNDA:0,template
FNDA:0,BuildCode
DA:1,1
DA:2,1
DA:3,1
DA:4,1
DA:5,1
DA:6,1
DA:7,1
DA:8,1
DA:9,1
DA:10,1
DA:11,0
DA:12,0
DA:13,0
DA:14,0
DA:15,0
DA:16,0
DA:17,0
DA:18,0
DA:19,0
DA:20,1
DA:21,0
DA:22,0
DA:23,0
DA:24,0
DA:25,0
DA:26,0
DA:27,0
DA:28,0
DA:29,0
DA:30,0
DA:31,0
DA:32,0
DA:33,0
DA:34,0
DA:35,0
DA:36,0
DA:37,0
DA:38,0
DA:39,0
DA:40,0
DA:41,0
DA:42,0
DA:43,0
DA:44,0
DA:45,0
DA:46,0
DA:47,0
LF:47
LH:11
BRF:0
BRH:0
end_of_record
TN:
SF:src/BuildInComponents/Components/connect.ts
FN:10,template2
FN:14,BuildCode12
FN:43,addFinalizeBuild2
FN:44,addFinalizeBuildAnyConnection.returnData
FN:56,handelConnector
FN:62,betterJSON
FNF:6
FNH:6
FNDA:1,template2
FNDA:1,BuildCode12
FNDA:32,addFinalizeBuild2
FNDA:1,addFinalizeBuildAnyConnection.returnData
FNDA:1,handelConnector
FNDA:1,betterJSON
DA:1,1
DA:2,1
DA:3,1
DA:4,1
DA:5,1
DA:6,1
DA:7,1
DA:8,1
DA:9,1
DA:10,1
DA:11,1
DA:12,1
DA:13,1
DA:14,1
DA:15,1
DA:16,1
DA:17,1
DA:18,1
DA:19,1
DA:20,1
DA:21,1
DA:22,1
DA:23,1
DA:24,1
DA:25,1
DA:26,1
DA:27,1
DA:28,1
DA:29,1
DA:30,1
DA:31,1
DA:32,1
DA:33,1
DA:34,1
DA:35,1
DA:36,1
DA:37,1
DA:38,1
DA:39,1
DA:40,1
DA:41,1
DA:42,1
DA:43,1
DA:44,32
DA:45,1
DA:46,1
DA:47,1
DA:48,1
DA:49,1
DA:50,1
DA:51,1
DA:52,1
DA:53,32
DA:54,32
DA:55,1
DA:56,1
DA:57,1
DA:58,1
DA:59,1
DA:60,1
DA:61,1
DA:62,1
DA:63,1
DA:64,1
DA:65,1
DA:66,1
DA:67,1
DA:68,1
DA:69,1
DA:70,1
DA:71,1
DA:72,1
DA:73,1
DA:74,1
DA:75,1
DA:76,1
DA:77,0
DA:78,0
DA:79,1
DA:80,1
DA:81,1
LF:81
LH:79
BRDA:10,0,0,1
BRDA:14,1,0,1
BRDA:34,2,0,0
BRDA:31,3,0,2
BRDA:43,4,0,32
BRDA:44,5,0,1
BRDA:50,6,0,0
BRDA:51,7,0,0
BRDA:56,8,0,1
BRDA:68,9,0,0
BRDA:71,10,0,0
BRDA:75,11,0,0
BRDA:76,12,0,0
BRDA:62,13,0,1
BRF:14
BRH:7
end_of_record
TN:
SF:src/BuildInComponents/Components/form.ts
FN:11,BuildCode13
FN:66,addFinalizeBuild3
FN:80,handelConnector2
FNF:3
FNH:2
FNDA:34,BuildCode13
FNDA:32,addFinalizeBuild3
FNDA:0,handelConnector2
DA:1,1
DA:2,1
DA:3,1
DA:4,1
DA:5,1
DA:6,1
DA:7,1
DA:8,1
DA:9,1
DA:10,1
DA:11,34
DA:12,34
DA:13,34
DA:14,34
DA:15,34
DA:16,34
DA:17,33
DA:18,33
DA:19,33
DA:20,33
DA:21,1
DA:22,1
DA:23,1
DA:24,1
DA:25,34
DA:26,34
DA:27,34
DA:28,34
DA:29,7
DA:30,7
DA:31,7
DA:32,7
DA:33,7
DA:34,7
DA:35,1
DA:36,34
DA:37,34
DA:38,34
DA:39,1
DA:40,1
DA:41,1
DA:42,1
DA:43,1
DA:44,1
DA:45,1
DA:46,34
DA:47,34
DA:48,34
DA:49,34
DA:50,34
DA:51,34
DA:52,34
DA:53,34
DA:54,34
DA:55,34
DA:56,34
DA:57,34
DA:58,1
DA:59,1
DA:60,1
DA:61,1
DA:62,1
DA:63,1
DA:64,1
DA:65,1
DA:66,1
DA:67,32
DA:68,1
DA:69,1
DA:70,1
DA:71,1
DA:72,1
DA:73,1
DA:74,1
DA:75,1
DA:76,1
DA:77,32
DA:78,32
DA:79,1
DA:80,0
DA:81,0
DA:82,0
DA:83,0
DA:84,0
DA:85,0
DA:86,0
DA:87,0
DA:88,0
DA:89,0
DA:90,0
DA:91,0
DA:92,0
DA:93,0
DA:94,0
DA:95,0
DA:96,0
DA:97,0
DA:98,0
DA:99,0
DA:100,0
DA:101,0
DA:102,0
DA:103,0
DA:104,0
DA:105,0
DA:106,0
DA:107,0
DA:108,0
DA:109,0
DA:110,0
DA:111,0
DA:112,0
DA:113,0
DA:114,0
DA:115,0
DA:116,0
DA:117,0
DA:118,0
LF:118
LH:79
BRDA:11,0,0,34
BRDA:16,1,0,33
BRDA:20,2,0,1
BRDA:28,3,0,1
BRDA:38,4,0,0
BRDA:38,5,0,1
BRDA:57,6,0,1
BRDA:28,7,0,7
BRDA:66,8,0,32
BRDA:67,9,0,1
BRDA:72,10,0,0
BRDA:73,11,0,0
BRDA:74,12,0,0
BRDA:73,13,0,7
BRF:14
BRH:10
end_of_record
TN:
SF:src/BuildInComponents/Components/head.ts
FN:11,BuildCode11
FN:19,addFinalizeBuild
FN:23,removeBundle
FNF:3
FNH:3
FNDA:32,BuildCode11
FNDA:32,addFinalizeBuild
FNDA:32,removeBundle
DA:1,1
DA:2,1
DA:3,1
DA:4,1
DA:5,1
DA:6,1
DA:7,1
DA:8,1
DA:9,1
DA:10,1
DA:11,32
DA:12,32
DA:13,32
DA:14,32
DA:15,32
DA:16,32
DA:17,32
DA:18,1
DA:19,32
DA:20,32
DA:21,32
DA:22,32
DA:23,32
DA:24,32
DA:25,32
DA:26,32
DA:27,32
DA:28,16
DA:29,16
DA:30,16
DA:31,16
DA:32,32
DA:33,32
DA:34,32
DA:35,32
DA:36,32
DA:37,0
DA:38,0
DA:39,0
LF:39
LH:36
BRDA:11,0,0,32
BRDA:19,1,0,32
BRDA:27,2,0,16
BRDA:36,3,0,16
BRDA:36,4,0,0
BRDA:23,5,0,32
BRDA:23,6,0,64
BRDA:33,7,0,17
BRF:8
BRH:7
end_of_record
TN:
SF:src/BuildInComponents/Components/isolate.ts
FN:4,isolate
FNF:1
FNH:0
FNDA:0,isolate
DA:1,1
DA:2,1
DA:3,1
DA:4,0
DA:5,0
DA:6,0
DA:7,0
DA:8,0
DA:9,0
DA:10,0
DA:11,0
DA:12,0
DA:13,0
LF:13
LH:3
BRF:0
BRH:0
end_of_record
TN:
SF:src/BuildInComponents/Components/markdown.ts
FN:19,codeWithCopy
FN:21,renderCode
FN:37,BuildCode10
FN:51,highlight
FN:76,slugify
FN:156,splitStart
FN:164,createAutoTheme
FNF:7
FNH:6
FNDA:10,codeWithCopy
FNDA:20,renderCode
FNDA:10,BuildCode10
FNDA:10,highlight
FNDA:7,slugify
FNDA:0,splitStart
FNDA:10,createAutoTheme
DA:1,1
DA:2,1
DA:3,1
DA:4,1
DA:5,1
DA:6,1
DA:7,1
DA:8,1
DA:9,1
DA:10,1
DA:11,1
DA:12,1
DA:13,1
DA:14,1
DA:15,1
DA:16,1
DA:17,1
DA:18,1
DA:19,10
DA:20,10
DA:21,10
DA:22,20
DA:23,10
DA:24,10
DA:25,10
DA:26,10
DA:27,10
DA:28,10
DA:29,10
DA:30,10
DA:31,20
DA:32,10
DA:33,10
DA:34,10
DA:35,10
DA:36,1
DA:37,10
DA:38,10
DA:39,10
DA:40,10
DA:41,10
DA:42,10
DA:43,10
DA:44,10
DA:45,10
DA:46,10
DA:47,10
DA:48,10
DA:49,10
DA:50,10
DA:51,10
DA:52,10
DA:53,10
DA:54,10
DA:55,10
DA:56,10
DA:57,0
DA:58,0
DA:59,0
DA:60,0
DA:61,0
DA:62,0
DA:63,0
DA:64,10
DA:65,0
DA:66,0
DA:67,10
DA:68,10
DA:69,10
DA:70,10
DA:71,10
DA:72,10
DA:73,10
DA:74,10
DA:75,10
DA:76,10
DA:77,10
DA:78,10
DA:79,10
DA:80,10
DA:81,10
DA:82,10
DA:83,10
DA:84,10
DA:85,10
DA:86,10
DA:87,10
DA:88,10
DA:89,10
DA:90,1
DA:91,1
DA:92,1
DA:93,1
DA:94,1
DA:95,1
DA:96,1
DA:97,10
DA:98,10
DA:99,10
DA:100,10
DA:101,10
DA:102,10
DA:103,4
DA:104,4
DA:105,4
DA:106,4
DA:107,4
DA:108,4
DA:109,4
DA:110,4
DA:111,10
DA:112,10
DA:113,10
DA:114,10
DA:115,10
DA:116,10
DA:117,10
DA:118,10
DA:119,10
DA:120,10
DA:121,10
DA:122,10
DA:123,10
DA:124,10
DA:125,1
DA:126,1
DA:127,1
DA:128,1
DA:129,1
DA:130,1
DA:131,1
DA:132,1
DA:133,1
DA:134,1
DA:135,1
DA:136,1
DA:137,1
DA:138,1
DA:139,1
DA:140,1
DA:141,1
DA:142,1
DA:143,1
DA:144,1
DA:145,1
DA:146,1
DA:147,1
DA:148,1
DA:149,1
DA:150,1
DA:151,1
DA:152,1
DA:153,1
DA:154,1
DA:155,1
DA:156,0
DA:157,0
DA:158,0
DA:159,0
DA:160,0
DA:161,1
DA:162,1
DA:163,1
DA:164,10
DA:165,10
DA:166,10
DA:167,0
DA:168,0
DA:169,10
DA:170,10
DA:171,0
DA:172,0
DA:173,0
DA:174,0
DA:175,0
DA:176,0
DA:177,0
DA:178,0
DA:179,0
DA:180,0
DA:181,0
DA:182,1
DA:183,1
DA:184,1
DA:185,1
DA:186,1
LF:186
LH:159
BRDA:19,0,0,10
BRDA:21,1,0,20
BRDA:22,2,0,10
BRDA:37,3,0,10
BRDA:41,4,0,0
BRDA:41,5,0,0
BRDA:47,6,0,0
BRDA:48,7,0,0
BRDA:49,8,0,0
BRDA:70,9,0,0
BRDA:74,10,0,0
BRDA:80,11,0,0
BRDA:83,12,0,0
BRDA:86,13,0,1
BRDA:89,14,0,1
BRDA:89,15,0,1
BRDA:90,16,0,0
BRDA:100,17,0,0
BRDA:102,18,0,4
BRDA:114,19,0,0
BRDA:51,20,0,10
BRDA:56,21,0,0
BRDA:64,22,0,0
BRDA:72,23,0,10
BRDA:76,24,0,7
BRDA:164,25,0,10
BRDA:166,26,0,0
BRDA:170,27,0,0
BRF:28
BRH:12
end_of_record
TN:
SF:src/BuildInComponents/Components/page.ts
FN:15,InFolderPagePath
FN:27,BuildCode8
FNF:2
FNH:2
FNDA:1,InFolderPagePath
FNDA:1,BuildCode8
DA:1,1
DA:2,1
DA:3,1
DA:4,1
DA:5,1
DA:6,1
DA:7,1
DA:8,1
DA:9,1
DA:10,1
DA:11,1
DA:12,1
DA:13,1
DA:14,1
DA:15,1
DA:16,1
DA:17,0
DA:18,0
DA:19,1
DA:20,1
DA:21,1
DA:22,1
DA:23,1
DA:24,1
DA:25,1
DA:26,1
DA:27,1
DA:28,1
DA:29,1
DA:30,1
DA:31,1
DA:32,1
DA:33,1
DA:34,1
DA:35,0
DA:36,0
DA:37,0
DA:38,0
DA:39,0
DA:40,0
DA:41,0
DA:42,0
DA:43,0
DA:44,0
DA:45,0
DA:46,1
DA:47,1
DA:48,1
DA:49,1
DA:50,1
DA:51,1
DA:52,1
DA:53,1
DA:54,1
DA:55,1
DA:56,1
DA:57,1
DA:58,1
DA:59,1
DA:60,0
DA:61,0
DA:62,0
DA:63,0
DA:64,0
DA:65,0
DA:66,0
DA:67,1
DA:68,1
DA:69,1
DA:70,1
DA:71,1
LF:71
LH:51
BRDA:15,0,0,1
BRDA:16,1,0,0
BRDA:27,2,0,1
BRDA:34,3,0,0
BRDA:50,4,0,0
BRDA:59,5,0,0
BRF:6
BRH:2
end_of_record
TN:
SF:src/BuildInComponents/Components/record.ts
FN:15,recordLink
FN:19,makeRecordPath
FN:33,BuildCode14
FN:66,deleteBeforeReBuild
FN:78,updateRecords
FN:90,perCompile
FN:94,postCompile
FNF:7
FNH:6
FNDA:7,recordLink
FNDA:7,makeRecordPath
FNDA:3,BuildCode14
FNDA:33,deleteBeforeReBuild
FNDA:32,updateRecords
FNDA:1,perCompile
FNDA:0,postCompile
DA:1,1
DA:2,1
DA:3,1
DA:4,1
DA:5,1
DA:6,1
DA:7,1
DA:8,1
DA:9,1
DA:10,1
DA:11,1
DA:12,1
DA:13,1
DA:14,1
DA:15,7
DA:16,7
DA:17,7
DA:18,1
DA:19,1
DA:20,7
DA:21,7
DA:22,7
DA:23,7
DA:24,7
DA:25,7
DA:26,7
DA:27,7
DA:28,7
DA:29,7
DA:30,7
DA:31,7
DA:32,1
DA:33,3
DA:34,3
DA:35,3
DA:36,3
DA:37,3
DA:38,3
DA:39,0
DA:40,0
DA:41,3
DA:42,3
DA:43,3
DA:44,3
DA:45,3
DA:46,3
DA:47,3
DA:48,5
DA:49,4
DA:50,4
DA:51,5
DA:52,3
DA:53,3
DA:54,3
DA:55,3
DA:56,3
DA:57,3
DA:58,3
DA:59,3
DA:60,3
DA:61,3
DA:62,3
DA:63,3
DA:64,3
DA:65,1
DA:66,1
DA:67,33
DA:68,33
DA:69,38
DA:70,38
DA:71,38
DA:72,0
DA:73,0
DA:74,0
DA:75,38
DA:76,33
DA:77,1
DA:78,32
DA:79,32
DA:80,0
DA:81,0
DA:82,32
DA:83,32
DA:84,7
DA:85,7
DA:86,7
DA:87,7
DA:88,32
DA:89,1
DA:90,1
DA:91,1
DA:92,1
DA:93,1
DA:94,0
DA:95,0
DA:96,0
DA:97,0
DA:98,0
DA:99,0
DA:100,0
LF:100
LH:86
BRDA:15,0,0,7
BRDA:19,1,0,7
BRDA:33,2,0,3
BRDA:38,3,0,0
BRDA:47,4,0,5
BRDA:48,5,0,4
BRDA:66,6,0,33
BRDA:68,7,0,38
BRDA:71,8,0,0
BRDA:78,9,0,32
BRDA:79,10,0,0
BRDA:83,11,0,7
BRDA:90,12,0,1
BRF:13
BRH:10
end_of_record
TN:
SF:src/BuildInComponents/Components/search.ts
FN:11,BuildCode15
FN:49,buildObject
FNF:2
FNH:2
FNDA:4,BuildCode15
FNDA:4,buildObject
DA:1,1
DA:2,1
DA:3,1
DA:4,1
DA:5,1
DA:6,1
DA:7,1
DA:8,1
DA:9,1
DA:10,1
DA:11,4
DA:12,4
DA:13,4
DA:14,4
DA:15,4
DA:16,4
DA:17,0
DA:18,0
DA:19,4
DA:20,4
DA:21,4
DA:22,4
DA:23,4
DA:24,4
DA:25,4
DA:26,6
DA:27,5
DA:28,5
DA:29,6
DA:30,4
DA:31,4
DA:32,4
DA:33,4
DA:34,4
DA:35,4
DA:36,4
DA:37,0
DA:38,0
DA:39,0
DA:40,0
DA:41,0
DA:42,0
DA:43,4
DA:44,4
DA:45,4
DA:46,4
DA:47,4
DA:48,1
DA:49,4
DA:50,4
DA:51,4
DA:52,4
DA:53,4
DA:54,4
DA:55,4
DA:56,4
DA:57,4
DA:58,4
DA:59,4
DA:60,4
DA:61,4
DA:62,4
DA:63,4
DA:64,4
DA:65,4
DA:66,4
DA:67,4
DA:68,4
DA:69,4
DA:70,4
LF:70
LH:62
BRDA:11,0,0,4
BRDA:16,1,0,0
BRDA:25,2,0,6
BRDA:26,3,0,5
BRDA:36,4,0,0
BRDA:49,5,0,4
BRF:6
BRH:4
end_of_record
TN:
SF:src/BuildInComponents/Components/svelte.ts
FN:14,ssrHTML
FN:15,getV
FN:16,gv
FN:30,BuildCode9
FN:38,have
FNF:5
FNH:5
FNDA:1,ssrHTML
FNDA:2,getV
FNDA:4,gv
FNDA:2,BuildCode9
FNDA:4,have
DA:1,1
DA:2,1
DA:3,1
DA:4,1
DA:5,1
DA:6,1
DA:7,1
DA:8,1
DA:9,1
DA:10,1
DA:11,1
DA:12,1
DA:13,1
DA:14,1
DA:15,1
DA:16,2
DA:17,2
DA:18,2
DA:19,2
DA:20,2
DA:21,1
DA:22,1
DA:23,1
DA:24,1
DA:25,1
DA:26,1
DA:27,1
DA:28,1
DA:29,1
DA:30,2
DA:31,2
DA:32,2
DA:33,2
DA:34,2
DA:35,2
DA:36,2
DA:37,2
DA:38,2
DA:39,4
DA:40,4
DA:41,2
DA:42,2
DA:43,2
DA:44,2
DA:45,2
DA:46,2
DA:47,2
DA:48,2
DA:49,2
DA:50,2
DA:51,2
DA:52,2
DA:53,2
DA:54,2
DA:55,2
DA:56,2
DA:57,2
DA:58,2
LF:58
LH:58
BRDA:14,0,0,1
BRDA:15,1,0,2
BRDA:19,2,0,1
BRDA:19,3,0,1
BRDA:16,4,0,4
BRDA:30,5,0,2
BRDA:43,6,0,1
BRDA:48,7,0,0
BRDA:51,8,0,1
BRDA:51,9,0,1
BRDA:55,10,0,0
BRDA:38,11,0,4
BRDA:40,12,0,1
BRDA:40,13,0,3
BRF:14
BRH:12
end_of_record
TN:
SF:src/BuildInComponents/Components/script/client.ts
FN:7,BuildCode3
FNF:1
FNH:1
FNDA:2,BuildCode3
DA:1,1
DA:2,1
DA:3,1
DA:4,1
DA:5,1
DA:6,1
DA:7,2
DA:8,2
DA:9,2
DA:10,2
DA:11,2
DA:12,0
DA:13,0
DA:14,2
DA:15,2
DA:16,2
DA:17,2
DA:18,2
DA:19,2
DA:20,2
DA:21,2
DA:22,0
DA:23,0
DA:24,2
DA:25,2
DA:26,2
DA:27,2
DA:28,2
LF:28
LH:24
BRDA:7,0,0,2
BRDA:8,1,0,0
BRDA:11,2,0,0
BRDA:17,3,0,0
BRDA:21,4,0,0
BRF:5
BRH:1
end_of_record
TN:
SF:src/BuildInComponents/Components/script/index.ts
FN:11,BuildCode4
FNF:1
FNH:1
FNDA:34,BuildCode4
DA:1,1
DA:2,1
DA:3,1
DA:4,1
DA:5,1
DA:6,1
DA:7,1
DA:8,1
DA:9,1
DA:10,1
DA:11,34
DA:12,34
DA:13,34
DA:14,34
DA:15,32
DA:16,32
DA:17,2
DA:18,2
DA:19,2
DA:20,34
DA:21,0
DA:22,0
DA:23,2
DA:24,2
DA:25,2
LF:25
LH:23
BRDA:11,0,0,34
BRDA:14,1,0,32
BRDA:15,2,0,1
BRDA:16,3,0,2
BRDA:20,4,0,0
BRDA:22,5,0,2
BRF:6
BRH:5
end_of_record
TN:
SF:src/BuildInComponents/Components/script/load-options.ts
FN:7,transpilerWithOptions
FNF:1
FNH:1
FNDA:2,transpilerWithOptions
DA:1,1
DA:2,1
DA:3,1
DA:4,1
DA:5,1
DA:6,1
DA:7,2
DA:8,2
DA:9,2
DA:10,2
DA:11,2
DA:12,2
DA:13,2
DA:14,2
DA:15,2
DA:16,2
DA:17,2
DA:18,2
DA:19,2
DA:20,2
DA:21,2
DA:22,2
DA:23,2
DA:24,0
DA:25,0
DA:26,0
DA:27,0
DA:28,0
DA:29,0
DA:30,0
DA:31,0
DA:32,0
DA:33,0
DA:34,0
DA:35,0
DA:36,0
DA:37,0
DA:38,0
DA:39,0
DA:40,0
DA:41,0
DA:42,0
DA:43,0
DA:44,0
DA:45,0
DA:46,0
DA:47,2
DA:48,2
DA:49,2
DA:50,2
DA:51,2
DA:52,2
DA:53,2
DA:54,0
DA:55,0
DA:56,2
DA:57,2
DA:58,2
LF:58
LH:33
BRDA:7,0,0,2
BRDA:23,1,0,0
BRDA:30,2,0,0
BRDA:38,3,0,0
BRDA:53,4,0,0
BRF:5
BRH:1
end_of_record
TN:
SF:src/BuildInComponents/Components/script/server.ts
FN:8,BuildCode2
FNF:1
FNH:0
FNDA:0,BuildCode2
DA:1,1
DA:2,1
DA:3,1
DA:4,1
DA:5,1
DA:6,1
DA:7,1
DA:8,0
DA:9,0
DA:10,0
DA:11,0
DA:12,0
DA:13,0
DA:14,0
DA:15,0
DA:16,0
DA:17,0
DA:18,0
DA:19,0
DA:20,0
DA:21,0
DA:22,0
DA:23,0
LF:23
LH:7
BRF:0
BRH:0
end_of_record
TN:
SF:src/BuildInComponents/Components/serv-connect/connect-node.ts
FN:5,addFinalizeBuildAnyConnection
FN:18,scriptData
FNF:2
FNH:2
FNDA:64,addFinalizeBuildAnyConnection
FNDA:2,scriptData
DA:1,1
DA:2,1
DA:3,1
DA:4,1
DA:5,1
DA:6,64
DA:7,64
DA:8,2
DA:9,64
DA:10,4
DA:11,4
DA:12,2
DA:13,2
DA:14,2
DA:15,2
DA:16,2
DA:17,2
DA:18,2
DA:19,2
DA:20,2
DA:21,2
DA:22,2
DA:23,2
DA:24,2
DA:25,2
DA:26,2
DA:27,2
DA:28,2
DA:29,2
DA:30,4
DA:31,2
DA:32,2
DA:33,4
DA:34,4
DA:35,2
DA:36,2
DA:37,2
LF:37
LH:37
BRDA:5,0,0,64
BRDA:7,1,0,62
BRDA:7,2,0,2
BRDA:9,3,0,4
BRDA:11,4,0,2
BRDA:30,5,0,0
BRDA:30,6,0,2
BRDA:34,7,0,2
BRDA:6,8,0,3
BRDA:18,9,0,2
BRDA:21,10,0,1
BRDA:21,11,0,1
BRF:12
BRH:11
end_of_record
TN:
SF:src/BuildInComponents/Components/serv-connect/index.ts
FN:14,builtInConnectionRegex.string-length-range
FN:15,builtInConnectionRegex.string-length-range
FN:21,builtInConnectionRegex.number-range-integer
FN:26,builtInConnectionRegex.number-range-float
FN:27,builtInConnectionRegex.number-range-float
FN:33,builtInConnectionRegex.multiple-choice-string
FN:39,builtInConnectionRegex.multiple-choice-number
FN:54,compileValues
FN:68,makeValidationJSON
FN:126,parseValues
FNF:10
FNH:5
FNDA:2,builtInConnectionRegex.string-length-range
FNDA:0,builtInConnectionRegex.string-length-range
FNDA:0,builtInConnectionRegex.number-range-integer
FNDA:2,builtInConnectionRegex.number-range-float
FNDA:1,builtInConnectionRegex.number-range-float
FNDA:0,builtInConnectionRegex.multiple-choice-string
FNDA:0,builtInConnectionRegex.multiple-choice-number
FNDA:9,compileValues
FNDA:1,makeValidationJSON
FNDA:0,parseValues
DA:1,1
DA:2,1
DA:3,1
DA:4,1
DA:5,1
DA:6,1
DA:7,1
DA:8,1
DA:9,1
DA:10,1
DA:11,1
DA:12,1
DA:13,1
DA:14,1
DA:15,1
DA:16,1
DA:17,1
DA:18,1
DA:19,1
DA:20,1
DA:21,1
DA:22,1
DA:23,1
DA:24,1
DA:25,1
DA:26,1
DA:27,1
DA:28,1
DA:29,1
DA:30,1
DA:31,1
DA:32,1
DA:33,1
DA:34,1
DA:35,1
DA:36,1
DA:37,1
DA:38,1
DA:39,1
DA:40,1
DA:41,1
DA:42,1
DA:43,1
DA:44,1
DA:45,1
DA:46,1
DA:47,5
DA:48,5
DA:49,5
DA:50,5
DA:51,5
DA:52,1
DA:53,1
DA:54,1
DA:55,9
DA:56,9
DA:57,9
DA:58,9
DA:59,8
DA:60,8
DA:61,9
DA:62,22
DA:63,2
DA:64,2
DA:65,2
DA:66,1
DA:67,1
DA:68,1
DA:69,1
DA:70,1
DA:71,1
DA:72,1
DA:73,1
DA:74,1
DA:75,1
DA:76,0
DA:77,0
DA:78,0
DA:79,0
DA:80,0
DA:81,0
DA:82,0
DA:83,0
DA:84,0
DA:85,0
DA:86,0
DA:87,0
DA:88,0
DA:89,0
DA:90,0
DA:91,0
DA:92,0
DA:93,0
DA:94,0
DA:95,1
DA:96,1
DA:97,1
DA:98,1
DA:99,1
DA:100,1
DA:101,1
DA:102,0
DA:103,0
DA:104,0
DA:105,0
DA:106,0
DA:107,0
DA:108,1
DA:109,1
DA:110,1
DA:111,1
DA:112,1
DA:113,1
DA:114,1
DA:115,1
DA:116,1
DA:117,1
DA:118,1
DA:119,1
DA:120,1
DA:121,1
DA:122,0
DA:123,0
DA:124,0
DA:125,1
DA:126,1
DA:127,0
DA:128,0
DA:129,0
DA:130,0
DA:131,0
DA:132,0
DA:133,0
DA:134,0
DA:135,0
DA:136,0
DA:137,0
DA:138,0
DA:139,0
DA:140,0
DA:141,0
DA:142,0
DA:143,0
DA:144,0
LF:144
LH:98
BRDA:46,0,0,5
BRDA:50,1,0,3
BRDA:14,2,0,2
BRDA:14,3,0,4
BRDA:20,4,0,2
BRDA:20,5,0,4
BRDA:26,6,0,2
BRDA:26,7,0,4
BRDA:27,8,0,1
BRDA:27,9,0,0
BRDA:54,10,0,9
BRDA:58,11,0,1
BRDA:58,12,0,8
BRDA:61,13,0,22
BRDA:62,14,0,6
BRDA:62,15,0,2
BRDA:68,16,0,1
BRDA:75,17,0,0
BRDA:76,18,0,0
BRDA:79,19,0,0
BRDA:80,20,0,0
BRDA:83,21,0,0
BRDA:84,22,0,0
BRDA:87,23,0,0
BRDA:88,24,0,0
BRDA:91,25,0,0
BRDA:101,26,0,0
BRDA:112,27,0,0
BRDA:121,28,0,0
BRF:29
BRH:16
end_of_record
TN:
SF:src/BuildInComponents/Components/style/client.ts
FN:8,BuildCode6
FNF:1
FNH:1
FNDA:2,BuildCode6
DA:1,1
DA:2,1
DA:3,1
DA:4,1
DA:5,1
DA:6,1
DA:7,1
DA:8,2
DA:9,2
DA:10,2
DA:11,2
DA:12,0
DA:13,0
DA:14,2
DA:15,2
DA:16,2
DA:17,2
DA:18,2
DA:19,2
DA:20,2
DA:21,2
DA:22,0
DA:23,0
DA:24,2
DA:25,2
DA:26,2
DA:27,2
DA:28,2
LF:28
LH:24
BRDA:8,0,0,2
BRDA:11,1,0,0
BRDA:21,2,0,0
BRF:3
BRH:1
end_of_record
TN:
SF:src/BuildInComponents/Components/style/index.ts
FN:9,BuildCode7
FNF:1
FNH:1
FNDA:2,BuildCode7
DA:1,1
DA:2,1
DA:3,1
DA:4,1
DA:5,1
DA:6,1
DA:7,1
DA:8,1
DA:9,2
DA:10,2
DA:11,2
DA:12,2
DA:13,0
DA:14,0
DA:15,2
DA:16,2
DA:17,2
LF:17
LH:15
BRDA:9,0,0,2
BRDA:12,1,0,0
BRF:2
BRH:1
end_of_record
TN:
SF:src/BuildInComponents/Components/style/sass.ts
FN:15,createImporter
FN:17,findFileUrl
FN:31,minifyPluginSass
FN:35,sassStyle
FN:39,sassSyntax
FN:43,sassAndSource
FN:52,getSassErrorLine
FN:57,PrintSassError
FN:66,PrintSassErrorTracker
FN:79,compileSass
FNF:10
FNH:7
FNDA:9,createImporter
FNDA:8,findFileUrl
FNDA:9,minifyPluginSass
FNDA:7,sassStyle
FNDA:9,sassSyntax
FNDA:3,sassAndSource
FNDA:0,getSassErrorLine
FNDA:0,PrintSassError
FNDA:0,PrintSassErrorTracker
FNDA:2,compileSass
DA:1,1
DA:2,1
DA:3,1
DA:4,1
DA:5,1
DA:6,1
DA:7,1
DA:8,1
DA:9,1
DA:10,1
DA:11,1
DA:12,1
DA:13,1
DA:14,1
DA:15,1
DA:16,9
DA:17,9
DA:18,8
DA:19,1
DA:20,1
DA:21,1
DA:22,1
DA:23,1
DA:24,7
DA:25,7
DA:26,8
DA:27,9
DA:28,9
DA:29,1
DA:30,1
DA:31,9
DA:32,9
DA:33,9
DA:34,1
DA:35,1
DA:36,7
DA:37,7
DA:38,1
DA:39,1
DA:40,9
DA:41,9
DA:42,1
DA:43,1
DA:44,3
DA:45,3
DA:46,8
DA:47,3
DA:48,3
DA:49,8
DA:50,3
DA:51,1
DA:52,1
DA:53,0
DA:54,0
DA:55,0
DA:56,1
DA:57,1
DA:58,0
DA:59,0
DA:60,0
DA:61,0
DA:62,0
DA:63,0
DA:64,0
DA:65,1
DA:66,1
DA:67,0
DA:68,0
DA:69,0
DA:70,0
DA:71,0
DA:72,0
DA:73,0
DA:74,0
DA:75,0
DA:76,0
DA:77,0
DA:78,1
DA:79,2
DA:80,2
DA:81,2
DA:82,2
DA:83,2
DA:84,2
DA:85,2
DA:86,2
DA:87,2
DA:88,2
DA:89,2
DA:90,2
DA:91,2
DA:92,2
DA:93,2
DA:94,2
DA:95,0
DA:96,0
DA:97,0
DA:98,0
DA:99,0
DA:100,0
DA:101,0
DA:102,2
DA:103,2
DA:104,2
DA:105,3
DA:106,3
DA:107,3
DA:108,2
DA:109,2
DA:110,2
DA:111,2
DA:112,2
LF:112
LH:84
BRDA:15,0,0,9
BRDA:17,1,0,8
BRDA:18,2,0,7
BRDA:18,3,0,1
BRDA:21,4,0,0
BRDA:23,5,0,7
BRDA:31,6,0,9
BRDA:32,7,0,8
BRDA:32,8,0,1
BRDA:35,9,0,7
BRDA:36,10,0,0
BRDA:39,11,0,9
BRDA:40,12,0,8
BRDA:40,13,0,1
BRDA:43,14,0,3
BRDA:44,15,0,0
BRDA:45,16,0,8
BRDA:46,17,0,3
BRDA:57,18,0,0
BRDA:79,19,0,2
BRDA:89,20,0,0
BRDA:93,21,0,0
BRDA:94,22,0,0
BRDA:104,23,0,3
BRF:24
BRH:17
end_of_record
TN:
SF:src/BuildInComponents/Components/style/server.ts
FN:9,BuildCode5
FNF:1
FNH:0
FNDA:0,BuildCode5
DA:1,1
DA:2,1
DA:3,1
DA:4,1
DA:5,1
DA:6,1
DA:7,1
DA:8,1
DA:9,0
DA:10,0
DA:11,0
DA:12,0
DA:13,0
DA:14,0
DA:15,0
DA:16,0
DA:17,0
DA:18,0
DA:19,0
DA:20,0
DA:21,0
DA:22,0
DA:23,0
DA:24,0
DA:25,0
LF:25
LH:8
BRF:0
BRH:0
end_of_record
TN:
SF:src/CompileCode/InsertComponent.ts
FN:41,InsertComponent
FN:47,FindSpecialTagByStart
FN:55,findIndexSearchTag
FN:75,CheckMinHTML
FN:82,CheckMinHTMLText
FN:92,ReBuildTag
FN:115,exportDefaultValues
FN:133,addDefaultValues
FN:143,parseComponentProps
FN:154,buildTagBasic
FN:172,addSpacialAttributes
FN:182,insertTagData
FN:197,ReBuildTag
FN:253,CheckDoubleSpace
FN:277,StartReplace
FN:375,RemoveUnnecessarySpace
FN:379,Insert
FNF:17
FNH:14
FNDA:1,InsertComponent
FNDA:429,FindSpecialTagByStart
FNDA:0,findIndexSearchTag
FNDA:496,CheckMinHTML
FNDA:308,CheckMinHTMLText
FNDA:0,ReBuildTag
FNDA:263,exportDefaultValues
FNDA:135,addDefaultValues
FNDA:135,parseComponentProps
FNDA:135,buildTagBasic
FNDA:132,addSpacialAttributes
FNDA:255,insertTagData
FNDA:0,ReBuildTag
FNDA:751,CheckDoubleSpace
FNDA:241,StartReplace
FNDA:33,RemoveUnnecessarySpace
FNDA:33,Insert
DA:1,1
DA:2,1
DA:3,1
DA:4,1
DA:5,1
DA:6,1
DA:7,1
DA:8,1
DA:9,1
DA:10,1
DA:11,1
DA:12,1
DA:13,1
DA:14,1
DA:15,1
DA:16,1
DA:17,1
DA:18,1
DA:19,1
DA:20,1
DA:21,1
DA:22,1
DA:23,1
DA:24,1
DA:25,1
DA:26,1
DA:27,1
DA:28,1
DA:29,1
DA:30,1
DA:31,1
DA:32,1
DA:33,1
DA:34,1
DA:35,1
DA:36,1
DA:37,1
DA:38,1
DA:39,1
DA:40,1
DA:41,1
DA:42,1
DA:43,1
DA:44,1
DA:45,1
DA:46,1
DA:47,1
DA:48,429
DA:49,858
DA:50,0
DA:51,0
DA:52,858
DA:53,429
DA:54,1
DA:55,1
DA:56,0
DA:57,0
DA:58,0
DA:59,0
DA:60,0
DA:61,0
DA:62,0
DA:63,0
DA:64,0
DA:65,0
DA:66,0
DA:67,0
DA:68,0
DA:69,0
DA:70,0
DA:71,0
DA:72,0
DA:73,0
DA:74,1
DA:75,1
DA:76,496
DA:77,0
DA:78,0
DA:79,496
DA:80,496
DA:81,1
DA:82,1
DA:83,308
DA:84,308
DA:85,308
DA:86,0
DA:87,0
DA:88,0
DA:89,0
DA:90,0
DA:91,0
DA:92,308
DA:93,0
DA:94,0
DA:95,0
DA:96,0
DA:97,0
DA:98,0
DA:99,0
DA:100,0
DA:101,0
DA:102,0
DA:103,0
DA:104,0
DA:105,0
DA:106,0
DA:107,0
DA:108,0
DA:109,0
DA:110,0
DA:111,0
DA:112,0
DA:113,0
DA:114,1
DA:115,1
DA:116,263
DA:117,263
DA:118,263
DA:119,263
DA:120,128
DA:121,128
DA:122,128
DA:123,128
DA:124,128
DA:125,128
DA:126,128
DA:127,128
DA:128,128
DA:129,128
DA:130,128
DA:131,263
DA:132,1
DA:133,1
DA:134,135
DA:135,128
DA:136,128
DA:137,128
DA:138,128
DA:139,135
DA:140,135
DA:141,135
DA:142,1
DA:143,1
DA:144,135
DA:145,135
DA:146,135
DA:147,135
DA:148,135
DA:149,522
DA:150,522
DA:151,522
DA:152,135
DA:153,135
DA:154,135
DA:155,135
DA:156,135
DA:157,135
DA:158,135
DA:159,135
DA:160,135
DA:161,135
DA:162,135
DA:163,135
DA:164,135
DA:165,135
DA:166,135
DA:167,135
DA:168,135
DA:169,135
DA:170,135
DA:171,1
DA:172,1
DA:173,132
DA:174,132
DA:175,132
DA:176,132
DA:177,132
DA:178,132
DA:179,132
DA:180,132
DA:181,132
DA:182,132
DA:183,255
DA:184,255
DA:185,255
DA:186,255
DA:187,255
DA:188,255
DA:189,255
DA:190,255
DA:191,123
DA:192,123
DA:193,123
DA:194,255
DA:195,132
DA:196,132
DA:197,132
DA:198,132
DA:199,132
DA:200,132
DA:201,132
DA:202,0
DA:203,0
DA:204,132
DA:205,132
DA:206,132
DA:207,132
DA:208,132
DA:209,132
DA:210,132
DA:211,132
DA:212,132
DA:213,0
DA:214,0
DA:215,0
DA:216,0
DA:217,0
DA:218,0
DA:219,0
DA:220,0
DA:221,0
DA:222,0
DA:223,0
DA:224,0
DA:225,132
DA:226,132
DA:227,132
DA:228,132
DA:229,132
DA:230,132
DA:231,132
DA:232,132
DA:233,132
DA:234,132
DA:235,132
DA:236,132
DA:237,132
DA:238,132
DA:239,132
DA:240,132
DA:241,132
DA:242,255
DA:243,255
DA:244,135
DA:245,135
DA:246,135
DA:247,135
DA:248,135
DA:249,255
DA:250,255
DA:251,255
DA:252,1
DA:253,1
DA:254,751
DA:255,751
DA:256,751
DA:257,751
DA:258,0
DA:259,0
DA:260,751
DA:261,751
DA:262,751
DA:263,0
DA:264,0
DA:265,751
DA:266,751
DA:267,0
DA:268,0
DA:269,751
DA:270,751
DA:271,751
DA:272,751
DA:273,0
DA:274,0
DA:275,751
DA:276,751
DA:277,751
DA:278,241
DA:279,241
DA:280,241
DA:281,241
DA:282,241
DA:283,241
DA:284,241
DA:285,255
DA:286,255
DA:287,255
DA:288,255
DA:289,255
DA:290,255
DA:291,0
DA:292,0
DA:293,0
DA:294,0
DA:295,0
DA:296,0
DA:297,255
DA:298,255
DA:299,255
DA:300,255
DA:301,255
DA:302,255
DA:303,255
DA:304,255
DA:305,255
DA:306,255
DA:307,255
DA:308,255
DA:309,255
DA:310,255
DA:311,255
DA:312,255
DA:313,134
DA:314,134
DA:315,255
DA:316,255
DA:317,255
DA:318,255
DA:319,134
DA:320,134
DA:321,134
DA:322,134
DA:323,134
DA:324,134
DA:325,134
DA:326,134
DA:327,121
DA:328,121
DA:329,121
DA:330,121
DA:331,255
DA:332,36
DA:333,255
DA:334,85
DA:335,85
DA:336,0
DA:337,0
DA:338,0
DA:339,0
DA:340,0
DA:341,0
DA:342,0
DA:343,85
DA:344,121
DA:345,121
DA:346,255
DA:347,255
DA:348,255
DA:349,255
DA:350,255
DA:351,255
DA:352,255
DA:353,255
DA:354,255
DA:355,255
DA:356,255
DA:357,255
DA:358,241
DA:359,241
DA:360,241
DA:361,241
DA:362,241
DA:363,510
DA:364,510
DA:365,241
DA:366,241
DA:367,241
DA:368,174
DA:369,174
DA:370,241
DA:371,241
DA:372,241
DA:373,241
DA:374,1
DA:375,1
DA:376,33
DA:377,33
DA:378,33
DA:379,33
DA:380,33
DA:381,33
DA:382,33
DA:383,33
DA:384,33
DA:385,33
DA:386,33
DA:387,33
DA:388,33
DA:389,33
DA:390,33
DA:391,33
DA:392,1
LF:392
LH:308
BRDA:41,0,0,1
BRDA:38,1,0,0
BRDA:47,2,0,429
BRDA:48,3,0,858
BRDA:49,4,0,0
BRDA:75,5,0,496
BRDA:76,6,0,0
BRDA:82,7,0,308
BRDA:85,8,0,0
BRDA:115,9,0,263
BRDA:119,10,0,135
BRDA:119,11,0,128
BRDA:123,12,0,128
BRDA:133,13,0,135
BRDA:134,14,0,128
BRDA:143,15,0,135
BRDA:148,16,0,522
BRDA:154,17,0,135
BRDA:161,18,0,132
BRDA:172,19,0,132
BRDA:179,20,0,3
BRDA:182,21,0,255
BRDA:190,22,0,123
BRDA:191,23,0,5
BRDA:194,24,0,132
BRDA:201,25,0,0
BRDA:207,26,0,4
BRDA:207,27,0,128
BRDA:212,28,0,68
BRDA:212,29,0,0
BRDA:226,30,0,94
BRDA:227,31,0,38
BRDA:243,32,0,135
BRDA:243,33,0,0
BRDA:243,34,0,135
BRDA:246,35,0,3
BRDA:246,36,0,132
BRDA:246,37,0,3
BRDA:246,38,0,132
BRDA:247,39,0,132
BRDA:253,40,0,751
BRDA:257,41,0,0
BRDA:262,42,0,0
BRDA:262,43,0,0
BRDA:262,44,0,0
BRDA:266,45,0,0
BRDA:272,46,0,0
BRDA:277,47,0,241
BRDA:284,48,0,255
BRDA:290,49,0,0
BRDA:312,50,0,134
BRDA:318,51,0,134
BRDA:326,52,0,121
BRDA:331,53,0,36
BRDA:333,54,0,85
BRDA:335,55,0,0
BRDA:343,56,0,121
BRDA:349,57,0,121
BRDA:349,58,0,0
BRDA:362,59,0,510
BRDA:367,60,0,174
BRDA:367,61,0,174
BRDA:375,62,0,33
BRDA:379,63,0,33
BRF:64
BRH:48
end_of_record
TN:
SF:src/CompileCode/InsertModels.ts
FN:20,GetPlugin
FN:24,SomePlugins
FN:28,isTs
FN:39,outPage
FN:112,Insert
FNF:5
FNH:5
FNDA:4348,GetPlugin
FNDA:2078,SomePlugins
FNDA:294,isTs
FNDA:123,outPage
FNDA:33,Insert
DA:1,1
DA:2,1
DA:3,1
DA:4,1
DA:5,1
DA:6,1
DA:7,1
DA:8,1
DA:9,1
DA:10,1
DA:11,1
DA:12,1
DA:13,1
DA:14,1
DA:15,1
DA:16,1
DA:17,1
DA:18,1
DA:19,1
DA:20,1
DA:21,4348
DA:22,4348
DA:23,1
DA:24,1
DA:25,2078
DA:26,2078
DA:27,1
DA:28,1
DA:29,294
DA:30,294
DA:31,1
DA:32,1
DA:33,1
DA:34,1
DA:35,1
DA:36,1
DA:37,1
DA:38,1
DA:39,123
DA:40,123
DA:41,123
DA:42,123
DA:43,0
DA:44,0
DA:45,123
DA:46,123
DA:47,123
DA:48,123
DA:49,90
DA:50,90
DA:51,90
DA:52,90
DA:53,90
DA:54,123
DA:55,0
DA:56,0
DA:57,0
DA:58,0
DA:59,0
DA:60,90
DA:61,90
DA:62,90
DA:63,90
DA:64,90
DA:65,90
DA:66,90
DA:67,123
DA:68,123
DA:69,123
DA:70,123
DA:71,123
DA:72,123
DA:73,123
DA:74,0
DA:75,0
DA:76,0
DA:77,90
DA:78,90
DA:79,90
DA:80,90
DA:81,90
DA:82,123
DA:83,0
DA:84,0
DA:85,0
DA:86,90
DA:87,90
DA:88,90
DA:89,90
DA:90,123
DA:91,328
DA:92,328
DA:93,328
DA:94,328
DA:95,328
DA:96,328
DA:97,328
DA:98,91
DA:99,328
DA:100,237
DA:101,237
DA:102,237
DA:103,237
DA:104,237
DA:105,328
DA:106,90
DA:107,90
DA:108,90
DA:109,90
DA:110,90
DA:111,1
DA:112,33
DA:113,33
DA:114,33
DA:115,33
DA:116,33
DA:117,0
DA:118,0
DA:119,33
DA:120,33
DA:121,33
DA:122,33
DA:123,33
DA:124,33
DA:125,33
DA:126,1
DA:127,1
DA:128,32
DA:129,32
DA:130,32
DA:131,32
DA:132,32
DA:133,32
DA:134,32
DA:135,32
DA:136,32
LF:136
LH:121
BRDA:20,0,0,4348
BRDA:24,1,0,2078
BRDA:25,2,0,4138
BRDA:28,3,0,294
BRDA:39,4,0,123
BRDA:42,5,0,0
BRDA:48,6,0,33
BRDA:48,7,0,90
BRDA:54,8,0,0
BRDA:59,9,0,90
BRDA:73,10,0,0
BRDA:76,11,0,90
BRDA:82,12,0,0
BRDA:85,13,0,90
BRDA:90,14,0,328
BRDA:97,15,0,91
BRDA:99,16,0,237
BRDA:102,17,0,205
BRDA:102,18,0,205
BRDA:103,19,0,205
BRDA:105,20,0,90
BRDA:79,21,0,328
BRDA:92,22,0,330
BRDA:112,23,0,33
BRDA:116,24,0,0
BRDA:125,25,0,1
BRDA:127,26,0,32
BRF:27
BRH:22
end_of_record
TN:
SF:src/CompileCode/JSParser.ts
FN:19,JSParser
FN:27,ReplaceValues
FN:31,findEndOfDefGlobal
FN:37,ScriptWithInfo
FN:61,findScripts
FN:96,fixText
FN:100,fixTextSimpleQuotes
FN:104,ReBuildText
FN:122,BuildAll
FN:149,printError
FN:151,RunAndExport
FN:159,split2FromEnd
FN:187,EnableGlobalReplace
FN:189,load
FN:194,ExtractAndSaveCode
FN:218,ParseOutsideOfComment
FN:223,StartBuild
FN:239,RestoreAsCode
FN:243,RestoreCode
FNF:19
FNH:9
FNDA:1484,JSParser
FNDA:0,ReplaceValues
FNDA:0,findEndOfDefGlobal
FNDA:321,ScriptWithInfo
FNDA:1484,findScripts
FNDA:932,fixText
FNDA:132,fixTextSimpleQuotes
FNDA:33,ReBuildText
FNDA:32,BuildAll
FNDA:33,printError
FNDA:32,RunAndExport
FNDA:0,split2FromEnd
FNDA:0,EnableGlobalReplace
FNDA:0,load
FNDA:0,ExtractAndSaveCode
FNDA:0,ParseOutsideOfComment
FNDA:0,StartBuild
FNDA:0,RestoreAsCode
FNDA:0,RestoreCode
DA:1,1
DA:2,1
DA:3,1
DA:4,1
DA:5,1
DA:6,1
DA:7,1
DA:8,1
DA:9,1
DA:10,1
DA:11,1
DA:12,1
DA:13,1
DA:14,1
DA:15,1
DA:16,1
DA:17,1
DA:18,1
DA:19,1
DA:20,1484
DA:21,1484
DA:22,1484
DA:23,1484
DA:24,1484
DA:25,1484
DA:26,1
DA:27,1
DA:28,0
DA:29,0
DA:30,1
DA:31,1
DA:32,0
DA:33,0
DA:34,0
DA:35,0
DA:36,1
DA:37,1
DA:38,321
DA:39,321
DA:40,321
DA:41,321
DA:42,321
DA:43,321
DA:44,321
DA:45,321
DA:46,321
DA:47,358
DA:48,358
DA:49,358
DA:50,343
DA:51,343
DA:52,343
DA:53,358
DA:54,358
DA:55,37
DA:56,37
DA:57,37
DA:58,358
DA:59,321
DA:60,321
DA:61,321
DA:62,1484
DA:63,1484
DA:64,1484
DA:65,1484
DA:66,1484
DA:67,1484
DA:68,3402
DA:69,3402
DA:70,3402
DA:71,3402
DA:72,9
DA:73,9
DA:74,9
DA:75,9
DA:76,0
DA:77,0
DA:78,0
DA:79,0
DA:80,0
DA:81,0
DA:82,0
DA:83,0
DA:84,3402
DA:85,3402
DA:86,3402
DA:87,3402
DA:88,3402
DA:89,3402
DA:90,3402
DA:91,3402
DA:92,3402
DA:93,3402
DA:94,1484
DA:95,1
DA:96,1
DA:97,932
DA:98,932
DA:99,1
DA:100,1
DA:101,132
DA:102,132
DA:103,1
DA:104,1
DA:105,33
DA:106,33
DA:107,1118
DA:108,576
DA:109,327
DA:110,327
DA:111,1118
DA:112,212
DA:113,212
DA:114,542
DA:115,330
DA:116,330
DA:117,1118
DA:118,33
DA:119,33
DA:120,33
DA:121,1
DA:122,1
DA:123,32
DA:124,32
DA:125,32
DA:126,0
DA:127,0
DA:128,32
DA:129,32
DA:130,1086
DA:131,559
DA:132,318
DA:133,318
DA:134,1086
DA:135,527
DA:136,321
DA:137,321
DA:138,321
DA:139,321
DA:140,527
DA:141,206
DA:142,206
DA:143,527
DA:144,1086
DA:145,32
DA:146,32
DA:147,32
DA:148,1
DA:149,1
DA:150,33
DA:151,33
DA:152,32
DA:153,32
DA:154,32
DA:155,32
DA:156,32
DA:157,32
DA:158,1
DA:159,1
DA:160,0
DA:161,0
DA:162,0
DA:163,0
DA:164,0
DA:165,0
DA:166,0
DA:167,0
DA:168,0
DA:169,0
DA:170,0
DA:171,1
DA:172,1
DA:173,1
DA:174,1
DA:175,1
DA:176,1
DA:177,1
DA:178,1
DA:179,1
DA:180,1
DA:181,1
DA:182,1
DA:183,1
DA:184,1
DA:185,1
DA:186,1
DA:187,1
DA:188,0
DA:189,0
DA:190,0
DA:191,0
DA:192,0
DA:193,0
DA:194,0
DA:195,0
DA:196,0
DA:197,0
DA:198,0
DA:199,0
DA:200,0
DA:201,0
DA:202,0
DA:203,0
DA:204,0
DA:205,0
DA:206,0
DA:207,0
DA:208,0
DA:209,0
DA:210,0
DA:211,0
DA:212,0
DA:213,0
DA:214,0
DA:215,0
DA:216,0
DA:217,1
DA:218,1
DA:219,0
DA:220,0
DA:221,0
DA:222,0
DA:223,0
DA:224,0
DA:225,0
DA:226,0
DA:227,0
DA:228,0
DA:229,0
DA:230,0
DA:231,0
DA:232,0
DA:233,0
DA:234,0
DA:235,0
DA:236,0
DA:237,0
DA:238,1
DA:239,1
DA:240,0
DA:241,0
DA:242,1
DA:243,1
DA:244,0
DA:245,0
DA:246,0
DA:247,0
DA:248,0
DA:249,0
DA:250,1
LF:250
LH:167
BRDA:19,0,0,1484
BRDA:37,1,0,321
BRDA:46,2,0,358
BRDA:49,3,0,343
BRDA:54,4,0,37
BRDA:61,5,0,1484
BRDA:67,6,0,3402
BRDA:71,7,0,9
BRDA:75,8,0,0
BRDA:79,9,0,0
BRDA:86,10,0,1083
BRDA:87,11,0,306
BRDA:96,12,0,932
BRDA:100,13,0,132
BRDA:104,14,0,33
BRDA:106,15,0,1118
BRDA:107,16,0,576
BRDA:108,17,0,327
BRDA:111,18,0,542
BRDA:111,19,0,212
BRDA:114,20,0,330
BRDA:122,21,0,32
BRDA:125,22,0,0
BRDA:129,23,0,1086
BRDA:130,24,0,559
BRDA:131,25,0,318
BRDA:134,26,0,527
BRDA:135,27,0,321
BRDA:140,28,0,206
BRDA:149,29,0,33
BRDA:151,30,0,32
BRF:31
BRH:28
end_of_record
TN:
SF:src/CompileCode/ScriptTemplate.ts
FN:9,AddPageTemplate
FN:53,BuildPage
FN:61,AddAfterBuild
FN:68,InPageTemplate
FNF:4
FNH:4
FNDA:32,AddPageTemplate
FNDA:32,BuildPage
FNDA:32,AddAfterBuild
FNDA:1,InPageTemplate
DA:1,1
DA:2,1
DA:3,1
DA:4,1
DA:5,1
DA:6,1
DA:7,1
DA:8,1
DA:9,1
DA:10,32
DA:11,32
DA:12,32
DA:13,32
DA:14,32
DA:15,32
DA:16,32
DA:17,32
DA:18,32
DA:19,32
DA:20,32
DA:21,32
DA:22,32
DA:23,32
DA:24,32
DA:25,32
DA:26,32
DA:27,32
DA:28,32
DA:29,32
DA:30,32
DA:31,32
DA:32,32
DA:33,32
DA:34,32
DA:35,32
DA:36,32
DA:37,32
DA:38,32
DA:39,32
DA:40,32
DA:41,32
DA:42,32
DA:43,32
DA:44,32
DA:45,32
DA:46,32
DA:47,32
DA:48,32
DA:49,32
DA:50,32
DA:51,32
DA:52,32
DA:53,32
DA:54,32
DA:55,32
DA:56,32
DA:57,32
DA:58,32
DA:59,32
DA:60,1
DA:61,1
DA:62,32
DA:63,32
DA:64,32
DA:65,32
DA:66,32
DA:67,1
DA:68,1
DA:69,1
DA:70,1
DA:71,1
DA:72,1
DA:73,1
DA:74,1
DA:75,1
DA:76,1
DA:77,1
DA:78,1
DA:79,1
DA:80,1
DA:81,1
DA:82,1
DA:83,1
LF:83
LH:83
BRDA:9,0,0,32
BRDA:53,1,0,32
BRDA:61,2,0,32
BRDA:68,3,0,1
BRDA:72,4,0,0
BRF:5
BRH:4
end_of_record
TN:
SF:src/CompileCode/Session.ts
FN:68,SessionBuild
FN:72,style
FN:77,script
FN:82,record
FN:85,dependence
FN:97,addScriptStyle
FN:107,addScriptStylePage
FN:112,createName
FN:123,addHeadTags
FN:149,buildHead
FN:154,makeAttributes
FN:165,extends
FN:189,BuildScriptWithPrams
FNF:13
FNH:13
FNDA:39,SessionBuild
FNDA:19,style
FNDA:11,script
FNDA:7,record
FNDA:180,dependence
FNDA:7,addScriptStyle
FNDA:7,addScriptStylePage
FNDA:6,createName
FNDA:32,addHeadTags
FNDA:32,buildHead
FNDA:21,makeAttributes
FNDA:1,extends
FNDA:32,BuildScriptWithPrams
DA:1,1
DA:2,1
DA:3,1
DA:4,1
DA:5,1
DA:6,1
DA:7,1
DA:8,1
DA:9,1
DA:10,1
DA:11,1
DA:12,1
DA:13,1
DA:14,1
DA:15,1
DA:16,1
DA:17,1
DA:18,1
DA:19,1
DA:20,1
DA:21,1
DA:22,1
DA:23,1
DA:24,1
DA:25,1
DA:26,1
DA:27,1
DA:28,1
DA:29,1
DA:30,1
DA:31,1
DA:32,1
DA:33,1
DA:34,1
DA:35,1
DA:36,1
DA:37,1
DA:38,1
DA:39,1
DA:40,1
DA:41,1
DA:42,1
DA:43,1
DA:44,1
DA:45,1
DA:46,1
DA:47,1
DA:48,1
DA:49,1
DA:50,1
DA:51,1
DA:52,1
DA:53,1
DA:54,1
DA:55,1
DA:56,1
DA:57,1
DA:58,1
DA:59,1
DA:60,1
DA:61,1
DA:62,1
DA:63,1
DA:64,1
DA:65,1
DA:66,1
DA:67,1
DA:68,1
DA:69,39
DA:70,39
DA:71,1
DA:72,1
DA:73,19
DA:74,13
DA:75,19
DA:76,1
DA:77,1
DA:78,11
DA:79,8
DA:80,11
DA:81,1
DA:82,1
DA:83,7
DA:84,7
DA:85,7
DA:86,180
DA:87,180
DA:88,180
DA:89,180
DA:90,180
DA:91,180
DA:92,180
DA:93,180
DA:94,180
DA:95,180
DA:96,1
DA:97,1
DA:98,7
DA:99,7
DA:100,6
DA:101,6
DA:102,6
DA:103,7
DA:104,7
DA:105,7
DA:106,1
DA:107,1
DA:108,7
DA:109,7
DA:110,1
DA:111,1
DA:112,1
DA:113,6
DA:114,6
DA:115,6
DA:116,6
DA:117,6
DA:118,16
DA:119,16
DA:120,16
DA:121,6
DA:122,6
DA:123,6
DA:124,32
DA:125,32
DA:126,32
DA:127,32
DA:128,6
DA:129,6
DA:130,6
DA:131,6
DA:132,6
DA:133,2
DA:134,2
DA:135,2
DA:136,2
DA:137,2
DA:138,2
DA:139,2
DA:140,2
DA:141,2
DA:142,2
DA:143,2
DA:144,2
DA:145,6
DA:146,6
DA:147,6
DA:148,6
DA:149,32
DA:150,32
DA:151,32
DA:152,32
DA:153,32
DA:154,32
DA:155,32
DA:156,32
DA:157,32
DA:158,32
DA:159,32
DA:160,32
DA:161,32
DA:162,32
DA:163,32
DA:164,1
DA:165,1
DA:166,1
DA:167,1
DA:168,1
DA:169,1
DA:170,1
DA:171,0
DA:172,0
DA:173,1
DA:174,1
DA:175,1
DA:176,1
DA:177,3
DA:178,3
DA:179,1
DA:180,1
DA:181,1
DA:182,1
DA:183,1
DA:184,1
DA:185,1
DA:186,1
DA:187,1
DA:188,1
DA:189,1
DA:190,32
DA:191,32
DA:192,1
LF:192
LH:190
BRDA:68,0,0,39
BRDA:72,1,0,19
BRDA:73,2,0,6
BRDA:73,3,0,13
BRDA:73,4,0,10
BRDA:73,5,0,6
BRDA:77,6,0,11
BRDA:78,7,0,3
BRDA:78,8,0,8
BRDA:78,9,0,4
BRDA:78,10,0,3
BRDA:82,11,0,7
BRDA:85,12,0,180
BRDA:88,13,0,0
BRDA:97,14,0,7
BRDA:99,15,0,6
BRDA:98,16,0,1
BRDA:107,17,0,7
BRDA:108,18,0,0
BRDA:112,19,0,6
BRDA:117,20,0,16
BRDA:117,21,0,16
BRDA:123,22,0,32
BRDA:127,23,0,6
BRDA:128,24,0,1
BRDA:129,25,0,1
BRDA:129,26,0,5
BRDA:129,27,0,1
BRDA:129,28,0,5
BRDA:132,29,0,2
BRDA:136,30,0,2
BRDA:140,31,0,2
BRDA:130,32,0,6
BRDA:149,33,0,32
BRDA:158,34,0,13
BRDA:160,35,0,8
BRDA:154,36,0,21
BRDA:154,37,0,5
BRDA:154,38,0,16
BRDA:154,39,0,5
BRDA:154,40,0,2
BRDA:154,41,0,3
BRDA:165,42,0,1
BRDA:170,43,0,0
BRDA:176,44,0,3
BRDA:189,45,0,32
BRF:46
BRH:43
end_of_record
TN:
SF:src/CompileCode/BaseReader/Reader.ts
FN:15,findEntOfQ
FN:23,findEndOfDef
FN:39,FindEndOfBlock
FN:48,InsertComponentBase
FN:50,printErrors
FN:59,FindCloseChar
FN:65,FindCloseCharHTML
FN:77,RazorToEJS
FN:81,RazorToEJSMini
FN:86,EJSParser
FNF:10
FNH:8
FNDA:0,findEntOfQ
FNDA:121,findEndOfDef
FNDA:0,FindEndOfBlock
FNDA:1,InsertComponentBase
FNDA:340,printErrors
FNDA:255,FindCloseChar
FNDA:85,FindCloseCharHTML
FNDA:168,RazorToEJS
FNDA:159,RazorToEJSMini
FNDA:1484,EJSParser
DA:1,1
DA:2,1
DA:3,1
DA:4,1
DA:5,1
DA:6,1
DA:7,1
DA:8,1
DA:9,1
DA:10,1
DA:11,1
DA:12,1
DA:13,1
DA:14,1
DA:15,1
DA:16,0
DA:17,0
DA:18,1
DA:19,1
DA:20,1
DA:21,1
DA:22,1
DA:23,1
DA:24,121
DA:25,121
DA:26,121
DA:27,121
DA:28,121
DA:29,121
DA:30,1
DA:31,1
DA:32,1
DA:33,1
DA:34,1
DA:35,1
DA:36,1
DA:37,1
DA:38,1
DA:39,1
DA:40,0
DA:41,0
DA:42,1
DA:43,1
DA:44,1
DA:45,1
DA:46,1
DA:47,1
DA:48,1
DA:49,1
DA:50,1
DA:51,340
DA:52,0
DA:53,0
DA:54,0
DA:55,0
DA:56,0
DA:57,0
DA:58,0
DA:59,340
DA:60,255
DA:61,255
DA:62,255
DA:63,255
DA:64,255
DA:65,255
DA:66,85
DA:67,85
DA:68,85
DA:69,85
DA:70,85
DA:71,85
DA:72,85
DA:73,1
DA:74,1
DA:75,1
DA:76,1
DA:77,168
DA:78,168
DA:79,168
DA:80,1
DA:81,159
DA:82,159
DA:83,159
DA:84,1
DA:85,1
DA:86,1484
DA:87,1484
DA:88,1484
LF:88
LH:77
BRDA:23,0,0,121
BRDA:48,1,0,1
BRDA:50,2,0,340
BRDA:51,3,0,0
BRDA:59,4,0,255
BRDA:65,5,0,85
BRDA:77,6,0,168
BRDA:81,7,0,159
BRDA:86,8,0,1484
BRF:9
BRH:8
end_of_record
TN:
SF:src/CompileCode/CompileScript/Compile.ts
FN:17,CRunTime
FN:21,templateScript
FN:39,methods
FN:56,rebuildCode
FN:69,compile
FN:85,resolve2
FN:100,execute
FNF:7
FNH:7
FNDA:255,CRunTime
FNDA:9,templateScript
FNDA:105,methods
FNDA:9,rebuildCode
FNDA:255,compile
FNDA:96,resolve2
FNDA:9,execute
DA:1,1
DA:2,1
DA:3,1
DA:4,1
DA:5,1
DA:6,1
DA:7,1
DA:8,1
DA:9,1
DA:10,1
DA:11,1
DA:12,1
DA:13,1
DA:14,1
DA:15,1
DA:16,1
DA:17,1
DA:18,255
DA:19,255
DA:20,1
DA:21,1
DA:22,9
DA:23,9
DA:24,9
DA:25,9
DA:26,9
DA:27,9
DA:28,9
DA:29,9
DA:30,9
DA:31,12
DA:32,12
DA:33,12
DA:34,9
DA:35,9
DA:36,9
DA:37,9
DA:38,1
DA:39,1
DA:40,105
DA:41,105
DA:42,105
DA:43,105
DA:44,105
DA:45,105
DA:46,105
DA:47,105
DA:48,105
DA:49,105
DA:50,105
DA:51,105
DA:52,105
DA:53,105
DA:54,105
DA:55,1
DA:56,1
DA:57,9
DA:58,9
DA:59,9
DA:60,33
DA:61,21
DA:62,21
DA:63,21
DA:64,12
DA:65,12
DA:66,12
DA:67,9
DA:68,9
DA:69,9
DA:70,255
DA:71,255
DA:72,255
DA:73,255
DA:74,255
DA:75,255
DA:76,159
DA:77,159
DA:78,159
DA:79,159
DA:80,159
DA:81,159
DA:82,159
DA:83,159
DA:84,255
DA:85,150
DA:86,150
DA:87,150
DA:88,150
DA:89,150
DA:90,9
DA:91,255
DA:92,255
DA:93,255
DA:94,9
DA:95,9
DA:96,9
DA:97,9
DA:98,9
DA:99,9
DA:100,9
DA:101,9
DA:102,9
DA:103,9
DA:104,0
DA:105,0
DA:106,0
DA:107,0
DA:108,0
DA:109,0
DA:110,0
DA:111,9
DA:112,9
DA:113,9
DA:114,9
DA:115,9
DA:116,9
DA:117,255
DA:118,1
LF:118
LH:111
BRDA:17,0,0,255
BRDA:21,1,0,9
BRDA:30,2,0,12
BRDA:39,3,0,105
BRDA:51,4,0,7
BRDA:46,5,0,1
BRDA:56,6,0,9
BRDA:59,7,0,33
BRDA:60,8,0,21
BRDA:63,9,0,12
BRDA:69,10,0,255
BRDA:75,11,0,96
BRDA:75,12,0,159
BRDA:84,13,0,150
BRDA:84,14,0,150
BRDA:89,15,0,9
BRDA:91,16,0,0
BRDA:93,17,0,9
BRDA:77,18,0,159
BRDA:85,19,0,96
BRDA:95,20,0,33
BRDA:95,21,0,12
BRDA:100,22,0,9
BRDA:103,23,0,0
BRF:24
BRH:22
end_of_record
TN:
SF:src/CompileCode/CompileScript/PageBase.ts
FN:18,PageBaseParser
FN:37,ParseBasePage
FN:40,nonDynamic
FN:64,loadSettings
FN:80,parseBase
FN:97,rebuild
FN:110,rebuildBaseInheritance
FN:128,get
FN:132,pop
FN:136,popAny
FN:151,byValue
FN:155,replaceValue
FN:160,defaultValuePopAny
FN:163,loadCodeFile
FN:220,loadSetting
FN:251,loadDefine
FNF:16
FNH:15
FNDA:345,PageBaseParser
FNDA:345,ParseBasePage
FNDA:255,nonDynamic
FNDA:255,loadSettings
FNDA:345,parseBase
FNDA:90,rebuild
FNDA:90,rebuildBaseInheritance
FNDA:237,get
FNDA:29,pop
FNDA:417,popAny
FNDA:90,byValue
FNDA:0,replaceValue
FNDA:416,defaultValuePopAny
FNDA:255,loadCodeFile
FNDA:255,loadSetting
FNDA:255,loadDefine
DA:1,1
DA:2,1
DA:3,1
DA:4,1
DA:5,1
DA:6,1
DA:7,1
DA:8,1
DA:9,1
DA:10,1
DA:11,1
DA:12,1
DA:13,1
DA:14,1
DA:15,1
DA:16,1
DA:17,1
DA:18,345
DA:19,345
DA:20,345
DA:21,345
DA:22,345
DA:23,345
DA:24,345
DA:25,345
DA:26,345
DA:27,345
DA:28,345
DA:29,345
DA:30,345
DA:31,1
DA:32,1
DA:33,1
DA:34,1
DA:35,1
DA:36,1
DA:37,1
DA:38,345
DA:39,1
DA:40,1
DA:41,255
DA:42,1
DA:43,1
DA:44,1
DA:45,0
DA:46,0
DA:47,0
DA:48,0
DA:49,0
DA:50,0
DA:51,0
DA:52,0
DA:53,0
DA:54,0
DA:55,0
DA:56,0
DA:57,0
DA:58,0
DA:59,0
DA:60,0
DA:61,0
DA:62,0
DA:63,0
DA:64,255
DA:65,255
DA:66,255
DA:67,255
DA:68,255
DA:69,255
DA:70,255
DA:71,255
DA:72,0
DA:73,0
DA:74,255
DA:75,255
DA:76,255
DA:77,255
DA:78,255
DA:79,255
DA:80,255
DA:81,345
DA:82,345
DA:83,345
DA:84,345
DA:85,345
DA:86,133
DA:87,133
DA:88,133
DA:89,212
DA:90,345
DA:91,510
DA:92,510
DA:93,212
DA:94,212
DA:95,345
DA:96,1
DA:97,1
DA:98,90
DA:99,90
DA:100,90
DA:101,90
DA:102,206
DA:103,206
DA:104,206
DA:105,0
DA:106,0
DA:107,206
DA:108,90
DA:109,90
DA:110,90
DA:111,90
DA:112,90
DA:113,90
DA:114,90
DA:115,90
DA:116,90
DA:117,90
DA:118,61
DA:119,29
DA:120,29
DA:121,29
DA:122,90
DA:123,90
DA:124,90
DA:125,90
DA:126,90
DA:127,1
DA:128,1
DA:129,237
DA:130,237
DA:131,1
DA:132,1
DA:133,29
DA:134,29
DA:135,1
DA:136,1
DA:137,417
DA:138,417
DA:139,417
DA:140,417
DA:141,289
DA:142,289
DA:143,289
DA:144,289
DA:145,1
DA:146,1
DA:147,1
DA:148,1
DA:149,417
DA:150,1
DA:151,1
DA:152,90
DA:153,90
DA:154,1
DA:155,1
DA:156,0
DA:157,0
DA:158,0
DA:159,1
DA:160,1
DA:161,416
DA:162,416
DA:163,416
DA:164,255
DA:165,255
DA:166,255
DA:167,255
DA:168,38
DA:169,38
DA:170,38
DA:171,38
DA:172,38
DA:173,38
DA:174,38
DA:175,38
DA:176,38
DA:177,38
DA:178,38
DA:179,38
DA:180,38
DA:181,38
DA:182,38
DA:183,38
DA:184,38
DA:185,255
DA:186,38
DA:187,38
DA:188,38
DA:189,38
DA:190,38
DA:191,38
DA:192,38
DA:193,38
DA:194,38
DA:195,38
DA:196,38
DA:197,255
DA:198,0
DA:199,0
DA:200,0
DA:201,0
DA:202,0
DA:203,0
DA:204,0
DA:205,0
DA:206,0
DA:207,0
DA:208,0
DA:209,0
DA:210,0
DA:211,0
DA:212,0
DA:213,0
DA:214,0
DA:215,0
DA:216,0
DA:217,0
DA:218,255
DA:219,1
DA:220,1
DA:221,255
DA:222,255
DA:223,0
DA:224,0
DA:225,0
DA:226,0
DA:227,0
DA:228,0
DA:229,0
DA:230,0
DA:231,0
DA:232,0
DA:233,0
DA:234,0
DA:235,0
DA:236,0
DA:237,0
DA:238,0
DA:239,0
DA:240,0
DA:241,0
DA:242,0
DA:243,0
DA:244,0
DA:245,0
DA:246,0
DA:247,0
DA:248,0
DA:249,255
DA:250,1
DA:251,1
DA:252,255
DA:253,255
DA:254,255
DA:255,255
DA:256,0
DA:257,0
DA:258,0
DA:259,255
DA:260,255
DA:261,255
DA:262,255
DA:263,511
DA:264,511
DA:265,255
DA:266,1
LF:266
LH:191
BRDA:18,0,0,345
BRDA:37,1,0,345
BRDA:40,2,0,255
BRDA:41,3,0,254
BRDA:41,4,0,1
BRDA:44,5,0,0
BRDA:64,6,0,255
BRDA:71,7,0,0
BRDA:80,8,0,345
BRDA:85,9,0,133
BRDA:88,10,0,212
BRDA:90,11,0,510
BRDA:91,12,0,2
BRDA:91,13,0,508
BRDA:92,14,0,212
BRDA:97,15,0,90
BRDA:98,16,0,0
BRDA:101,17,0,206
BRDA:104,18,0,0
BRDA:110,19,0,90
BRDA:117,20,0,61
BRDA:118,21,0,32
BRDA:118,22,0,29
BRDA:128,23,0,237
BRDA:129,24,0,205
BRDA:129,25,0,381
BRDA:132,26,0,29
BRDA:133,27,0,116
BRDA:136,28,0,417
BRDA:140,29,0,128
BRDA:140,30,0,289
BRDA:144,31,0,288
BRDA:144,32,0,1
BRDA:137,33,0,373
BRDA:151,34,0,90
BRDA:152,35,0,235
BRDA:152,36,0,61
BRDA:160,37,0,416
BRDA:162,38,0,1
BRDA:162,39,0,415
BRDA:162,40,0,127
BRDA:163,41,0,255
BRDA:167,42,0,217
BRDA:167,43,0,38
BRDA:178,44,0,0
BRDA:180,45,0,0
BRDA:181,46,0,0
BRDA:181,47,0,0
BRDA:185,48,0,0
BRDA:185,49,0,38
BRDA:197,50,0,0
BRDA:220,51,0,255
BRDA:222,52,0,0
BRDA:251,53,0,255
BRDA:255,54,0,0
BRDA:262,55,0,511
BRF:56
BRH:44
end_of_record
TN:
SF:src/CompileCode/XMLHelpers/CodeInfoAndDebug.ts
FN:9,ParseTextCode
FN:25,ParseScriptCode
FN:41,ParseDebugLine
FN:58,ParseDebugInfo
FN:62,AddDebugInfo
FN:72,CreateFilePathOnePath
FN:103,CreateFilePath
FNF:7
FNH:7
FNDA:576,ParseTextCode
FNDA:677,ParseScriptCode
FNDA:33,ParseDebugLine
FNDA:135,ParseDebugInfo
FNDA:260,AddDebugInfo
FNDA:448,CreateFilePathOnePath
FNDA:224,CreateFilePath
DA:1,1
DA:2,1
DA:3,1
DA:4,1
DA:5,1
DA:6,1
DA:7,1
DA:8,1
DA:9,576
DA:10,576
DA:11,576
DA:12,576
DA:13,576
DA:14,576
DA:15,327
DA:16,327
DA:17,327
DA:18,0
DA:19,0
DA:20,327
DA:21,576
DA:22,576
DA:23,576
DA:24,1
DA:25,677
DA:26,677
DA:27,677
DA:28,677
DA:29,677
DA:30,677
DA:31,677
DA:32,677
DA:33,677
DA:34,677
DA:35,0
DA:36,0
DA:37,677
DA:38,677
DA:39,677
DA:40,1
DA:41,33
DA:42,33
DA:43,33
DA:44,33
DA:45,33
DA:46,1118
DA:47,576
DA:48,1118
DA:49,542
DA:50,542
DA:51,1118
DA:52,33
DA:53,33
DA:54,33
DA:55,33
DA:56,33
DA:57,1
DA:58,135
DA:59,135
DA:60,135
DA:61,1
DA:62,260
DA:63,260
DA:64,260
DA:65,260
DA:66,260
DA:67,260
DA:68,260
DA:69,260
DA:70,260
DA:71,1
DA:72,1
DA:73,448
DA:74,448
DA:75,448
DA:76,448
DA:77,448
DA:78,0
DA:79,0
DA:80,0
DA:81,448
DA:82,448
DA:83,70
DA:84,18
DA:85,18
DA:86,70
DA:87,448
DA:88,0
DA:89,378
DA:90,378
DA:91,378
DA:92,448
DA:93,448
DA:94,448
DA:95,1
DA:96,1
DA:97,1
DA:98,1
DA:99,1
DA:100,1
DA:101,1
DA:102,1
DA:103,224
DA:104,224
DA:105,224
DA:106,224
DA:107,224
DA:108,224
DA:109,1
DA:110,1
DA:111,1
DA:112,1
DA:113,1
DA:114,1
LF:114
LH:106
BRDA:9,0,0,576
BRDA:14,1,0,327
BRDA:17,2,0,0
BRDA:25,3,0,677
BRDA:34,4,0,0
BRDA:41,5,0,33
BRDA:45,6,0,1118
BRDA:46,7,0,576
BRDA:48,8,0,542
BRDA:58,9,0,135
BRDA:62,10,0,260
BRDA:64,11,0,258
BRDA:67,12,0,132
BRDA:67,13,0,128
BRDA:72,14,0,448
BRDA:77,15,0,0
BRDA:82,16,0,70
BRDA:83,17,0,18
BRDA:87,18,0,378
BRDA:87,19,0,0
BRDA:90,20,0,189
BRDA:90,21,0,189
BRDA:103,22,0,224
BRF:23
BRH:19
end_of_record
TN:
SF:src/CompileCode/XMLHelpers/Extricate.ts
FN:3,unicodeMe
FN:11,searchForCutMain
FN:21,outTagName
FN:54,searchForCut
FN:108,findStart
FN:112,findEnd
FNF:6
FNH:6
FNDA:707,unicodeMe
FNDA:469,searchForCutMain
FNDA:420,outTagName
FNDA:889,searchForCut
FNDA:451,findStart
FNDA:92,findEnd
DA:1,1
DA:2,1
DA:3,707
DA:4,707
DA:5,707
DA:6,707
DA:7,707
DA:8,707
DA:9,707
DA:10,1
DA:11,469
DA:12,469
DA:13,469
DA:14,707
DA:15,707
DA:16,469
DA:17,469
DA:18,469
DA:19,469
DA:20,1
DA:21,420
DA:22,420
DA:23,420
DA:24,420
DA:25,485
DA:26,485
DA:27,420
DA:28,420
DA:29,1
DA:30,1
DA:31,1
DA:32,1
DA:33,1
DA:34,1
DA:35,1
DA:36,1
DA:37,1
DA:38,1
DA:39,1
DA:40,1
DA:41,1
DA:42,1
DA:43,1
DA:44,1
DA:45,1
DA:46,1
DA:47,1
DA:48,1
DA:49,1
DA:50,1
DA:51,1
DA:52,1
DA:53,1
DA:54,889
DA:55,889
DA:56,889
DA:57,889
DA:58,469
DA:59,469
DA:60,469
DA:61,469
DA:62,420
DA:63,420
DA:64,420
DA:65,420
DA:66,420
DA:67,420
DA:68,420
DA:69,420
DA:70,420
DA:71,420
DA:72,420
DA:73,889
DA:74,92
DA:75,92
DA:76,31
DA:77,31
DA:78,31
DA:79,31
DA:80,61
DA:81,61
DA:82,61
DA:83,61
DA:84,61
DA:85,61
DA:86,0
DA:87,0
DA:88,0
DA:89,0
DA:90,61
DA:91,92
DA:92,420
DA:93,420
DA:94,420
DA:95,420
DA:96,420
DA:97,420
DA:98,420
DA:99,889
DA:100,0
DA:101,0
DA:102,0
DA:103,0
DA:104,420
DA:105,420
DA:106,420
DA:107,1
DA:108,451
DA:109,451
DA:110,451
DA:111,1
DA:112,92
DA:113,92
DA:114,92
DA:115,92
DA:116,92
DA:117,92
DA:118,92
DA:119,61
DA:120,61
DA:121,31
DA:122,92
DA:123,0
DA:124,0
DA:125,0
DA:126,0
DA:127,31
DA:128,31
DA:129,31
DA:130,92
DA:131,1
DA:132,1
DA:133,1
DA:134,1
DA:135,1
LF:135
LH:123
BRDA:3,0,0,707
BRDA:11,1,0,469
BRDA:13,2,0,707
BRDA:17,3,0,90
BRDA:17,4,0,379
BRDA:21,5,0,420
BRDA:24,6,0,809
BRDA:24,7,0,485
BRDA:54,8,0,889
BRDA:57,9,0,469
BRDA:61,10,0,420
BRDA:73,11,0,92
BRDA:75,12,0,31
BRDA:79,13,0,61
BRDA:85,14,0,0
BRDA:91,15,0,420
BRDA:99,16,0,0
BRDA:103,17,0,420
BRDA:108,18,0,451
BRDA:112,19,0,92
BRDA:118,20,0,61
BRDA:120,21,0,31
BRDA:122,22,0,0
BRDA:126,23,0,31
BRF:24
BRH:21
end_of_record
TN:
SF:src/CompileCode/XMLHelpers/TagDataParser.ts
FN:4,HTMLAttrParser
FN:24,TagDataParser
FN:26,parser
FN:36,popItem
FN:42,popTracker
FN:46,popHaveDefaultTracker
FN:51,popAnyTracker
FN:56,popString
FN:61,popBoolean
FN:65,exists
FN:69,popHaveDefault
FN:74,popAnyDefault
FN:79,addClass
FN:90,rebuildSpace
FN:106,pushValue
FN:113,map
FNF:16
FNH:13
FNDA:255,HTMLAttrParser
FNDA:255,TagDataParser
FNDA:255,parser
FNDA:340,popItem
FNDA:0,popTracker
FNDA:0,popHaveDefaultTracker
FNDA:0,popAnyTracker
FNDA:340,popString
FNDA:77,popBoolean
FNDA:34,exists
FNDA:145,popHaveDefault
FNDA:99,popAnyDefault
FNDA:10,addClass
FNDA:108,rebuildSpace
FNDA:275,pushValue
FNDA:132,map
DA:1,1
DA:2,1
DA:3,1
DA:4,255
DA:5,255
DA:6,255
DA:7,255
DA:8,255
DA:9,255
DA:10,255
DA:11,255
DA:12,255
DA:13,255
DA:14,255
DA:15,1
DA:16,1
DA:17,1
DA:18,1
DA:19,1
DA:20,1
DA:21,1
DA:22,1
DA:23,1
DA:24,1
DA:25,255
DA:26,255
DA:27,255
DA:28,255
DA:29,255
DA:30,255
DA:31,255
DA:32,406
DA:33,406
DA:34,255
DA:35,1
DA:36,1
DA:37,340
DA:38,340
DA:39,340
DA:40,340
DA:41,1
DA:42,1
DA:43,0
DA:44,0
DA:45,1
DA:46,1
DA:47,0
DA:48,0
DA:49,0
DA:50,1
DA:51,1
DA:52,0
DA:53,0
DA:54,0
DA:55,1
DA:56,1
DA:57,340
DA:58,340
DA:59,340
DA:60,1
DA:61,1
DA:62,77
DA:63,77
DA:64,1
DA:65,1
DA:66,34
DA:67,34
DA:68,1
DA:69,1
DA:70,145
DA:71,145
DA:72,145
DA:73,1
DA:74,1
DA:75,99
DA:76,99
DA:77,99
DA:78,1
DA:79,1
DA:80,10
DA:81,10
DA:82,10
DA:83,10
DA:84,0
DA:85,10
DA:86,10
DA:87,10
DA:88,10
DA:89,1
DA:90,1
DA:91,108
DA:92,108
DA:93,108
DA:94,140
DA:95,140
DA:96,140
DA:97,0
DA:98,140
DA:99,140
DA:100,140
DA:101,140
DA:102,108
DA:103,108
DA:104,108
DA:105,1
DA:106,1
DA:107,275
DA:108,275
DA:109,275
DA:110,275
DA:111,275
DA:112,1
DA:113,1
DA:114,132
DA:115,132
DA:116,132
DA:117,522
DA:118,522
DA:119,132
DA:120,132
DA:121,132
DA:122,1
LF:122
LH:112
BRDA:4,0,0,255
BRDA:24,1,0,255
BRDA:26,2,0,255
BRDA:31,3,0,406
BRDA:32,4,0,5
BRDA:32,5,0,401
BRDA:36,6,0,340
BRDA:39,7,0,321
BRDA:39,8,0,19
BRDA:38,9,0,346
BRDA:56,10,0,340
BRDA:57,11,0,19
BRDA:58,12,0,15
BRDA:58,13,0,325
BRDA:61,14,0,77
BRDA:62,15,0,76
BRDA:65,16,0,34
BRDA:66,17,0,32
BRDA:69,18,0,145
BRDA:71,19,0,3
BRDA:71,20,0,142
BRDA:74,21,0,99
BRDA:76,22,0,7
BRDA:76,23,0,92
BRDA:79,24,0,10
BRDA:81,25,0,0
BRDA:82,26,0,0
BRDA:83,27,0,0
BRDA:83,28,0,0
BRDA:90,29,0,108
BRDA:93,30,0,140
BRDA:96,31,0,0
BRDA:106,32,0,275
BRDA:108,33,0,0
BRDA:107,34,0,648
BRDA:113,35,0,132
BRDA:116,36,0,522
BRDA:117,37,0,1
BRDA:117,38,0,521
BRF:39
BRH:33
end_of_record
TN:
SF:src/CompileCode/transform/EasyScript.ts
FN:14,ParseTextStream
FN:18,EndOfDefSkipBlock
FN:22,EndOfBlock
FN:27,ReplaceAll
FN:41,ReBuildCodeBasic
FN:46,BuildCode
FN:66,ReBuildCodeString
FN:70,get CodeBuildText
FN:74,set CodeBuildText
FN:78,get AllInputs
FN:84,CreateDataCode
FN:100,BuildCode
FNF:12
FNH:10
FNDA:49,ParseTextStream
FNDA:6,EndOfDefSkipBlock
FNDA:0,EndOfBlock
FNDA:49,ReplaceAll
FNDA:49,ReBuildCodeBasic
FNDA:0,BuildCode
FNDA:49,ReBuildCodeString
FNDA:490,get CodeBuildText
FNDA:490,set CodeBuildText
FNDA:1,get AllInputs
FNDA:49,CreateDataCode
FNDA:49,BuildCode
DA:1,1
DA:2,1
DA:3,1
DA:4,1
DA:5,1
DA:6,1
DA:7,1
DA:8,1
DA:9,1
DA:10,1
DA:11,1
DA:12,1
DA:13,1
DA:14,49
DA:15,49
DA:16,49
DA:17,1
DA:18,6
DA:19,6
DA:20,6
DA:21,1
DA:22,0
DA:23,0
DA:24,0
DA:25,1
DA:26,1
DA:27,1
DA:28,49
DA:29,49
DA:30,49
DA:31,49
DA:32,49
DA:33,49
DA:34,49
DA:35,1
DA:36,1
DA:37,1
DA:38,1
DA:39,1
DA:40,1
DA:41,1
DA:42,49
DA:43,49
DA:44,49
DA:45,1
DA:46,1
DA:47,0
DA:48,0
DA:49,0
DA:50,0
DA:51,0
DA:52,0
DA:53,0
DA:54,0
DA:55,1
DA:56,1
DA:57,1
DA:58,1
DA:59,1
DA:60,1
DA:61,1
DA:62,1
DA:63,1
DA:64,1
DA:65,1
DA:66,1
DA:67,49
DA:68,49
DA:69,49
DA:70,49
DA:71,490
DA:72,490
DA:73,490
DA:74,490
DA:75,490
DA:76,490
DA:77,490
DA:78,490
DA:79,1
DA:80,1
DA:81,1
DA:82,1
DA:83,1
DA:84,1
DA:85,49
DA:86,3888
DA:87,1920
DA:88,1920
DA:89,3888
DA:90,1968
DA:91,1968
DA:92,3888
DA:93,49
DA:94,1
DA:95,1
DA:96,1
DA:97,1
DA:98,1
DA:99,1
DA:100,1
DA:101,49
DA:102,1920
DA:103,49
DA:104,49
DA:105,49
DA:106,49
DA:107,1
LF:107
LH:96
BRDA:14,0,0,49
BRDA:18,1,0,6
BRDA:27,2,0,49
BRDA:41,3,0,49
BRDA:66,4,0,49
BRDA:70,5,0,490
BRDA:74,6,0,490
BRDA:78,7,0,1
BRDA:84,8,0,49
BRDA:85,9,0,3888
BRDA:86,10,0,1920
BRDA:87,11,0,0
BRDA:89,12,0,1968
BRDA:100,13,0,49
BRDA:101,14,0,1920
BRF:15
BRH:14
end_of_record
TN:
SF:src/CompileCode/transform/EasySyntax.ts
FN:5,load
FN:16,actionStringImport
FN:20,actionStringExport
FN:24,actionStringImportAll
FN:28,actionStringExportAll
FN:32,BuildImportType
FN:37,Rematch
FN:97,BuildInOneWord
FN:102,Rematch
FN:123,replaceWithSpace
FN:127,Define
FN:135,BuildInAsFunction
FN:139,exportVariable
FN:145,Rematch
FN:170,exportBlock
FN:176,Rematch
FN:224,BuildImports
FN:244,BuiltString
FN:246,BuildAndExportImports
FNF:19
FNH:17
FNDA:49,load
FNDA:11,actionStringImport
FNDA:0,actionStringExport
FNDA:4,actionStringImportAll
FNDA:0,actionStringExportAll
FNDA:147,BuildImportType
FNDA:158,Rematch
FNDA:147,BuildInOneWord
FNDA:151,Rematch
FNDA:98,replaceWithSpace
FNDA:49,Define
FNDA:49,BuildInAsFunction
FNDA:49,exportVariable
FNDA:49,Rematch
FNDA:49,exportBlock
FNDA:57,Rematch
FNDA:49,BuildImports
FNDA:49,BuiltString
FNDA:49,BuildAndExportImports
DA:1,1
DA:2,1
DA:3,1
DA:4,1
DA:5,1
DA:6,49
DA:7,49
DA:8,49
DA:9,49
DA:10,49
DA:11,49
DA:12,49
DA:13,49
DA:14,49
DA:15,1
DA:16,1
DA:17,11
DA:18,11
DA:19,1
DA:20,1
DA:21,0
DA:22,0
DA:23,1
DA:24,1
DA:25,4
DA:26,4
DA:27,1
DA:28,1
DA:29,0
DA:30,0
DA:31,1
DA:32,1
DA:33,147
DA:34,147
DA:35,147
DA:36,147
DA:37,147
DA:38,158
DA:39,158
DA:40,147
DA:41,147
DA:42,147
DA:43,147
DA:44,11
DA:45,11
DA:46,11
DA:47,11
DA:48,11
DA:49,11
DA:50,11
DA:51,2
DA:52,11
DA:53,9
DA:54,9
DA:55,9
DA:56,8
DA:57,8
DA:58,8
DA:59,8
DA:60,9
DA:61,1
DA:62,1
DA:63,9
DA:64,9
DA:65,9
DA:66,9
DA:67,9
DA:68,8
DA:69,9
DA:70,1
DA:71,1
DA:72,1
DA:73,1
DA:74,1
DA:75,1
DA:76,1
DA:77,9
DA:78,0
DA:79,0
DA:80,0
DA:81,0
DA:82,0
DA:83,9
DA:84,9
DA:85,9
DA:86,11
DA:87,11
DA:88,11
DA:89,11
DA:90,11
DA:91,147
DA:92,147
DA:93,147
DA:94,147
DA:95,147
DA:96,1
DA:97,1
DA:98,147
DA:99,147
DA:100,147
DA:101,147
DA:102,147
DA:103,151
DA:104,151
DA:105,147
DA:106,147
DA:107,147
DA:108,147
DA:109,4
DA:110,4
DA:111,4
DA:112,4
DA:113,4
DA:114,4
DA:115,4
DA:116,4
DA:117,147
DA:118,147
DA:119,147
DA:120,147
DA:121,147
DA:122,1
DA:123,1
DA:124,98
DA:125,98
DA:126,1
DA:127,1
DA:128,49
DA:129,49
DA:130,0
DA:131,49
DA:132,49
DA:133,49
DA:134,1
DA:135,1
DA:136,49
DA:137,0
DA:138,49
DA:139,49
DA:140,49
DA:141,49
DA:142,49
DA:143,49
DA:144,49
DA:145,49
DA:146,49
DA:147,49
DA:148,49
DA:149,49
DA:150,49
DA:151,49
DA:152,0
DA:153,0
DA:154,0
DA:155,0
DA:156,0
DA:157,0
DA:158,0
DA:159,0
DA:160,0
DA:161,0
DA:162,0
DA:163,0
DA:164,0
DA:165,0
DA:166,0
DA:167,0
DA:168,49
DA:169,49
DA:170,49
DA:171,49
DA:172,49
DA:173,49
DA:174,49
DA:175,49
DA:176,49
DA:177,57
DA:178,57
DA:179,49
DA:180,49
DA:181,49
DA:182,49
DA:183,8
DA:184,8
DA:185,8
DA:186,8
DA:187,8
DA:188,2
DA:189,2
DA:190,2
DA:191,2
DA:192,2
DA:193,0
DA:194,0
DA:195,0
DA:196,0
DA:197,8
DA:198,6
DA:199,6
DA:200,6
DA:201,6
DA:202,6
DA:203,4
DA:204,4
DA:205,6
DA:206,6
DA:207,6
DA:208,6
DA:209,6
DA:210,5
DA:211,5
DA:212,5
DA:213,6
DA:214,1
DA:215,1
DA:216,0
DA:217,0
DA:218,6
DA:219,8
DA:220,8
DA:221,8
DA:222,49
DA:223,49
DA:224,49
DA:225,49
DA:226,49
DA:227,49
DA:228,49
DA:229,49
DA:230,49
DA:231,49
DA:232,49
DA:233,49
DA:234,49
DA:235,49
DA:236,49
DA:237,49
DA:238,49
DA:239,49
DA:240,49
DA:241,49
DA:242,49
DA:243,1
DA:244,1
DA:245,49
DA:246,49
DA:247,49
DA:248,49
DA:249,49
DA:250,49
DA:251,49
DA:252,49
DA:253,49
DA:254,49
DA:255,49
DA:256,1
LF:256
LH:223
BRDA:5,0,0,49
BRDA:16,1,0,11
BRDA:24,2,0,4
BRDA:32,3,0,147
BRDA:43,4,0,11
BRDA:50,5,0,2
BRDA:52,6,0,9
BRDA:55,7,0,8
BRDA:59,8,0,0
BRDA:60,9,0,1
BRDA:67,10,0,8
BRDA:69,11,0,1
BRDA:73,12,0,0
BRDA:77,13,0,0
BRDA:37,14,0,158
BRDA:64,15,0,17
BRDA:64,16,0,17
BRDA:97,17,0,147
BRDA:108,18,0,4
BRDA:102,19,0,151
BRDA:123,20,0,98
BRDA:127,21,0,49
BRDA:129,22,0,49
BRDA:135,23,0,49
BRDA:136,24,0,49
BRDA:139,25,0,49
BRDA:151,26,0,0
BRDA:145,27,0,49
BRDA:170,28,0,49
BRDA:182,29,0,8
BRDA:184,30,0,5
BRDA:187,31,0,2
BRDA:192,32,0,0
BRDA:197,33,0,6
BRDA:202,34,0,4
BRDA:209,35,0,5
BRDA:209,36,0,5
BRDA:212,37,0,0
BRDA:213,38,0,1
BRDA:215,39,0,0
BRDA:176,40,0,57
BRDA:224,41,0,49
BRDA:244,42,0,49
BRDA:246,43,0,49
BRF:44
BRH:37
end_of_record
TN:
SF:src/CompileCode/transform/Script.ts
FN:13,ErrorTemplate
FN:24,BuildScript
FNF:2
FNH:2
FNDA:1,ErrorTemplate
FNDA:32,BuildScript
DA:1,1
DA:2,1
DA:3,1
DA:4,1
DA:5,1
DA:6,1
DA:7,1
DA:8,1
DA:9,1
DA:10,1
DA:11,1
DA:12,1
DA:13,1
DA:14,1
DA:15,1
DA:16,1
DA:17,1
DA:18,1
DA:19,1
DA:20,1
DA:21,1
DA:22,1
DA:23,1
DA:24,32
DA:25,32
DA:26,32
DA:27,32
DA:28,32
DA:29,32
DA:30,32
DA:31,32
DA:32,32
DA:33,32
DA:34,32
DA:35,32
DA:36,32
DA:37,32
DA:38,32
DA:39,32
DA:40,32
DA:41,32
DA:42,32
DA:43,32
DA:44,32
DA:45,32
DA:46,1
DA:47,1
DA:48,1
DA:49,1
DA:50,1
DA:51,1
DA:52,1
DA:53,32
DA:54,32
DA:55,32
LF:55
LH:55
BRDA:13,0,0,1
BRDA:24,1,0,32
BRDA:30,2,0,0
BRDA:31,3,0,0
BRDA:43,4,0,31
BRDA:44,5,0,0
BRDA:45,6,0,1
BRF:7
BRH:4
end_of_record
TN:
SF:src/CompileCode/transpiler/minify.ts
FN:6,minifyJS
FNF:1
FNH:0
FNDA:0,minifyJS
DA:1,1
DA:2,1
DA:3,1
DA:4,1
DA:5,1
DA:6,0
DA:7,0
DA:8,0
DA:9,0
DA:10,0
DA:11,0
DA:12,0
DA:13,0
LF:13
LH:5
BRF:0
BRH:0
end_of_record
TN:
SF:src/CompileCode/transpiler/printMessage.ts
FN:6,parseSWCError
FN:6,changeLocations
FN:31,get simpleMessage
FN:34,get fullMessage
FN:45,ESBuildPrintError
FN:56,ESBuildPrintErrorSourceMap
FN:78,ESBuildPrintErrorStringTracker
FNF:7
FNH:4
FNDA:1,parseSWCError
FNDA:0,changeLocations
FNDA:2,get simpleMessage
FNDA:1,get fullMessage
FNDA:0,ESBuildPrintError
FNDA:0,ESBuildPrintErrorSourceMap
FNDA:1,ESBuildPrintErrorStringTracker
DA:1,1
DA:2,1
DA:3,1
DA:4,1
DA:5,1
DA:6,1
DA:7,1
DA:8,1
DA:9,1
DA:10,1
DA:11,0
DA:12,0
DA:13,0
DA:14,0
DA:15,0
DA:16,0
DA:17,0
DA:18,0
DA:19,0
DA:20,0
DA:21,0
DA:22,0
DA:23,0
DA:24,1
DA:25,1
DA:26,1
DA:27,1
DA:28,1
DA:29,1
DA:30,1
DA:31,1
DA:32,2
DA:33,2
DA:34,2
DA:35,1
DA:36,1
DA:37,1
DA:38,1
DA:39,1
DA:40,1
DA:41,1
DA:42,1
DA:43,1
DA:44,1
DA:45,1
DA:46,0
DA:47,0
DA:48,0
DA:49,0
DA:50,0
DA:51,0
DA:52,0
DA:53,0
DA:54,0
DA:55,1
DA:56,0
DA:57,0
DA:58,0
DA:59,0
DA:60,0
DA:61,0
DA:62,0
DA:63,0
DA:64,0
DA:65,0
DA:66,0
DA:67,0
DA:68,0
DA:69,0
DA:70,0
DA:71,0
DA:72,0
DA:73,0
DA:74,0
DA:75,0
DA:76,1
DA:77,1
DA:78,1
DA:79,1
DA:80,1
DA:81,0
DA:82,0
DA:83,0
DA:84,0
DA:85,0
DA:86,1
DA:87,1
DA:88,1
DA:89,1
DA:90,1
DA:91,1
DA:92,1
DA:93,1
DA:94,1
DA:95,1
LF:95
LH:48
BRDA:6,0,0,1
BRDA:10,1,0,0
BRDA:8,2,0,5
BRDA:26,3,0,1
BRDA:31,4,0,2
BRDA:34,5,0,1
BRDA:45,6,0,0
BRDA:78,7,0,1
BRF:8
BRH:6
end_of_record
TN:
SF:src/CompileCode/transpiler/settings.ts
FN:6,Decorators
FN:15,TransformJSC
FN:22,Commonjs
FNF:3
FNH:3
FNDA:54,Decorators
FNDA:54,TransformJSC
FNDA:51,Commonjs
DA:1,1
DA:2,1
DA:3,1
DA:4,1
DA:5,1
DA:6,1
DA:7,54
DA:8,54
DA:9,54
DA:10,54
DA:11,54
DA:12,54
DA:13,54
DA:14,1
DA:15,1
DA:16,54
DA:17,54
DA:18,54
DA:19,54
DA:20,54
DA:21,1
DA:22,1
DA:23,51
DA:24,51
DA:25,51
DA:26,51
DA:27,51
DA:28,51
DA:29,51
LF:29
LH:29
BRDA:6,0,0,54
BRDA:15,1,0,54
BRDA:22,2,0,51
BRF:3
BRH:3
end_of_record
TN:
SF:src/EasyDebug/SourceMap.ts
FN:3,toURLComment
FN:14,MergeSourceMap
FNF:2
FNH:1
FNDA:57,toURLComment
FNDA:0,MergeSourceMap
DA:1,1
DA:2,1
DA:3,1
DA:4,57
DA:5,57
DA:6,57
DA:7,57
DA:8,49
DA:9,49
DA:10,57
DA:11,57
DA:12,57
DA:13,1
DA:14,0
DA:15,0
DA:16,0
DA:17,0
DA:18,0
DA:19,0
DA:20,0
DA:21,0
DA:22,0
DA:23,0
DA:24,0
DA:25,0
DA:26,0
DA:27,0
DA:28,0
DA:29,0
DA:30,0
DA:31,0
DA:32,0
DA:33,0
DA:34,0
LF:34
LH:13
BRDA:3,0,0,57
BRDA:7,1,0,8
BRDA:7,2,0,49
BRF:3
BRH:3
end_of_record
TN:
SF:src/EasyDebug/SourceMapLoad.ts
FN:6,SourceMapToStringTracker
FN:27,mergeInfoStringTracker
FN:37,backToOriginal
FN:43,mergeSassInfoStringTracker
FN:56,backToOriginalSss
FNF:5
FNH:5
FNDA:49,SourceMapToStringTracker
FNDA:43,mergeInfoStringTracker
FNDA:43,backToOriginal
FNDA:6,mergeSassInfoStringTracker
FNDA:6,backToOriginalSss
DA:1,1
DA:2,1
DA:3,1
DA:4,1
DA:5,1
DA:6,49
DA:7,49
DA:8,49
DA:9,49
DA:10,49
DA:11,49
DA:12,19078
DA:13,19078
DA:14,19078
DA:15,19078
DA:16,19078
DA:17,19078
DA:18,728591
DA:19,728591
DA:20,728591
DA:21,728591
DA:22,49
DA:23,49
DA:24,49
DA:25,49
DA:26,1
DA:27,43
DA:28,43
DA:29,43
DA:30,253515
DA:31,253515
DA:32,253515
DA:33,253515
DA:34,253515
DA:35,43
DA:36,1
DA:37,43
DA:38,43
DA:39,43
DA:40,43
DA:41,43
DA:42,1
DA:43,6
DA:44,6
DA:45,6
DA:46,1071
DA:47,174
DA:48,174
DA:49,174
DA:50,174
DA:51,1071
DA:52,792
DA:53,792
DA:54,1071
DA:55,6
DA:56,6
DA:57,6
DA:58,6
DA:59,6
DA:60,6
DA:61,6
LF:61
LH:61
BRDA:6,0,0,49
BRDA:7,1,0,43
BRDA:7,2,0,6
BRDA:11,3,0,19078
BRDA:13,4,0,0
BRDA:17,5,0,18967
BRDA:17,6,0,111
BRDA:17,7,0,728591
BRDA:27,8,0,43
BRDA:29,9,0,253515
BRDA:30,10,0,251949
BRDA:30,11,0,1566
BRDA:37,12,0,43
BRDA:43,13,0,6
BRDA:45,14,0,1071
BRDA:46,15,0,174
BRDA:47,16,0,0
BRDA:51,17,0,897
BRDA:51,18,0,792
BRDA:56,19,0,6
BRF:20
BRH:18
end_of_record
TN:
SF:src/EasyDebug/SourceMapStore.ts
FN:13,SourceMapBasic
FN:22,getSource
FN:36,getRowSourceMap
FN:40,mapAsURLComment
FN:49,SourceMapStore
FN:53,notEmpty
FN:57,addStringTracker
FN:61,_addStringTracker
FN:91,addText
FN:95,_addText
FN:101,fixURLSourceMap
FN:108,addSourceMapWithStringTracker
FN:110,_addSourceMapWithStringTracker
FN:134,buildAll
FN:155,mapAsURLComment
FN:159,createDataWithMap
FN:169,clone
FNF:17
FNH:12
FNDA:53,SourceMapBasic
FNDA:2403,getSource
FNDA:6,getRowSourceMap
FNDA:47,mapAsURLComment
FNDA:6,SourceMapStore
FNDA:0,notEmpty
FNDA:0,addStringTracker
FNDA:0,_addStringTracker
FNDA:3,addText
FNDA:7,_addText
FNDA:2,fixURLSourceMap
FNDA:4,addSourceMapWithStringTracker
FNDA:4,_addSourceMapWithStringTracker
FNDA:6,buildAll
FNDA:0,mapAsURLComment
FNDA:6,createDataWithMap
FNDA:0,clone
DA:1,1
DA:2,1
DA:3,1
DA:4,1
DA:5,1
DA:6,1
DA:7,1
DA:8,1
DA:9,1
DA:10,1
DA:11,1
DA:12,1
DA:13,1
DA:14,53
DA:15,53
DA:16,53
DA:17,53
DA:18,53
DA:19,53
DA:20,53
DA:21,1
DA:22,1
DA:23,2403
DA:24,2403
DA:25,2403
DA:26,210
DA:27,210
DA:28,97
DA:29,97
DA:30,210
DA:31,210
DA:32,2193
DA:33,2193
DA:34,2403
DA:35,1
DA:36,1
DA:37,6
DA:38,6
DA:39,1
DA:40,1
DA:41,47
DA:42,47
DA:43,1
DA:44,1
DA:45,1
DA:46,1
DA:47,1
DA:48,1
DA:49,1
DA:50,6
DA:51,6
DA:52,1
DA:53,1
DA:54,0
DA:55,0
DA:56,1
DA:57,1
DA:58,0
DA:59,0
DA:60,1
DA:61,1
DA:62,0
DA:63,0
DA:64,0
DA:65,0
DA:66,0
DA:67,0
DA:68,0
DA:69,0
DA:70,0
DA:71,0
DA:72,0
DA:73,0
DA:74,0
DA:75,0
DA:76,0
DA:77,0
DA:78,0
DA:79,0
DA:80,0
DA:81,0
DA:82,0
DA:83,0
DA:84,0
DA:85,0
DA:86,0
DA:87,0
DA:88,0
DA:89,1
DA:90,1
DA:91,1
DA:92,3
DA:93,3
DA:94,1
DA:95,1
DA:96,7
DA:97,7
DA:98,7
DA:99,7
DA:100,1
DA:101,1
DA:102,2
DA:103,5
DA:104,5
DA:105,2
DA:106,2
DA:107,1
DA:108,1
DA:109,4
DA:110,4
DA:111,4
DA:112,4
DA:113,4
DA:114,4
DA:115,4
DA:116,4
DA:117,120
DA:118,120
DA:119,120
DA:120,120
DA:121,113
DA:122,113
DA:123,113
DA:124,113
DA:125,7
DA:126,7
DA:127,7
DA:128,7
DA:129,7
DA:130,7
DA:131,4
DA:132,4
DA:133,4
DA:134,4
DA:135,6
DA:136,6
DA:137,6
DA:138,7
DA:139,0
DA:140,0
DA:141,0
DA:142,0
DA:143,3
DA:144,3
DA:145,3
DA:146,3
DA:147,4
DA:148,4
DA:149,4
DA:150,4
DA:151,7
DA:152,7
DA:153,6
DA:154,1
DA:155,1
DA:156,0
DA:157,0
DA:158,0
DA:159,0
DA:160,6
DA:161,6
DA:162,6
DA:163,6
DA:164,6
DA:165,6
DA:166,6
DA:167,6
DA:168,1
DA:169,1
DA:170,0
DA:171,0
DA:172,0
DA:173,0
DA:174,1
LF:174
LH:131
BRDA:13,0,0,53
BRDA:19,1,0,43
BRDA:22,2,0,2403
BRDA:25,3,0,210
BRDA:27,4,0,113
BRDA:27,5,0,97
BRDA:30,6,0,0
BRDA:31,7,0,2193
BRDA:36,8,0,6
BRDA:40,9,0,47
BRDA:49,10,0,6
BRDA:91,11,0,3
BRDA:95,12,0,7
BRDA:101,13,0,2
BRDA:102,14,0,5
BRDA:108,15,0,4
BRDA:110,16,0,4
BRDA:114,17,0,0
BRDA:116,18,0,120
BRDA:120,19,0,113
BRDA:124,20,0,7
BRDA:134,21,0,6
BRDA:137,22,0,7
BRDA:138,23,0,0
BRDA:142,24,0,3
BRDA:146,25,0,4
BRDA:159,26,0,6
BRDA:164,27,0,0
BRF:28
BRH:24
end_of_record
TN:
SF:src/EasyDebug/StringTracker.ts
FN:29,StringTracker
FN:39,get emptyInfo
FN:50,setDefault
FN:56,getDataArray
FN:58,get DefaultInfoText
FN:73,get StartInfo
FN:80,get OneString
FN:92,get eq
FN:100,get lineInfo
FN:111,get length
FN:125,Clone
FN:133,AddClone
FN:148,concat
FN:167,ClonePlus
FN:176,Plus
FN:196,Plus$
FN:223,AddTextAction
FN:249,AddTextAfter
FN:258,AddTextAfterNoTrack
FN:275,AddTextBefore
FN:284,AddTextBeforeNoTrack
FN:304,AddFileText
FN:329,CutString
FN:340,substring
FN:362,substr
FN:375,slice
FN:387,charAt
FN:394,at
FN:398,charCodeAt
FN:402,codePointAt
FN:404,StringTracker
FN:414,getLine
FN:423,charLength
FN:439,indexOf
FN:443,lastIndexOf
FN:450,unicodeMe
FN:456,get unicode
FN:471,search
FN:475,startsWith
FN:479,endsWith
FN:483,includes
FN:487,trimStart
FN:506,trimLeft
FN:510,trimEnd
FN:528,trimRight
FN:532,trim
FN:536,SpaceOne
FN:552,ActionString
FN:562,toLocaleLowerCase
FN:566,toLocaleUpperCase
FN:570,toUpperCase
FN:574,toLowerCase
FN:578,normalize
FN:582,StringIndexer
FN:610,RegexInString
FN:617,split
FN:633,repeat
FN:641,join
FN:649,replaceWithTimes
FN:668,replace
FN:672,replacer
FN:674,ReMatch
FN:691,replacerAsync
FN:695,ReMatch
FN:714,replaceAll
FN:718,matchAll
FN:729,match
FN:765,toString
FN:769,extractInfo
FN:773,originalPositionFor
FN:788,debugLine
FN:795,StringWithTack
FN:799,StringTack
FNF:73
FNH:51
FNDA:75296,StringTracker
FNDA:4612,get emptyInfo
FNDA:79138,setDefault
FNDA:19294,getDataArray
FNDA:274751,get DefaultInfoText
FNDA:64088,get StartInfo
FNDA:20238,get OneString
FNDA:10720,get eq
FNDA:343,get lineInfo
FNDA:38752,get length
FNDA:5211,Clone
FNDA:13071,AddClone
FNDA:325,concat
FNDA:325,ClonePlus
FNDA:7223,Plus
FNDA:813,Plus$
FNDA:3225748,AddTextAction
FNDA:3225748,AddTextAfter
FNDA:620,AddTextAfterNoTrack
FNDA:0,AddTextBefore
FNDA:399,AddTextBeforeNoTrack
FNDA:2893,AddFileText
FNDA:58434,CutString
FNDA:30427,substring
FNDA:582,substr
FNDA:0,slice
FNDA:816,charAt
FNDA:816,at
FNDA:0,charCodeAt
FNDA:0,codePointAt
FNDA:0,StringTracker
FNDA:120,getLine
FNDA:14562,charLength
FNDA:1340,indexOf
FNDA:0,lastIndexOf
FNDA:5093,unicodeMe
FNDA:1218,get unicode
FNDA:1701,search
FNDA:0,startsWith
FNDA:1089,endsWith
FNDA:0,includes
FNDA:278,trimStart
FNDA:0,trimLeft
FNDA:66,trimEnd
FNDA:0,trimRight
FNDA:66,trim
FNDA:0,SpaceOne
FNDA:0,ActionString
FNDA:0,toLocaleLowerCase
FNDA:0,toLocaleUpperCase
FNDA:0,toUpperCase
FNDA:0,toLowerCase
FNDA:0,normalize
FNDA:4149,StringIndexer
FNDA:4149,RegexInString
FNDA:539,split
FNDA:0,repeat
FNDA:0,join
FNDA:3610,replaceWithTimes
FNDA:2900,replace
FNDA:45,replacer
FNDA:73,ReMatch
FNDA:12,replacerAsync
FNDA:24,ReMatch
FNDA:710,replaceAll
FNDA:0,matchAll
FNDA:360,match
FNDA:879,toString
FNDA:286,extractInfo
FNDA:0,originalPositionFor
FNDA:0,debugLine
FNDA:41,StringWithTack
FNDA:6,StringTack
DA:1,1
DA:2,1
DA:3,1
DA:4,1
DA:5,1
DA:6,1
DA:7,1
DA:8,1
DA:9,1
DA:10,1
DA:11,1
DA:12,1
DA:13,1
DA:14,1
DA:15,1
DA:16,1
DA:17,1
DA:18,1
DA:19,1
DA:20,1
DA:21,1
DA:22,1
DA:23,1
DA:24,1
DA:25,1
DA:26,1
DA:27,1
DA:28,1
DA:29,1
DA:30,75296
DA:31,1515
DA:32,75296
DA:33,65723
DA:34,65723
DA:35,75296
DA:36,75296
DA:37,2893
DA:38,2893
DA:39,75296
DA:40,4612
DA:41,4612
DA:42,4612
DA:43,4612
DA:44,4612
DA:45,4612
DA:46,4612
DA:47,4612
DA:48,4612
DA:49,1
DA:50,1
DA:51,79138
DA:52,79138
DA:53,79138
DA:54,79138
DA:55,1
DA:56,1
DA:57,19294
DA:58,19294
DA:59,274751
DA:60,274751
DA:61,274751
DA:62,274751
DA:63,274751
DA:64,274751
DA:65,168420
DA:66,168420
DA:67,168420
DA:68,168420
DA:69,168420
DA:70,168420
DA:71,106331
DA:72,274751
DA:73,274751
DA:74,64088
DA:75,64088
DA:76,64088
DA:77,64088
DA:78,64088
DA:79,64088
DA:80,64088
DA:81,20238
DA:82,20238
DA:83,20238
DA:84,20238
DA:85,20238
DA:86,20238
DA:87,20238
DA:88,6588282
DA:89,6588282
DA:90,20238
DA:91,20238
DA:92,20238
DA:93,10720
DA:94,10720
DA:95,10720
DA:96,10720
DA:97,10720
DA:98,10720
DA:99,10720
DA:100,10720
DA:101,343
DA:102,343
DA:103,343
DA:104,343
DA:105,343
DA:106,343
DA:107,343
DA:108,343
DA:109,343
DA:110,343
DA:111,343
DA:112,38752
DA:113,38752
DA:114,38752
DA:115,38752
DA:116,38752
DA:117,38752
DA:118,38752
DA:119,38752
DA:120,1
DA:121,1
DA:122,1
DA:123,1
DA:124,1
DA:125,1
DA:126,5211
DA:127,5211
DA:128,3215130
DA:129,3215130
DA:130,5211
DA:131,5211
DA:132,1
DA:133,1
DA:134,13071
DA:135,13071
DA:136,13071
DA:137,13071
DA:138,13071
DA:139,13071
DA:140,13071
DA:141,13071
DA:142,1
DA:143,1
DA:144,1
DA:145,1
DA:146,1
DA:147,1
DA:148,1
DA:149,325
DA:150,325
DA:151,325
DA:152,975
DA:153,908
DA:154,975
DA:155,67
DA:156,67
DA:157,975
DA:158,325
DA:159,325
DA:160,325
DA:161,1
DA:162,1
DA:163,1
DA:164,1
DA:165,1
DA:166,1
DA:167,1
DA:168,325
DA:169,325
DA:170,1
DA:171,1
DA:172,1
DA:173,1
DA:174,1
DA:175,1
DA:176,1
DA:177,7223
DA:178,7223
DA:179,9252
DA:180,7502
DA:181,7502
DA:182,9252
DA:183,1750
DA:184,1750
DA:185,9252
DA:186,7223
DA:187,7223
DA:188,7223
DA:189,1
DA:190,1
DA:191,1
DA:192,1
DA:193,1
DA:194,1
DA:195,1
DA:196,1
DA:197,813
DA:198,813
DA:199,1973
DA:200,1973
DA:201,1973
DA:202,1973
DA:203,1973
DA:204,1973
DA:205,1051
DA:206,1051
DA:207,1973
DA:208,922
DA:209,922
DA:210,1973
DA:211,813
DA:212,813
DA:213,813
DA:214,813
DA:215,813
DA:216,1
DA:217,1
DA:218,1
DA:219,1
DA:220,1
DA:221,1
DA:222,1
DA:223,1
DA:224,3225748
DA:225,3225748
DA:226,3225748
DA:227,3273499
DA:228,3273499
DA:229,3273499
DA:230,3273499
DA:231,3273499
DA:232,3273499
DA:233,3273499
DA:234,3273499
DA:235,3273499
DA:236,76810
DA:237,76810
DA:238,76810
DA:239,3273499
DA:240,3225748
DA:241,3225748
DA:242,3225748
DA:243,1
DA:244,1
DA:245,1
DA:246,1
DA:247,1
DA:248,1
DA:249,1
DA:250,3225748
DA:251,3225748
DA:252,3225748
DA:253,1
DA:254,1
DA:255,1
DA:256,1
DA:257,1
DA:258,1
DA:259,620
DA:260,32974
DA:261,32974
DA:262,32974
DA:263,32974
DA:264,32974
DA:265,32974
DA:266,32974
DA:267,620
DA:268,620
DA:269,1
DA:270,1
DA:271,1
DA:272,1
DA:273,1
DA:274,1
DA:275,1
DA:276,0
DA:277,0
DA:278,0
DA:279,1
DA:280,1
DA:281,1
DA:282,1
DA:283,1
DA:284,1
DA:285,399
DA:286,399
DA:287,62359
DA:288,62359
DA:289,62359
DA:290,62359
DA:291,62359
DA:292,62359
DA:293,62359
DA:294,399
DA:295,399
DA:296,399
DA:297,399
DA:298,1
DA:299,1
DA:300,1
DA:301,1
DA:302,1
DA:303,1
DA:304,1
DA:305,2893
DA:306,2893
DA:307,2893
DA:308,417288
DA:309,417288
DA:310,417288
DA:311,417288
DA:312,417288
DA:313,417288
DA:314,417288
DA:315,417288
DA:316,417288
DA:317,9220
DA:318,9220
DA:319,9220
DA:320,417288
DA:321,2893
DA:322,1
DA:323,1
DA:324,1
DA:325,1
DA:326,1
DA:327,1
DA:328,1
DA:329,1
DA:330,58434
DA:331,58434
DA:332,58434
DA:333,58434
DA:334,58434
DA:335,58434
DA:336,1
DA:337,1
DA:338,1
DA:339,1
DA:340,1
DA:341,30427
DA:342,22268
DA:343,30427
DA:344,8159
DA:345,8159
DA:346,30427
DA:347,30427
DA:348,0
DA:349,30427
DA:350,30427
DA:351,30427
DA:352,30427
DA:353,30427
DA:354,30427
DA:355,1
DA:356,1
DA:357,1
DA:358,1
DA:359,1
DA:360,1
DA:361,1
DA:362,1
DA:363,582
DA:364,0
DA:365,0
DA:366,582
DA:367,582
DA:368,1
DA:369,1
DA:370,1
DA:371,1
DA:372,1
DA:373,1
DA:374,1
DA:375,1
DA:376,0
DA:377,0
DA:378,0
DA:379,0
DA:380,0
DA:381,0
DA:382,0
DA:383,0
DA:384,0
DA:385,0
DA:386,1
DA:387,1
DA:388,816
DA:389,144
DA:390,144
DA:391,816
DA:392,816
DA:393,1
DA:394,1
DA:395,816
DA:396,816
DA:397,1
DA:398,1
DA:399,0
DA:400,0
DA:401,1
DA:402,1
DA:403,0
DA:404,0
DA:405,0
DA:406,0
DA:407,0
DA:408,0
DA:409,0
DA:410,0
DA:411,0
DA:412,0
DA:413,1
DA:414,1
DA:415,120
DA:416,120
DA:417,1
DA:418,1
DA:419,1
DA:420,1
DA:421,1
DA:422,1
DA:423,1
DA:424,14562
DA:425,2171
DA:426,2171
DA:427,12391
DA:428,12391
DA:429,14562
DA:430,795547
DA:431,795547
DA:432,795547
DA:433,795547
DA:434,795547
DA:435,0
DA:436,0
DA:437,14562
DA:438,1
DA:439,1
DA:440,1340
DA:441,1340
DA:442,1
DA:443,1
DA:444,0
DA:445,0
DA:446,1
DA:447,1
DA:448,1
DA:449,1
DA:450,1
DA:451,5093
DA:452,5093
DA:453,5093
DA:454,5093
DA:455,5093
DA:456,5093
DA:457,1218
DA:458,1218
DA:459,1218
DA:460,1218
DA:461,1218
DA:462,1218
DA:463,1218
DA:464,1218
DA:465,5093
DA:466,5093
DA:467,1218
DA:468,1218
DA:469,1218
DA:470,1
DA:471,1
DA:472,1701
DA:473,1701
DA:474,1
DA:475,1
DA:476,0
DA:477,0
DA:478,1
DA:479,1
DA:480,1089
DA:481,1089
DA:482,1
DA:483,1
DA:484,0
DA:485,0
DA:486,1
DA:487,1
DA:488,278
DA:489,278
DA:490,278
DA:491,278
DA:492,662
DA:493,662
DA:494,662
DA:495,413
DA:496,413
DA:497,662
DA:498,249
DA:499,249
DA:500,249
DA:501,662
DA:502,278
DA:503,278
DA:504,278
DA:505,1
DA:506,1
DA:507,0
DA:508,0
DA:509,1
DA:510,1
DA:511,66
DA:512,66
DA:513,66
DA:514,66
DA:515,66
DA:516,66
DA:517,66
DA:518,0
DA:519,66
DA:520,66
DA:521,66
DA:522,66
DA:523,66
DA:524,66
DA:525,66
DA:526,66
DA:527,1
DA:528,1
DA:529,0
DA:530,0
DA:531,1
DA:532,1
DA:533,66
DA:534,66
DA:535,1
DA:536,1
DA:537,0
DA:538,0
DA:539,0
DA:540,0
DA:541,0
DA:542,0
DA:543,0
DA:544,0
DA:545,0
DA:546,0
DA:547,0
DA:548,0
DA:549,0
DA:550,0
DA:551,1
DA:552,1
DA:553,0
DA:554,0
DA:555,0
DA:556,0
DA:557,0
DA:558,0
DA:559,0
DA:560,0
DA:561,1
DA:562,1
DA:563,0
DA:564,0
DA:565,1
DA:566,1
DA:567,0
DA:568,0
DA:569,1
DA:570,1
DA:571,0
DA:572,0
DA:573,1
DA:574,1
DA:575,0
DA:576,0
DA:577,1
DA:578,1
DA:579,0
DA:580,0
DA:581,1
DA:582,1
DA:583,4149
DA:584,2933
DA:585,2933
DA:586,4149
DA:587,4149
DA:588,4149
DA:589,4149
DA:590,4149
DA:591,4149
DA:592,4149
DA:593,11521
DA:594,11521
DA:595,11521
DA:596,11521
DA:597,11521
DA:598,11521
DA:599,11521
DA:600,11521
DA:601,11521
DA:602,11521
DA:603,11521
DA:604,11521
DA:605,11521
DA:606,4149
DA:607,4149
DA:608,4149
DA:609,1
DA:610,1
DA:611,4149
DA:612,2933
DA:613,2933
DA:614,1216
DA:615,4149
DA:616,1
DA:617,1
DA:618,539
DA:619,539
DA:620,539
DA:621,539
DA:622,539
DA:623,539
DA:624,11196
DA:625,11196
DA:626,11196
DA:627,539
DA:628,539
DA:629,539
DA:630,539
DA:631,539
DA:632,1
DA:633,1
DA:634,0
DA:635,0
DA:636,0
DA:637,0
DA:638,0
DA:639,0
DA:640,1
DA:641,1
DA:642,0
DA:643,0
DA:644,0
DA:645,0
DA:646,0
DA:647,0
DA:648,1
DA:649,1
DA:650,3610
DA:651,3610
DA:652,3610
DA:653,3610
DA:654,3610
DA:655,325
DA:656,325
DA:657,325
DA:658,325
DA:659,325
DA:660,325
DA:661,325
DA:662,3610
DA:663,3610
DA:664,3610
DA:665,3610
DA:666,3610
DA:667,1
DA:668,1
DA:669,2900
DA:670,2900
DA:671,1
DA:672,1
DA:673,45
DA:674,45
DA:675,73
DA:676,73
DA:677,45
DA:678,45
DA:679,45
DA:680,45
DA:681,45
DA:682,28
DA:683,28
DA:684,28
DA:685,28
DA:686,28
DA:687,28
DA:688,45
DA:689,45
DA:690,45
DA:691,45
DA:692,12
DA:693,12
DA:694,12
DA:695,12
DA:696,24
DA:697,24
DA:698,12
DA:699,12
DA:700,12
DA:701,12
DA:702,12
DA:703,12
DA:704,12
DA:705,12
DA:706,12
DA:707,12
DA:708,12
DA:709,12
DA:710,12
DA:711,12
DA:712,12
DA:713,1
DA:714,1
DA:715,710
DA:716,710
DA:717,1
DA:718,1
DA:719,0
DA:720,0
DA:721,0
DA:722,0
DA:723,0
DA:724,0
DA:725,0
DA:726,0
DA:727,0
DA:728,1
DA:729,1
DA:730,360
DA:731,0
DA:732,0
DA:733,360
DA:734,360
DA:735,360
DA:736,360
DA:737,168
DA:738,168
DA:739,168
DA:740,168
DA:741,168
DA:742,168
DA:743,168
DA:744,168
DA:745,168
DA:746,360
DA:747,606
DA:748,168
DA:749,168
DA:750,438
DA:751,438
DA:752,606
DA:753,24
DA:754,24
DA:755,24
DA:756,414
DA:757,414
DA:758,414
DA:759,414
DA:760,414
DA:761,168
DA:762,168
DA:763,360
DA:764,1
DA:765,1
DA:766,879
DA:767,879
DA:768,1
DA:769,1
DA:770,286
DA:771,286
DA:772,1
DA:773,1
DA:774,0
DA:775,0
DA:776,0
DA:777,0
DA:778,0
DA:779,0
DA:780,0
DA:781,0
DA:782,0
DA:783,0
DA:784,1
DA:785,1
DA:786,1
DA:787,1
DA:788,1
DA:789,0
DA:790,0
DA:791,0
DA:792,0
DA:793,0
DA:794,1
DA:795,1
DA:796,41
DA:797,41
DA:798,1
DA:799,1
DA:800,6
DA:801,6
DA:802,1
LF:802
LH:691
BRDA:29,0,0,75296
BRDA:30,1,0,1515
BRDA:32,2,0,73781
BRDA:32,3,0,65723
BRDA:36,4,0,2893
BRDA:39,5,0,4612
BRDA:50,6,0,79138
BRDA:56,7,0,19294
BRDA:58,8,0,274751
BRDA:64,9,0,172391
BRDA:64,10,0,168420
BRDA:70,11,0,106331
BRDA:72,12,0,3046
BRDA:64,13,0,15744113
BRDA:73,14,0,64088
BRDA:79,15,0,459
BRDA:80,16,0,20238
BRDA:87,17,0,6588282
BRDA:92,18,0,10720
BRDA:100,19,0,343
BRDA:111,20,0,38752
BRDA:125,21,0,5211
BRDA:127,22,0,3215130
BRDA:133,23,0,13071
BRDA:148,24,0,325
BRDA:151,25,0,975
BRDA:152,26,0,908
BRDA:154,27,0,67
BRDA:167,28,0,325
BRDA:176,29,0,7223
BRDA:178,30,0,9252
BRDA:179,31,0,7502
BRDA:182,32,0,1750
BRDA:196,33,0,813
BRDA:198,34,0,1973
BRDA:204,35,0,1051
BRDA:207,36,0,922
BRDA:223,37,0,3225748
BRDA:226,38,0,3273499
BRDA:235,39,0,76810
BRDA:249,40,0,3225748
BRDA:258,41,0,620
BRDA:259,42,0,32974
BRDA:284,43,0,399
BRDA:286,44,0,62359
BRDA:304,45,0,2893
BRDA:307,46,0,417288
BRDA:316,47,0,9220
BRDA:329,48,0,58434
BRDA:340,49,0,30427
BRDA:341,50,0,22268
BRDA:343,51,0,8159
BRDA:347,52,0,0
BRDA:362,53,0,582
BRDA:363,54,0,0
BRDA:366,55,0,0
BRDA:387,56,0,816
BRDA:388,57,0,144
BRDA:394,58,0,816
BRDA:414,59,0,120
BRDA:423,60,0,14562
BRDA:424,61,0,2171
BRDA:426,62,0,12391
BRDA:429,63,0,795547
BRDA:433,64,0,12391
BRDA:434,65,0,0
BRDA:439,66,0,1340
BRDA:450,67,0,5093
BRDA:456,68,0,1218
BRDA:464,69,0,5093
BRDA:471,70,0,1701
BRDA:479,71,0,1089
BRDA:487,72,0,278
BRDA:491,73,0,662
BRDA:494,74,0,413
BRDA:497,75,0,249
BRDA:510,76,0,66
BRDA:517,77,0,0
BRDA:532,78,0,66
BRDA:582,79,0,4149
BRDA:583,80,0,2933
BRDA:592,81,0,0
BRDA:592,82,0,15670
BRDA:592,83,0,11521
BRDA:592,84,0,11521
BRDA:610,85,0,4149
BRDA:611,86,0,2933
BRDA:613,87,0,1216
BRDA:617,88,0,539
BRDA:623,89,0,11196
BRDA:649,90,0,3610
BRDA:654,91,0,325
BRDA:668,92,0,2900
BRDA:669,93,0,0
BRDA:672,94,0,45
BRDA:681,95,0,28
BRDA:674,96,0,73
BRDA:691,97,0,12
BRDA:695,98,0,24
BRDA:714,99,0,710
BRDA:729,100,0,360
BRDA:730,101,0,0
BRDA:736,102,0,192
BRDA:736,103,0,168
BRDA:746,104,0,606
BRDA:747,105,0,168
BRDA:749,106,0,438
BRDA:752,107,0,24
BRDA:755,108,0,414
BRDA:760,109,0,168
BRDA:765,110,0,879
BRDA:769,111,0,286
BRDA:795,112,0,41
BRDA:799,113,0,6
BRF:114
BRH:106
end_of_record
TN:
SF:src/EasyDebug/StringTrackerToSourceMap.ts
FN:5,createPageSourceMap
FN:10,addMappingFromTrack
FN:36,outputMap
FN:43,outputWithMap
FNF:4
FNH:4
FNDA:47,createPageSourceMap
FNDA:47,addMappingFromTrack
FNDA:6,outputMap
FNDA:41,outputWithMap
DA:1,1
DA:2,1
DA:3,1
DA:4,1
DA:5,1
DA:6,47
DA:7,47
DA:8,47
DA:9,1
DA:10,1
DA:11,47
DA:12,47
DA:13,47
DA:14,47
DA:15,257684
DA:16,257684
DA:17,257684
DA:18,5269
DA:19,5269
DA:20,5269
DA:21,5269
DA:22,252415
DA:23,257684
DA:24,2283
DA:25,2283
DA:26,2283
DA:27,2283
DA:28,2283
DA:29,2283
DA:30,2283
DA:31,257684
DA:32,47
DA:33,47
DA:34,1
DA:35,1
DA:36,1
DA:37,6
DA:38,6
DA:39,6
DA:40,6
DA:41,6
DA:42,1
DA:43,1
DA:44,41
DA:45,41
DA:46,41
DA:47,41
DA:48,41
LF:48
LH:48
BRDA:5,0,0,47
BRDA:10,1,0,47
BRDA:14,2,0,257684
BRDA:17,3,0,5269
BRDA:21,4,0,252415
BRDA:23,5,0,155428
BRDA:23,6,0,2703
BRDA:23,7,0,2283
BRDA:36,8,0,6
BRDA:43,9,0,41
BRF:10
BRH:10
end_of_record
TN:
SF:src/Global/SearchRecord.ts
FN:13,SearchRecord
FN:15,load
FN:48,search
FN:82,suggest
FNF:4
FNH:3
FNDA:2,SearchRecord
FNDA:2,load
FNDA:3,search
FNDA:0,suggest
DA:1,1
DA:2,1
DA:3,1
DA:4,1
DA:5,1
DA:6,1
DA:7,1
DA:8,1
DA:9,1
DA:10,1
DA:11,1
DA:12,1
DA:13,1
DA:14,2
DA:15,2
DA:16,2
DA:17,2
DA:18,2
DA:19,2
DA:20,2
DA:21,2
DA:22,2
DA:23,5
DA:24,5
DA:25,5
DA:26,5
DA:27,5
DA:28,5
DA:29,2
DA:30,2
DA:31,2
DA:32,2
DA:33,2
DA:34,2
DA:35,2
DA:36,2
DA:37,1
DA:38,1
DA:39,1
DA:40,1
DA:41,1
DA:42,1
DA:43,1
DA:44,1
DA:45,1
DA:46,1
DA:47,1
DA:48,1
DA:49,3
DA:50,3
DA:51,3
DA:52,3
DA:53,3
DA:54,3
DA:55,2
DA:56,2
DA:57,2
DA:58,2
DA:59,0
DA:60,0
DA:61,2
DA:62,2
DA:63,3
DA:64,3
DA:65,3
DA:66,3
DA:67,3
DA:68,3
DA:69,3
DA:70,3
DA:71,3
DA:72,3
DA:73,3
DA:74,3
DA:75,3
DA:76,3
DA:77,3
DA:78,3
DA:79,3
DA:80,3
DA:81,1
DA:82,1
DA:83,0
DA:84,0
DA:85,1
LF:85
LH:81
BRDA:13,0,0,2
BRDA:15,1,0,2
BRDA:22,2,0,5
BRDA:48,3,0,3
BRDA:50,4,0,0
BRDA:54,5,0,2
BRDA:58,6,0,0
BRF:7
BRH:5
end_of_record
TN:
SF:src/ImportFiles/Script.ts
FN:21,ReplaceBefore
FN:29,template3
FN:45,BuildScript2
FN:87,CheckTs
FN:91,BuildScriptSmallPath
FN:102,AddExtension
FN:123,LoadImport
FN:185,requireMap
FN:207,LoadImport.PrepareMap.<computed>
FN:232,ImportFile
FN:249,RequireOnce
FN:294,compileImport
FN:308,requireMap
FNF:13
FNH:11
FNDA:17,ReplaceBefore
FNDA:17,template3
FNDA:17,BuildScript2
FNDA:8,CheckTs
FNDA:7,BuildScriptSmallPath
FNDA:14,AddExtension
FNDA:9,LoadImport
FNDA:7,requireMap
FNDA:0,LoadImport.PrepareMap.<computed>
FNDA:5,ImportFile
FNDA:1,RequireOnce
FNDA:9,compileImport
FNDA:0,requireMap
DA:1,1
DA:2,1
DA:3,1
DA:4,1
DA:5,1
DA:6,1
DA:7,1
DA:8,1
DA:9,1
DA:10,1
DA:11,1
DA:12,1
DA:13,1
DA:14,1
DA:15,1
DA:16,1
DA:17,1
DA:18,1
DA:19,1
DA:20,1
DA:21,17
DA:22,17
DA:23,17
DA:24,17
DA:25,17
DA:26,17
DA:27,17
DA:28,1
DA:29,17
DA:30,17
DA:31,17
DA:32,17
DA:33,17
DA:34,1
DA:35,1
DA:36,1
DA:37,1
DA:38,1
DA:39,1
DA:40,1
DA:41,1
DA:42,1
DA:43,1
DA:44,1
DA:45,17
DA:46,17
DA:47,17
DA:48,17
DA:49,17
DA:50,17
DA:51,17
DA:52,17
DA:53,17
DA:54,17
DA:55,17
DA:56,17
DA:57,17
DA:58,17
DA:59,17
DA:60,17
DA:61,17
DA:62,17
DA:63,17
DA:64,17
DA:65,17
DA:66,17
DA:67,17
DA:68,17
DA:69,17
DA:70,17
DA:71,17
DA:72,17
DA:73,0
DA:74,0
DA:75,0
DA:76,0
DA:77,0
DA:78,0
DA:79,17
DA:80,17
DA:81,17
DA:82,17
DA:83,17
DA:84,17
DA:85,17
DA:86,1
DA:87,8
DA:88,8
DA:89,8
DA:90,1
DA:91,7
DA:92,7
DA:93,7
DA:94,7
DA:95,7
DA:96,7
DA:97,7
DA:98,7
DA:99,7
DA:100,7
DA:101,1
DA:102,1
DA:103,14
DA:104,14
DA:105,14
DA:106,14
DA:107,8
DA:108,8
DA:109,14
DA:110,14
DA:111,14
DA:112,1
DA:113,1
DA:114,1
DA:115,1
DA:116,1
DA:117,1
DA:118,1
DA:119,1
DA:120,1
DA:121,1
DA:122,1
DA:123,9
DA:124,9
DA:125,9
DA:126,9
DA:127,9
DA:128,9
DA:129,9
DA:130,9
DA:131,9
DA:132,1
DA:133,1
DA:134,1
DA:135,1
DA:136,1
DA:137,1
DA:138,1
DA:139,1
DA:140,1
DA:141,1
DA:142,8
DA:143,8
DA:144,8
DA:145,8
DA:146,8
DA:147,8
DA:148,0
DA:149,0
DA:150,8
DA:151,8
DA:152,8
DA:153,8
DA:154,9
DA:155,9
DA:156,9
DA:157,9
DA:158,8
DA:159,8
DA:160,0
DA:161,0
DA:162,0
DA:163,0
DA:164,0
DA:165,0
DA:166,0
DA:167,0
DA:168,0
DA:169,8
DA:170,8
DA:171,8
DA:172,8
DA:173,8
DA:174,8
DA:175,8
DA:176,8
DA:177,8
DA:178,8
DA:179,8
DA:180,8
[...]
DA:119,4
DA:120,0
DA:121,0
DA:122,0
DA:123,0
DA:124,0
DA:125,0
DA:126,0
DA:127,0
DA:128,0
DA:129,0
DA:130,0
DA:131,4
DA:132,6
DA:133,6
DA:134,6
DA:135,6
DA:136,6
DA:137,6
DA:138,6
DA:139,2
DA:140,2
DA:141,2
DA:142,1
DA:143,1
DA:144,1
DA:145,6
DA:146,10
DA:147,0
DA:148,0
DA:149,0
DA:150,6
DA:151,6
DA:152,10
DA:153,5
DA:154,5
DA:155,5
DA:156,5
DA:157,5
DA:158,5
DA:159,5
DA:160,5
DA:161,5
DA:162,5
DA:163,5
DA:164,5
DA:165,5
DA:166,5
DA:167,5
DA:168,5
DA:169,5
DA:170,0
DA:171,0
DA:172,0
DA:173,0
DA:174,0
DA:175,0
DA:176,0
DA:177,0
DA:178,0
DA:179,5
DA:180,6
DA:181,6
DA:182,6
DA:183,6
DA:184,6
DA:185,6
LF:185
LH:105
BRDA:112,0,0,10
BRDA:116,1,0,4
BRDA:118,2,0,0
BRDA:119,3,0,0
BRDA:131,4,0,6
BRDA:138,5,0,4
BRDA:138,6,0,2
BRDA:141,7,0,1
BRDA:146,8,0,0
BRDA:149,9,0,6
BRDA:152,10,0,1
BRDA:152,11,0,5
BRDA:162,12,0,0
BRDA:163,13,0,0
BRDA:167,14,0,0
BRDA:169,15,0,0
BRDA:179,16,0,6
BRF:17
BRH:10
end_of_record
TN:
SF:src/RunTimeBuild/SearchFileSystem.ts
FN:8,getDirname
FN:24,GetFullWebSitePath
FN:29,GetSource
FN:49,getTypes
FN:83,get WebSiteFolder
FN:87,get fullWebSitePath
FN:90,set WebSiteFolder
FN:97,get tsConfig
FN:100,tsConfigFile
FN:106,relative
FN:115,DeleteInDirectory
FN:130,smallPathToPage
FNF:12
FNH:10
FNDA:1,getDirname
FNDA:7,GetFullWebSitePath
FNDA:5,GetSource
FNDA:41,getTypes
FNDA:281,get WebSiteFolder
FNDA:3002,get fullWebSitePath
FNDA:1,set WebSiteFolder
FNDA:0,get tsConfig
FNDA:0,tsConfigFile
FNDA:856,relative
FNDA:26,DeleteInDirectory
FNDA:146,smallPathToPage
DA:1,1
DA:2,1
DA:3,1
DA:4,1
DA:5,1
DA:6,1
DA:7,1
DA:8,1
DA:9,1
DA:10,1
DA:11,1
DA:12,1
DA:13,1
DA:14,1
DA:15,1
DA:16,1
DA:17,1
DA:18,1
DA:19,1
DA:20,1
DA:21,1
DA:22,1
DA:23,1
DA:24,7
DA:25,7
DA:26,7
DA:27,1
DA:28,1
DA:29,5
DA:30,5
DA:31,5
DA:32,1
DA:33,1
DA:34,1
DA:35,1
DA:36,1
DA:37,1
DA:38,1
DA:39,1
DA:40,1
DA:41,1
DA:42,1
DA:43,1
DA:44,1
DA:45,1
DA:46,1
DA:47,1
DA:48,1
DA:49,1
DA:50,41
DA:51,41
DA:52,41
DA:53,1
DA:54,1
DA:55,1
DA:56,1
DA:57,1
DA:58,1
DA:59,1
DA:60,1
DA:61,1
DA:62,1
DA:63,1
DA:64,1
DA:65,1
DA:66,1
DA:67,1
DA:68,1
DA:69,1
DA:70,1
DA:71,1
DA:72,1
DA:73,1
DA:74,1
DA:75,1
DA:76,1
DA:77,1
DA:78,1
DA:79,1
DA:80,1
DA:81,1
DA:82,1
DA:83,1
DA:84,281
DA:85,281
DA:86,281
DA:87,281
DA:88,3002
DA:89,3002
DA:90,3002
DA:91,1
DA:92,1
DA:93,1
DA:94,1
DA:95,1
DA:96,1
DA:97,1
DA:98,0
DA:99,0
DA:100,0
DA:101,0
DA:102,0
DA:103,0
DA:104,0
DA:105,0
DA:106,1
DA:107,856
DA:108,856
DA:109,1
DA:110,1
DA:111,1
DA:112,1
DA:113,1
DA:114,1
DA:115,26
DA:116,26
DA:117,26
DA:118,89
DA:119,89
DA:120,24
DA:121,24
DA:122,24
DA:123,24
DA:124,65
DA:125,65
DA:126,65
DA:127,89
DA:128,26
DA:129,1
DA:130,1
DA:131,146
DA:132,146
DA:133,1
DA:134,1
DA:135,1
DA:136,1
DA:137,1
DA:138,1
DA:139,1
DA:140,1
DA:141,1
DA:142,1
DA:143,1
DA:144,1
DA:145,1
DA:146,1
LF:146
LH:138
BRDA:8,0,0,1
BRDA:24,1,0,7
BRDA:29,2,0,5
BRDA:49,3,0,41
BRDA:83,4,0,281
BRDA:87,5,0,3002
BRDA:90,6,0,1
BRDA:106,7,0,856
BRDA:115,8,0,26
BRDA:117,9,0,89
BRDA:119,10,0,24
BRDA:123,11,0,65
BRDA:130,12,0,146
BRF:13
BRH:13
end_of_record
TN:
SF:src/RunTimeBuild/SearchPages.ts
FN:20,compileFile
FN:41,RequireScript
FN:45,FilesInFolder2
FN:70,RequireScripts
FN:76,CreateCompile
FN:85,FastCompileInFile
FN:90,FastCompile
FN:95,compileAll
FNF:8
FNH:5
FNDA:33,compileFile
FNDA:0,RequireScript
FNDA:0,FilesInFolder2
FNDA:0,RequireScripts
FNDA:2,CreateCompile
FNDA:33,FastCompileInFile
FNDA:32,FastCompile
FNDA:1,compileAll
DA:1,1
DA:2,1
DA:3,1
DA:4,1
DA:5,1
DA:6,1
DA:7,1
DA:8,1
DA:9,1
DA:10,1
DA:11,1
DA:12,1
DA:13,1
DA:14,1
DA:15,1
DA:16,1
DA:17,1
DA:18,1
DA:19,1
DA:20,33
DA:21,33
DA:22,33
DA:23,33
DA:24,33
DA:25,33
DA:26,33
DA:27,33
DA:28,33
DA:29,33
DA:30,33
DA:31,33
DA:32,33
DA:33,33
DA:34,32
DA:35,32
DA:36,32
DA:37,33
DA:38,33
DA:39,33
DA:40,1
DA:41,0
DA:42,0
DA:43,0
DA:44,1
DA:45,0
DA:46,0
DA:47,0
DA:48,0
DA:49,0
DA:50,0
DA:51,0
DA:52,0
DA:53,0
DA:54,0
DA:55,0
DA:56,0
DA:57,0
DA:58,0
DA:59,0
DA:60,0
DA:61,0
DA:62,0
DA:63,0
DA:64,0
DA:65,0
DA:66,0
DA:67,0
DA:68,0
DA:69,1
DA:70,0
DA:71,0
DA:72,0
DA:73,0
DA:74,0
DA:75,1
DA:76,2
DA:77,2
DA:78,2
DA:79,2
DA:80,2
DA:81,1
DA:82,1
DA:83,1
DA:84,1
DA:85,33
DA:86,33
DA:87,33
DA:88,33
DA:89,1
DA:90,32
DA:91,32
DA:92,32
DA:93,32
DA:94,1
DA:95,1
DA:96,1
DA:97,0
DA:98,0
DA:99,1
DA:100,1
DA:101,1
DA:102,1
DA:103,1
DA:104,1
DA:105,1
DA:106,1
DA:107,1
DA:108,0
DA:109,0
DA:110,0
DA:111,0
DA:112,0
DA:113,0
DA:114,0
DA:115,0
DA:116,1
LF:116
LH:74
BRDA:20,0,0,33
BRDA:24,1,0,1
BRDA:24,2,0,32
BRDA:30,3,0,0
BRDA:33,4,0,32
BRDA:33,5,0,32
BRDA:76,6,0,2
BRDA:85,7,0,33
BRDA:90,8,0,32
BRDA:95,9,0,1
BRDA:96,10,0,0
BRDA:96,11,0,0
BRF:12
BRH:9
end_of_record
TN:
SF:src/RunTimeBuild/SiteMap.ts
FN:9,FilesInFolder
FN:32,scanFiles
FN:41,debugSiteMap
FN:45,createSiteMap
FNF:4
FNH:4
FNDA:29,FilesInFolder
FNDA:1,scanFiles
FNDA:1,debugSiteMap
FNDA:1,createSiteMap
DA:1,1
DA:2,1
DA:3,1
DA:4,1
DA:5,1
DA:6,1
DA:7,1
DA:8,1
DA:9,29
DA:10,29
DA:11,29
DA:12,29
DA:13,29
DA:14,97
DA:15,97
DA:16,27
DA:17,27
DA:18,70
DA:19,70
DA:20,40
DA:21,70
DA:22,7
DA:23,30
DA:24,23
DA:25,23
DA:26,70
DA:27,97
DA:28,29
DA:29,29
DA:30,29
DA:31,1
DA:32,1
DA:33,1
DA:34,1
DA:35,1
DA:36,1
DA:37,1
DA:38,1
DA:39,1
DA:40,1
DA:41,1
DA:42,1
DA:43,1
DA:44,1
DA:45,1
DA:46,1
DA:47,1
DA:48,1
DA:49,1
DA:50,1
DA:51,1
DA:52,1
DA:53,1
DA:54,1
DA:55,1
DA:56,1
DA:57,1
DA:58,1
DA:59,1
DA:60,1
DA:61,40
DA:62,40
DA:63,40
DA:64,30
DA:65,30
DA:66,30
DA:67,30
DA:68,30
DA:69,30
DA:70,40
DA:71,0
DA:72,0
DA:73,0
DA:74,0
DA:75,0
DA:76,0
DA:77,0
DA:78,30
DA:79,30
DA:80,30
DA:81,30
DA:82,0
DA:83,0
DA:84,0
DA:85,30
DA:86,30
DA:87,30
DA:88,30
DA:89,30
DA:90,30
DA:91,40
DA:92,40
DA:93,30
DA:94,30
DA:95,30
DA:96,60
DA:97,60
DA:98,60
DA:99,30
DA:100,30
DA:101,30
DA:102,30
DA:103,0
DA:104,0
DA:105,0
DA:106,0
DA:107,0
DA:108,0
DA:109,30
DA:110,30
DA:111,30
DA:112,1
DA:113,1
DA:114,1
DA:115,0
DA:116,0
DA:117,0
DA:118,0
DA:119,0
DA:120,0
DA:121,0
DA:122,1
DA:123,1
DA:124,1
DA:125,1
DA:126,1
DA:127,1
DA:128,1
LF:128
LH:105
BRDA:9,0,0,29
BRDA:13,1,0,97
BRDA:15,2,0,27
BRDA:17,3,0,70
BRDA:19,4,0,40
BRDA:21,5,0,30
BRDA:21,6,0,7
BRDA:23,7,0,23
BRDA:32,8,0,1
BRDA:41,9,0,1
BRDA:45,10,0,1
BRDA:47,11,0,0
BRDA:49,12,0,0
BRDA:60,13,0,40
BRDA:62,14,0,38
BRDA:63,15,0,10
BRDA:63,16,0,30
BRDA:68,17,0,0
BRDA:68,18,0,30
BRDA:70,19,0,0
BRDA:77,20,0,30
BRDA:81,21,0,0
BRDA:92,22,0,0
BRDA:92,23,0,30
BRDA:95,24,0,60
BRDA:97,25,0,0
BRDA:102,26,0,0
BRDA:114,27,0,0
BRDA:124,28,0,0
BRDA:89,29,0,420
BRDA:90,30,0,30
BRF:31
BRH:21
end_of_record
TN:
SF:src/StringMethods/Id.ts
FN:1,createId
FNF:1
FNH:1
FNDA:18,createId
DA:1,1
DA:2,18
DA:3,18
LF:3
LH:3
BRDA:1,0,0,18
BRF:1
BRH:1
end_of_record
TN:
SF:src/StringMethods/Splitting.ts
FN:10,SplitFirst
FN:19,CutTheLast
FN:27,trimType
FNF:3
FNH:2
FNDA:292,SplitFirst
FNDA:354,CutTheLast
FNDA:0,trimType
DA:1,1
DA:2,1
DA:3,1
DA:4,1
DA:5,1
DA:6,1
DA:7,1
DA:8,1
DA:9,1
DA:10,1
DA:11,292
DA:12,292
DA:13,292
DA:14,292
DA:15,291
DA:16,291
DA:17,291
DA:18,1
DA:19,1
DA:20,354
DA:21,354
DA:22,1
DA:23,1
DA:24,1
DA:25,1
DA:26,1
DA:27,1
DA:28,0
DA:29,0
DA:30,0
DA:31,0
DA:32,0
DA:33,0
DA:34,0
DA:35,0
DA:36,1
DA:37,1
DA:38,1
DA:39,1
DA:40,1
DA:41,1
LF:41
LH:33
BRDA:10,0,0,292
BRDA:14,1,0,1
BRDA:14,2,0,291
BRDA:19,3,0,354
BRF:4
BRH:4
end_of_record
TN:
SF:src/static/wasm/component/Settings.js
FNF:0
FNH:0
DA:1,1
DA:2,1
LF:2
LH:2
BRF:0
BRH:0
end_of_record
TN:
SF:src/static/wasm/component/index.js
FN:11,getUint8Memory0
FN:23,encodeString
FN:26,encodeString
FN:35,passStringToWasm0
FN:138,find_end_block
FN:164,find_end_of_def
FN:178,find_end_of_q
FNF:7
FNH:4
FNDA:244,getUint8Memory0
FNDA:2,encodeString
FNDA:0,encodeString
FNDA:242,passStringToWasm0
FNDA:0,find_end_block
FNDA:121,find_end_of_def
FNDA:0,find_end_of_q
DA:1,1
DA:2,1
DA:3,1
DA:4,1
DA:5,1
DA:6,1
DA:7,1
DA:8,1
DA:9,1
DA:10,1
DA:11,244
DA:12,244
DA:13,1
DA:14,1
DA:15,244
DA:16,244
DA:17,1
DA:18,1
DA:19,1
DA:20,1
DA:21,1
DA:22,1
DA:23,1
DA:24,2
DA:25,2
DA:26,0
DA:27,0
DA:28,0
DA:29,0
DA:30,0
DA:31,0
DA:32,0
DA:33,0
DA:34,1
DA:35,242
DA:36,242
DA:37,242
DA:38,0
DA:39,0
DA:40,0
DA:41,0
DA:42,0
DA:43,0
DA:44,242
DA:45,242
DA:46,242
DA:47,242
DA:48,242
DA:49,242
DA:50,242
DA:51,242
DA:52,242
DA:53,82121
DA:54,82121
DA:55,82119
DA:56,82119
DA:57,242
DA:58,242
DA:59,2
DA:60,2
DA:61,2
DA:62,2
DA:63,2
DA:64,2
DA:65,2
DA:66,2
DA:67,2
DA:68,242
DA:69,242
DA:70,242
DA:71,242
DA:72,1
DA:73,1
DA:74,1
DA:75,1
DA:76,1
DA:77,1
DA:78,1
DA:79,1
DA:80,1
DA:81,1
DA:82,1
DA:83,1
DA:84,1
DA:85,1
DA:86,1
DA:87,1
DA:88,1
DA:89,1
DA:90,1
DA:91,1
DA:92,1
DA:93,1
DA:94,1
DA:95,1
DA:96,1
DA:97,1
DA:98,1
DA:99,1
DA:100,1
DA:101,1
DA:102,1
DA:103,1
DA:104,1
DA:105,1
DA:106,1
DA:107,1
DA:108,1
DA:109,1
DA:110,1
DA:111,1
DA:112,1
DA:113,1
DA:114,1
DA:115,1
DA:116,1
DA:117,1
DA:118,1
DA:119,1
DA:120,1
DA:121,1
DA:122,1
DA:123,1
DA:124,1
DA:125,1
DA:126,1
DA:127,1
DA:128,1
DA:129,1
DA:130,1
DA:131,1
DA:132,1
DA:133,1
DA:134,1
DA:135,1
DA:136,1
DA:137,1
DA:138,1
DA:139,0
DA:140,0
DA:141,0
DA:142,0
DA:143,0
DA:144,0
DA:145,0
DA:146,1
DA:147,1
DA:148,1
DA:149,1
DA:150,1
DA:151,1
DA:152,1
DA:153,1
DA:154,1
DA:155,1
DA:156,1
DA:157,1
DA:158,1
DA:159,1
DA:160,1
DA:161,1
DA:162,1
DA:163,1
DA:164,1
DA:165,121
DA:166,121
DA:167,121
DA:168,121
DA:169,121
DA:170,121
DA:171,121
DA:172,1
DA:173,1
DA:174,1
DA:175,1
DA:176,1
DA:177,1
DA:178,1
DA:179,0
DA:180,0
DA:181,0
DA:182,0
DA:183,0
DA:184,1
DA:185,1
DA:186,1
DA:187,1
DA:188,1
DA:189,1
DA:190,1
DA:191,1
DA:192,1
DA:193,1
DA:194,1
DA:195,1
DA:196,1
DA:197,1
DA:198,1
DA:199,1
DA:200,1
DA:201,1
DA:202,1
DA:203,1
DA:204,1
DA:205,1
DA:206,1
DA:207,1
DA:208,1
DA:209,1
DA:210,1
DA:211,1
DA:212,1
DA:213,1
DA:214,1
DA:215,1
DA:216,1
DA:217,1
DA:218,1
DA:219,1
DA:220,1
DA:221,1
DA:222,1
DA:223,1
DA:224,1
DA:225,1
DA:226,1
DA:227,1
DA:228,1
DA:229,1
DA:230,1
DA:231,1
DA:232,1
DA:233,1
DA:234,1
DA:235,1
DA:236,1
DA:237,1
DA:238,1
DA:239,1
DA:240,1
DA:241,1
DA:242,1
DA:243,1
DA:244,1
DA:245,1
DA:246,1
DA:247,1
DA:248,1
DA:249,1
DA:250,1
DA:251,1
DA:252,1
DA:253,1
DA:254,1
DA:255,1
DA:256,1
DA:257,1
DA:258,1
DA:259,1
DA:260,1
DA:261,1
DA:262,1
DA:263,1
DA:264,1
DA:265,1
DA:266,1
DA:267,1
DA:268,1
DA:269,1
DA:270,1
DA:271,1
DA:272,1
DA:273,1
DA:274,1
DA:275,1
DA:276,1
DA:277,1
DA:278,1
DA:279,1
DA:280,1
DA:281,1
DA:282,1
DA:283,1
DA:284,1
DA:285,1
DA:286,1
DA:287,1
LF:287
LH:261
BRDA:3,0,0,0
BRDA:18,1,0,0
BRDA:25,2,0,0
BRDA:108,3,0,0
BRDA:11,4,0,244
BRDA:12,5,0,243
BRDA:12,6,0,1
BRDA:23,7,0,2
BRDA:35,8,0,242
BRDA:37,9,0,0
BRDA:52,10,0,82121
BRDA:54,11,0,2
BRDA:54,12,0,82119
BRDA:58,13,0,2
BRDA:164,14,0,121
BRF:15
BRH:10
end_of_record
TN:
SF:tests/core/Website/Components/NavLink.inte
FNF:0
FNH:0
DA:1,30
DA:2,30
DA:3,30
DA:4,30
DA:5,30
LF:5
LH:5
BRF:0
BRH:0
end_of_record
TN:
SF:tests/core/Website/Logs/e404.page
FNF:0
FNH:0
DA:1,1
DA:2,1
DA:3,1
DA:4,1
DA:5,1
DA:6,1
DA:7,1
DA:8,1
DA:9,1
DA:10,1
LF:10
LH:10
BRF:0
BRH:0
end_of_record
TN:
SF:tests/core/Website/Models/TestBreadcrumb.mode
FNF:0
FNH:0
DA:1,28
DA:2,28
DA:3,28
DA:4,28
DA:5,28
DA:6,28
DA:7,28
DA:8,28
DA:9,28
DA:10,28
DA:11,28
LF:11
LH:11
BRF:0
BRH:0
end_of_record
TN:
SF:tests/core/Website/Models/Website.mode
FNF:0
FNH:0
DA:1,30
DA:2,30
DA:3,30
DA:4,30
DA:5,30
DA:6,30
DA:7,30
DA:8,30
DA:9,30
DA:10,30
DA:11,30
DA:12,30
DA:13,30
DA:14,30
DA:15,30
DA:16,30
DA:17,30
DA:18,30
DA:19,30
DA:20,30
DA:21,30
DA:22,30
DA:23,30
DA:24,30
DA:25,30
DA:26,30
DA:27,30
DA:28,30
DA:29,30
DA:30,30
DA:31,30
DA:32,30
DA:33,30
DA:34,30
DA:35,30
DA:36,30
DA:37,30
DA:38,30
DA:39,30
DA:40,30
DA:41,30
DA:42,30
DA:43,30
DA:44,30
DA:45,30
DA:46,30
DA:47,30
LF:47
LH:47
BRF:0
BRH:0
end_of_record
TN:
SF:tests/core/Website/Models/Website.mode.ts
FNF:0
FNH:0
DA:1,30
LF:1
LH:1
BRF:0
BRH:0
end_of_record
TN:
SF:tests/core/Website/WWW/index.page
FNF:0
FNH:0
DA:1,2
DA:2,2
DA:3,2
DA:4,2
DA:5,2
DA:6,2
DA:7,2
DA:8,2
DA:9,2
DA:10,2
DA:11,2
LF:11
LH:11
BRF:0
BRH:0
end_of_record
TN:
SF:tests/core/Website/WWW/compile/index.page
FNF:0
FNH:0
DA:1,1
DA:2,1
DA:3,1
DA:4,1
DA:5,1
DA:6,1
DA:7,1
DA:8,1
DA:9,1
DA:10,1
DA:11,1
DA:12,1
DA:13,1
DA:14,1
DA:15,1
LF:15
LH:15
BRF:0
BRH:0
end_of_record
TN:
SF:tests/core/Website/WWW/compile/import_extension/index.page
FNF:0
FNH:0
DA:1,1
DA:2,1
DA:3,1
DA:4,1
DA:5,1
LF:5
LH:5
BRF:0
BRH:0
end_of_record
TN:
SF:tests/core/Website/WWW/compile/import_extension/index.page.ts
FNF:0
FNH:0
DA:1,1
DA:2,1
LF:2
LH:2
BRF:0
BRH:0
end_of_record
TN:
SF:tests/core/Website/WWW/compile/import_page/index.page
FNF:0
FNH:0
DA:1,1
DA:2,1
DA:3,1
LF:3
LH:3
BRF:0
BRH:0
end_of_record
TN:
SF:tests/core/Website/WWW/compile/md/index.page
FNF:0
FNH:0
DA:1,1
DA:2,1
DA:3,1
DA:4,1
DA:5,1
DA:6,1
DA:7,1
DA:8,1
DA:9,1
DA:10,1
DA:11,1
DA:12,1
DA:13,1
DA:14,1
DA:15,1
DA:16,1
DA:17,1
DA:18,1
DA:19,1
DA:20,1
DA:21,1
DA:22,1
DA:23,1
DA:24,1
DA:25,1
DA:26,1
DA:27,1
DA:28,1
DA:29,1
DA:30,1
DA:31,1
DA:32,1
DA:33,1
DA:34,1
DA:35,1
DA:36,1
DA:37,1
DA:38,1
DA:39,1
DA:40,1
DA:41,1
DA:42,1
DA:43,1
DA:44,1
DA:45,1
DA:46,1
DA:47,1
DA:48,1
DA:49,1
DA:50,1
DA:51,1
DA:52,1
DA:53,1
DA:54,1
DA:55,1
DA:56,1
DA:57,1
DA:58,1
DA:59,1
DA:60,1
DA:61,1
DA:62,1
LF:62
LH:62
BRF:0
BRH:0
end_of_record
TN:
SF:tests/core/Website/WWW/compile/record/index.page
FNF:0
FNH:0
DA:1,1
DA:2,1
DA:3,1
DA:4,1
DA:5,1
DA:6,1
DA:7,1
DA:8,1
LF:8
LH:8
BRF:0
BRH:0
end_of_record
TN:
SF:tests/core/Website/WWW/compile/record/page2.page
FNF:0
FNH:0
DA:1,1
DA:2,1
DA:3,1
DA:4,1
DA:5,1
DA:6,1
DA:7,1
DA:8,1
DA:9,1
DA:10,1
LF:10
LH:10
BRF:0
BRH:0
end_of_record
TN:
SF:tests/core/Website/WWW/compile/record/nested/page3.page
FNF:0
FNH:0
DA:1,2
DA:2,2
DA:3,2
DA:4,2
DA:5,2
DA:6,2
DA:7,2
DA:8,2
DA:9,2
DA:10,2
DA:11,2
DA:12,2
LF:12
LH:12
BRF:0
BRH:0
end_of_record
TN:
SF:tests/core/Website/WWW/compile/runtime/Sample.inte
FN:4,write
FNF:1
FNH:1
FNDA:6,write
DA:1,1
DA:2,1
DA:3,1
DA:4,6
DA:5,6
DA:6,6
DA:7,1
DA:8,1
DA:9,1
DA:10,1
LF:10
LH:10
BRDA:4,0,0,6
BRF:1
BRH:1
end_of_record
TN:
SF:tests/core/Website/WWW/compile/runtime/index.page
FN:5,write
FNF:1
FNH:1
FNDA:5,write
DA:1,2
DA:2,2
DA:3,2
DA:4,2
DA:5,6
DA:6,6
DA:7,6
DA:8,2
DA:9,2
DA:10,2
DA:11,2
DA:12,2
DA:13,2
DA:14,2
LF:14
LH:14
BRDA:5,0,0,5
BRF:1
BRH:1
end_of_record
TN:
SF:tests/core/Website/WWW/compile/runtime/more_compile/index.page
FNF:0
FNH:0
DA:1,2
DA:2,2
DA:3,2
DA:4,2
DA:5,2
DA:6,2
DA:7,2
DA:8,2
DA:9,2
DA:10,2
DA:11,2
DA:12,2
DA:13,2
DA:14,2
DA:15,2
DA:16,2
DA:17,2
DA:18,2
DA:19,2
DA:20,2
DA:21,2
LF:21
LH:21
BRF:0
BRH:0
end_of_record
TN:
SF:tests/core/Website/WWW/compile/sass/index.page
FNF:0
FNH:0
DA:1,1
DA:2,1
DA:3,1
DA:4,1
DA:5,1
DA:6,1
DA:7,1
DA:8,1
DA:9,1
DA:10,1
DA:11,1
LF:11
LH:11
BRF:0
BRH:0
end_of_record
TN:
SF:tests/core/Website/WWW/compile/search/index.page
FNF:0
FNH:0
DA:1,1
DA:2,1
DA:3,1
DA:4,1
DA:5,1
DA:6,1
DA:7,1
DA:8,1
LF:8
LH:8
BRF:0
BRH:0
end_of_record
TN:
SF:tests/core/Website/WWW/compile/search/page2.page
FNF:0
FNH:0
DA:1,1
DA:2,1
DA:3,1
DA:4,1
DA:5,1
DA:6,1
DA:7,1
DA:8,1
DA:9,1
LF:9
LH:9
BRF:0
BRH:0
end_of_record
TN:
SF:tests/core/Website/WWW/compile/search/search.serv.ts
FN:1,module.exports
FN:7,exports.default
FNF:2
FNH:2
FNDA:1,module.exports
FNDA:2,exports.default
DA:1,1
DA:2,1
DA:3,1
DA:4,1
DA:5,1
DA:6,1
DA:7,1
DA:8,2
DA:9,2
DA:10,1
LF:10
LH:10
BRDA:1,0,0,1
BRDA:7,1,0,2
BRF:2
BRH:2
end_of_record
TN:
SF:tests/core/Website/WWW/compile/search/searchbox.page
FNF:0
FNH:0
DA:1,1
DA:2,1
DA:3,1
DA:4,1
DA:5,1
DA:6,1
DA:7,1
DA:8,1
DA:9,1
DA:10,1
DA:11,1
DA:12,1
LF:12
LH:12
BRF:0
BRH:0
end_of_record
TN:
SF:tests/core/Website/WWW/compile/search/nested/page3.page
FNF:0
FNH:0
DA:1,2
DA:2,2
DA:3,2
DA:4,2
DA:5,2
DA:6,2
DA:7,2
DA:8,2
DA:9,2
DA:10,2
DA:11,2
DA:12,2
LF:12
LH:12
BRF:0
BRH:0
end_of_record
TN:
SF:tests/core/Website/WWW/compile/search_runtime/Look.inte
FNF:0
FNH:0
DA:1,2
DA:2,2
DA:3,2
DA:4,2
DA:5,2
DA:6,2
LF:6
LH:6
BRF:0
BRH:0
end_of_record
TN:
SF:tests/core/Website/WWW/compile/search_runtime/index.page
FNF:0
FNH:0
DA:1,1
DA:2,1
DA:3,1
DA:4,1
DA:5,1
DA:6,1
LF:6
LH:6
BRF:0
BRH:0
end_of_record
TN:
SF:tests/core/Website/WWW/server/index.page
FNF:0
FNH:0
DA:1,1
DA:2,1
DA:3,1
DA:4,1
DA:5,1
DA:6,1
DA:7,1
DA:8,1
DA:9,1
DA:10,1
LF:10
LH:10
BRF:0
BRH:0
end_of_record
TN:
SF:tests/core/Website/WWW/server/api/index.page
FNF:0
FNH:0
DA:1,1
DA:2,1
DA:3,1
DA:4,1
DA:5,1
DA:6,1
DA:7,1
DA:8,1
DA:9,1
DA:10,1
DA:11,1
DA:12,1
DA:13,1
DA:14,1
DA:15,1
DA:16,1
DA:17,1
DA:18,1
DA:19,1
DA:20,1
DA:21,1
LF:21
LH:21
BRF:0
BRH:0
end_of_record
TN:
SF:tests/core/Website/WWW/server/api/search.api.ts
FN:1,module.exports
FN:11,func
FNF:2
FNH:2
FNDA:1,module.exports
FNDA:1,func
DA:1,1
DA:2,1
DA:3,1
DA:4,1
DA:5,1
DA:6,1
DA:7,1
DA:8,1
DA:9,1
DA:10,1
DA:11,1
DA:12,1
DA:13,1
DA:14,1
DA:15,1
DA:16,1
LF:16
LH:16
BRDA:1,0,0,1
BRDA:11,1,0,1
BRDA:12,2,0,3
BRF:3
BRH:3
end_of_record
TN:
SF:tests/core/Website/WWW/server/binding/index.page
FNF:0
FNH:0
DA:1,1
DA:2,1
DA:3,1
DA:4,1
DA:5,1
DA:6,1
DA:7,1
DA:8,1
DA:9,1
DA:10,1
DA:11,1
DA:12,1
DA:13,1
DA:14,1
DA:15,1
DA:16,1
DA:17,1
DA:18,1
DA:19,1
DA:20,1
LF:20
LH:20
BRF:0
BRH:0
end_of_record
TN:
SF:tests/core/Website/WWW/server/binding/index.page.ts
FN:1,checkData
FNF:1
FNH:0
FNDA:0,checkData
DA:1,0
DA:2,0
DA:3,0
DA:4,1
DA:5,1
DA:6,1
DA:7,1
LF:7
LH:4
BRF:0
BRH:0
end_of_record
TN:
SF:tests/core/Website/WWW/server/import/from1.serv.ts
FN:1,module.exports
FN:5,func
FNF:2
FNH:2
FNDA:1,module.exports
FNDA:2,func
DA:1,1
DA:2,1
DA:3,1
DA:4,1
DA:5,2
DA:6,2
DA:7,1
DA:8,1
LF:8
LH:8
BRDA:1,0,0,1
BRDA:5,1,0,2
BRF:2
BRH:2
end_of_record
TN:
SF:tests/core/Website/WWW/server/import/from2.serv.ts
FN:1,module.exports
FN:5,func
FNF:2
FNH:2
FNDA:1,module.exports
FNDA:2,func
DA:1,1
DA:2,1
DA:3,1
DA:4,1
DA:5,2
DA:6,2
DA:7,1
DA:8,1
LF:8
LH:8
BRDA:1,0,0,1
BRDA:5,1,0,2
BRF:2
BRH:2
end_of_record
TN:
SF:tests/core/Website/WWW/server/import/from3.serv.ts
FN:1,module.exports
FN:4,func
FNF:2
FNH:2
FNDA:1,module.exports
FNDA:2,func
DA:1,1
DA:2,1
DA:3,1
DA:4,2
DA:5,2
DA:6,2
DA:7,1
DA:8,1
LF:8
LH:8
BRDA:1,0,0,1
BRDA:4,1,0,2
BRF:2
BRH:2
end_of_record
TN:
SF:tests/core/Website/WWW/server/import/index.page
FNF:0
FNH:0
DA:1,1
DA:2,1
DA:3,1
DA:4,1
DA:5,1
LF:5
LH:5
BRF:0
BRH:0
end_of_record
TN:
SF:tests/core/Website/WWW/server/import/index.page.ts
FN:3,message
FNF:1
FNH:1
FNDA:2,message
DA:1,1
DA:2,1
DA:3,2
LF:3
LH:3
BRDA:3,0,0,2
BRF:1
BRH:1
end_of_record
TN:
SF:tests/core/Website/WWW/server/import/circle/from1.serv.ts
FN:1,module.exports
FN:3,say1
FNF:2
FNH:1
FNDA:1,module.exports
FNDA:0,say1
DA:1,1
DA:2,1
DA:3,0
DA:4,0
DA:5,1
DA:6,1
DA:7,1
DA:8,1
LF:8
LH:6
BRDA:1,0,0,1
BRF:1
BRH:1
end_of_record
TN:
SF:tests/core/Website/WWW/server/import/circle/from2.serv.ts
FN:1,module.exports
FN:3,say2
FNF:2
FNH:1
FNDA:1,module.exports
FNDA:0,say2
DA:1,1
DA:2,1
DA:3,0
DA:4,0
DA:5,1
DA:6,1
DA:7,1
DA:8,1
LF:8
LH:6
BRDA:1,0,0,1
BRF:1
BRH:1
end_of_record
TN:
SF:tests/core/Website/WWW/server/import/circle/index.page
FNF:0
FNH:0
DA:1,1
DA:2,1
DA:3,1
LF:3
LH:3
BRF:0
BRH:0
end_of_record
TN:
SF:tests/core/Website/WWW/server/packageExport/index.page
FNF:0
FNH:0
DA:1,1
DA:2,1
DA:3,1
LF:3
LH:3
BRF:0
BRH:0
end_of_record
TN:
SF:tests/core/Website/WWW/server/packageExport/index.page.ts
FNF:0
FNH:0
DA:1,1
DA:2,1
DA:3,1
LF:3
LH:3
BRF:0
BRH:0
end_of_record
TN:
SF:tests/core/Website/WWW/server/ssr-runtime/component.inte
FNF:0
FNH:0
DA:1,1
DA:2,1
LF:2
LH:2
BRF:0
BRH:0
end_of_record
TN:
SF:tests/core/Website/WWW/server/ssr-runtime/index.page
FNF:0
FNH:0
DA:1,1
DA:2,1
DA:3,1
DA:4,1
DA:5,1
DA:6,1
DA:7,1
LF:7
LH:7
BRF:0
BRH:0
end_of_record
TN:
SF:tests/core/Website/WWW/static/index.page
FNF:0
FNH:0
DA:1,1
DA:2,1
DA:3,1
DA:4,1
DA:5,1
DA:6,1
DA:7,1
DA:8,1
DA:9,1
LF:9
LH:9
BRF:0
BRH:0
end_of_record
TN:
SF:tests/core/Website/WWW/static/sass/index.page
FNF:0
FNH:0
DA:1,2
DA:2,2
DA:3,2
DA:4,2
DA:5,2
DA:6,2
DA:7,2
LF:7
LH:7
BRF:0
BRH:0
end_of_record
TN:
SF:tests/core/Website/WWW/static/svelte/index.page
FNF:0
FNH:0
DA:1,1
DA:2,1
DA:3,1
LF:3
LH:3
BRF:0
BRH:0
end_of_record
TN:
SF:tests/core/Website/WWW/static/svelte/ssr.page
FNF:0
FNH:0
DA:1,1
DA:2,1
DA:3,1
LF:3
LH:3
BRF:0
BRH:0
end_of_record
TN:
SF:tests/core/Website/WWW/static/typescript/decorators.page
FNF:0
FNH:0
DA:1,2
DA:2,2
DA:3,2
DA:4,2
DA:5,2
DA:6,2
DA:7,2
DA:8,2
DA:9,2
DA:10,2
LF:10
LH:10
BRF:0
BRH:0
end_of_record
TN:
SF:tests/core/Website/WWW/static/typescript/index.page
FNF:0
FNH:0
DA:1,2
DA:2,2
DA:3,2
DA:4,2
DA:5,2
DA:6,2
DA:7,2
LF:7
LH:7
BRF:0
BRH:0
end_of_record
