TN:
SF:dist/SystemData/WWWCompile/compile/record/nested/page3.page.comp.js.cjs
FN:2,module.exports
FN:8,write
FNF:2
FNH:2
FNDA:1,module.exports
FNDA:1,write
DA:1,1
DA:2,1
DA:3,1
DA:4,1
DA:5,1
DA:6,1
DA:7,1
DA:8,1
DA:9,1
DA:10,1
DA:11,1
DA:12,1
DA:13,1
DA:14,1
DA:15,1
DA:16,1
DA:17,1
DA:18,1
LF:18
LH:18
BRDA:1,0,0,1
BRDA:2,1,0,1
BRDA:8,2,0,1
BRF:3
BRH:3
end_of_record
TN:
SF:dist/SystemData/WWWCompile/compile/runtime/Sample.inte.comp.js.cjs
FN:2,module.exports
FN:8,write
FNF:2
FNH:2
FNDA:2,module.exports
FNDA:12,write
DA:1,2
DA:2,2
DA:3,2
DA:4,2
DA:5,2
DA:6,2
DA:7,2
DA:8,2
DA:9,12
DA:10,12
DA:11,2
DA:12,2
DA:13,2
DA:14,2
DA:15,2
DA:16,2
DA:17,2
DA:18,2
DA:19,2
DA:20,2
DA:21,2
DA:22,2
DA:23,2
LF:23
LH:23
BRDA:1,0,0,2
BRDA:2,1,0,2
BRDA:8,2,0,12
BRF:3
BRH:3
end_of_record
TN:
SF:dist/SystemData/WWWCompile/compile/runtime/index.page.comp.js.cjs
FN:2,module.exports
FN:8,write
FNF:2
FNH:2
FNDA:1,module.exports
FNDA:5,write
DA:1,1
DA:2,1
DA:3,1
DA:4,1
DA:5,1
DA:6,1
DA:7,1
DA:8,1
DA:9,5
DA:10,5
DA:11,1
DA:12,1
DA:13,1
DA:14,1
DA:15,1
DA:16,1
DA:17,1
DA:18,1
DA:19,1
DA:20,1
DA:21,1
DA:22,1
LF:22
LH:22
BRDA:1,0,0,1
BRDA:2,1,0,1
BRDA:8,2,0,5
BRF:3
BRH:3
end_of_record
TN:
SF:dist/SystemData/WWWCompile/compile/runtime/more_compile/index.page.comp.js.cjs
FN:2,module.exports
FN:8,write
FNF:2
FNH:2
FNDA:1,module.exports
FNDA:4,write
DA:1,1
DA:2,1
DA:3,1
DA:4,1
DA:5,1
DA:6,1
DA:7,1
DA:8,1
DA:9,4
DA:10,4
DA:11,1
DA:12,1
DA:13,1
DA:14,1
DA:15,1
DA:16,1
DA:17,1
DA:18,1
DA:19,1
DA:20,1
DA:21,1
DA:22,1
DA:23,1
DA:24,1
DA:25,1
DA:26,1
DA:27,1
DA:28,1
DA:29,1
DA:30,1
DA:31,1
DA:32,1
DA:33,1
LF:33
LH:33
BRDA:1,0,0,1
BRDA:2,1,0,1
BRDA:8,2,0,4
BRF:3
BRH:3
end_of_record
TN:
SF:dist/SystemData/WWWCompile/compile/search/search.serv.ts.cjs
FN:1,module.exports
FN:1,exports.default
FNF:2
FNH:2
FNDA:1,module.exports
FNDA:1,exports.default
DA:1,1
LF:1
LH:1
BRDA:1,0,0,1
BRDA:1,1,0,1
BRDA:1,2,0,1
BRF:3
BRH:3
end_of_record
TN:
SF:dist/SystemData/WWWCompile/compile/search/nested/page3.page.comp.js.cjs
FN:2,module.exports
FN:8,write
FNF:2
FNH:2
FNDA:1,module.exports
FNDA:1,write
DA:1,1
DA:2,1
DA:3,1
DA:4,1
DA:5,1
DA:6,1
DA:7,1
DA:8,1
DA:9,1
DA:10,1
DA:11,1
DA:12,1
DA:13,1
DA:14,1
DA:15,1
DA:16,1
DA:17,1
DA:18,1
LF:18
LH:18
BRDA:1,0,0,1
BRDA:2,1,0,1
BRDA:8,2,0,1
BRF:3
BRH:3
end_of_record
TN:
SF:dist/SystemData/WWWCompile/compile/search_runtime/Look.inte.comp.js.cjs
FN:2,module.exports
FN:8,write
FNF:2
FNH:1
FNDA:2,module.exports
FNDA:0,write
DA:1,2
DA:2,2
DA:3,2
DA:4,2
DA:5,2
DA:6,2
DA:7,2
DA:8,2
DA:9,0
DA:10,0
DA:11,2
DA:12,2
DA:13,2
DA:14,2
DA:15,2
DA:16,2
DA:17,2
DA:18,2
LF:18
LH:16
BRDA:1,0,0,2
BRDA:2,1,0,2
BRF:2
BRH:2
end_of_record
TN:
SF:dist/SystemData/WWWCompile/server/api/search.api.ts.cjs
FN:1,module.exports
FNF:1
FNH:0
FNDA:0,module.exports
DA:1,1
LF:1
LH:1
BRDA:1,0,0,1
BRF:1
BRH:1
end_of_record
TN:
SF:dist/SystemData/WWWCompile/server/import/from1.serv.ts.cjs
FN:1,module.exports
FN:1,func
FNF:2
FNH:2
FNDA:1,module.exports
FNDA:1,func
DA:1,1
LF:1
LH:1
BRDA:1,0,0,1
BRDA:1,1,0,1
BRDA:1,2,0,1
BRF:3
BRH:3
end_of_record
TN:
SF:dist/SystemData/WWWCompile/server/import/from2.serv.ts.cjs
FN:1,module.exports
FN:1,func
FNF:2
FNH:2
FNDA:1,module.exports
FNDA:1,func
DA:1,2
LF:1
LH:1
BRDA:1,0,0,2
BRDA:1,1,0,1
BRDA:1,2,0,1
BRF:3
BRH:3
end_of_record
TN:
SF:dist/SystemData/WWWCompile/server/import/from3.serv.ts.cjs
FN:1,module.exports
FN:1,func
FNF:2
FNH:2
FNDA:1,module.exports
FNDA:1,func
DA:1,2
LF:1
LH:1
BRDA:1,0,0,2
BRDA:1,1,0,1
BRDA:1,2,0,1
BRF:3
BRH:3
end_of_record
TN:
SF:dist/SystemData/WWWCompile/server/import/circle/from1.serv.ts.cjs
FN:1,module.exports
FN:1,say1
FNF:2
FNH:1
FNDA:1,module.exports
FNDA:0,say1
DA:1,1
LF:1
LH:1
BRDA:1,0,0,1
BRDA:1,1,0,1
BRF:2
BRH:2
end_of_record
TN:
SF:dist/SystemData/WWWCompile/server/import/circle/from2.serv.ts.cjs
FN:1,module.exports
FN:1,say2
FNF:2
FNH:1
FNDA:1,module.exports
FNDA:0,say2
DA:1,2
LF:1
LH:1
BRDA:1,0,0,2
BRDA:1,1,0,1
BRDA:1,2,0,0
BRF:3
BRH:2
end_of_record
TN:
SF:dist/SystemData/WWWCompile/server/ssr-runtime/component.inte.cjs
FNF:0
FNH:0
DA:1,1
DA:2,1
DA:3,1
DA:4,1
DA:5,1
DA:6,1
DA:7,1
DA:8,1
DA:9,1
DA:10,1
DA:11,1
DA:12,1
DA:13,1
DA:14,1
DA:15,1
DA:16,1
DA:17,1
DA:18,1
DA:19,1
DA:20,1
DA:21,1
LF:21
LH:21
BRF:0
BRH:0
end_of_record
TN:
SF:dist/SystemData/WWWCompile/static/sass/index.page.comp.js.cjs
FN:2,module.exports
FN:8,write
FNF:2
FNH:1
FNDA:1,module.exports
FNDA:0,write
DA:1,1
DA:2,1
DA:3,1
DA:4,1
DA:5,1
DA:6,1
DA:7,1
DA:8,1
DA:9,0
DA:10,0
DA:11,1
DA:12,1
DA:13,1
DA:14,1
DA:15,1
DA:16,1
DA:17,1
DA:18,1
LF:18
LH:16
BRDA:1,0,0,1
BRDA:2,1,0,1
BRF:2
BRH:2
end_of_record
TN:
SF:dist/SystemData/WWWCompile/static/svelte/from1.svelte.ssr.cjs
FNF:0
FNH:0
DA:1,1
DA:2,1
DA:3,1
DA:4,1
DA:5,1
DA:6,1
DA:7,1
DA:8,1
DA:9,1
DA:10,1
DA:11,1
DA:12,1
DA:13,1
DA:14,1
DA:15,1
DA:16,1
DA:17,1
DA:18,1
DA:19,1
DA:20,1
DA:21,1
DA:22,1
DA:23,1
DA:24,1
DA:25,1
DA:26,1
DA:27,1
DA:28,1
DA:29,1
DA:30,1
DA:31,1
DA:32,1
LF:32
LH:32
BRDA:1,0,0,1
BRDA:12,1,0,1
BRDA:16,2,0,0
BRDA:16,3,0,0
BRDA:16,4,0,0
BRF:5
BRH:2
end_of_record
TN:
SF:dist/SystemData/WWWCompile/static/svelte/from2.svelte.ssr.cjs
FNF:0
FNH:0
DA:1,1
DA:2,1
DA:3,1
DA:4,1
DA:5,1
DA:6,1
DA:7,1
DA:8,1
DA:9,1
DA:10,1
DA:11,1
DA:12,1
DA:13,1
DA:14,1
DA:15,1
DA:16,1
DA:17,1
DA:18,1
DA:19,1
DA:20,1
DA:21,1
LF:21
LH:21
BRDA:1,0,0,1
BRDA:11,1,0,1
BRDA:14,2,0,0
BRDA:14,3,0,0
BRDA:14,4,0,0
BRF:5
BRH:2
end_of_record
TN:
SF:dist/SystemData/WWWCompile/static/typescript/decorators.page.comp.js.cjs
FN:2,module.exports
FN:8,write
FNF:2
FNH:1
FNDA:1,module.exports
FNDA:0,write
DA:1,1
DA:2,1
DA:3,1
DA:4,1
DA:5,1
DA:6,1
DA:7,1
DA:8,1
DA:9,0
DA:10,0
DA:11,1
DA:12,1
DA:13,1
DA:14,1
DA:15,1
DA:16,1
DA:17,1
DA:18,1
LF:18
LH:16
BRDA:1,0,0,1
BRDA:2,1,0,1
BRF:2
BRH:2
end_of_record
TN:
SF:dist/SystemData/WWWCompile/static/typescript/index.page.comp.js.cjs
FN:2,module.exports
FN:8,write
FNF:2
FNH:1
FNDA:1,module.exports
FNDA:0,write
DA:1,1
DA:2,1
DA:3,1
DA:4,1
DA:5,1
DA:6,1
DA:7,1
DA:8,1
DA:9,0
DA:10,0
DA:11,1
DA:12,1
DA:13,1
DA:14,1
DA:15,1
DA:16,1
DA:17,1
DA:18,1
LF:18
LH:16
BRDA:1,0,0,1
BRDA:2,1,0,1
BRF:2
BRH:2
end_of_record
TN:
SF:src/index.ts
FN:7,AsyncImport
FNF:1
FNH:0
FNDA:0,AsyncImport
DA:1,1
DA:2,1
DA:3,1
DA:4,1
DA:5,1
DA:6,1
DA:7,1
DA:8,1
DA:9,1
LF:9
LH:9
BRF:0
BRH:0
end_of_record
TN:
SF:src/BuildInComponents/Settings.ts
FNF:0
FNH:0
DA:1,1
DA:2,1
DA:3,1
DA:4,1
DA:5,1
LF:5
LH:5
BRF:0
BRH:0
end_of_record
TN:
SF:src/BuildInComponents/index.ts
FN:21,StartCompiling
FN:68,IsInclude
FN:72,finalizeBuild
FN:83,handelConnectorService
FN:90,perCompile2
FN:94,postCompile2
FN:98,perCompilePage
FN:102,postCompilePage
FNF:8
FNH:7
FNDA:126,StartCompiling
FNDA:1422,IsInclude
FNDA:33,finalizeBuild
FNDA:0,handelConnectorService
FNDA:1,perCompile2
FNDA:1,postCompile2
FNDA:41,perCompilePage
FNDA:41,postCompilePage
DA:1,1
DA:2,1
DA:3,1
DA:4,1
DA:5,1
DA:6,1
DA:7,1
DA:8,1
DA:9,1
DA:10,1
DA:11,1
DA:12,1
DA:13,1
DA:14,1
DA:15,1
DA:16,1
DA:17,1
DA:18,1
DA:19,1
DA:20,1
DA:21,1
DA:22,126
DA:23,126
DA:24,126
DA:25,0
DA:26,0
DA:27,0
DA:28,3
DA:29,3
DA:30,3
DA:31,4
DA:32,4
DA:33,4
DA:34,35
DA:35,35
DA:36,35
DA:37,2
DA:38,2
DA:39,2
DA:40,1
DA:41,1
DA:42,1
DA:43,1
DA:44,1
DA:45,1
DA:46,35
DA:47,35
DA:48,35
DA:49,0
DA:50,0
DA:51,0
DA:52,33
DA:53,33
DA:54,33
DA:55,2
DA:56,2
DA:57,2
DA:58,10
DA:59,10
DA:60,10
DA:61,0
DA:62,0
DA:63,126
DA:64,126
DA:65,126
DA:66,126
DA:67,1
DA:68,1
DA:69,1422
DA:70,1422
DA:71,1
DA:72,33
DA:73,33
DA:74,33
DA:75,33
DA:76,33
DA:77,33
DA:78,33
DA:79,33
DA:80,33
DA:81,33
DA:82,1
DA:83,1
DA:84,0
DA:85,0
DA:86,0
DA:87,0
DA:88,0
DA:89,1
DA:90,1
DA:91,1
DA:92,1
DA:93,1
DA:94,1
DA:95,1
DA:96,1
DA:97,1
DA:98,41
DA:99,41
DA:100,41
DA:101,1
DA:102,41
DA:103,41
DA:104,41
LF:104
LH:91
BRDA:21,0,0,126
BRDA:24,1,0,0
BRDA:27,2,0,3
BRDA:30,3,0,4
BRDA:33,4,0,35
BRDA:36,5,0,2
BRDA:39,6,0,1
BRDA:42,7,0,1
BRDA:45,8,0,35
BRDA:48,9,0,0
BRDA:51,10,0,33
BRDA:54,11,0,2
BRDA:57,12,0,10
BRDA:60,13,0,0
BRDA:68,14,0,1422
BRDA:72,15,0,33
BRDA:90,16,0,1
BRDA:94,17,0,1
BRDA:98,18,0,41
BRDA:99,19,0,1
BRDA:102,20,0,41
BRF:21
BRH:18
end_of_record
TN:
SF:src/BuildInComponents/Components/client.ts
FN:11,template
FN:21,BuildCode
FNF:2
FNH:0
FNDA:0,template
FNDA:0,BuildCode
DA:1,1
DA:2,1
DA:3,1
DA:4,1
DA:5,1
DA:6,1
DA:7,1
DA:8,1
DA:9,1
DA:10,1
DA:11,0
DA:12,0
DA:13,0
DA:14,0
DA:15,0
DA:16,0
DA:17,0
DA:18,0
DA:19,0
DA:20,1
DA:21,0
DA:22,0
DA:23,0
DA:24,0
DA:25,0
DA:26,0
DA:27,0
DA:28,0
DA:29,0
DA:30,0
DA:31,0
DA:32,0
DA:33,0
DA:34,0
DA:35,0
DA:36,0
DA:37,0
DA:38,0
DA:39,0
DA:40,0
DA:41,0
DA:42,0
DA:43,0
DA:44,0
DA:45,0
DA:46,0
DA:47,0
LF:47
LH:11
BRF:0
BRH:0
end_of_record
TN:
SF:src/BuildInComponents/Components/connect.ts
FN:10,template2
FN:14,BuildCode12
FN:43,addFinalizeBuild2
FN:44,addFinalizeBuildAnyConnection.returnData
FN:56,handelConnector
FNF:5
FNH:4
FNDA:1,template2
FNDA:1,BuildCode12
FNDA:33,addFinalizeBuild2
FNDA:1,addFinalizeBuildAnyConnection.returnData
FNDA:0,handelConnector
DA:1,1
DA:2,1
DA:3,1
DA:4,1
DA:5,1
DA:6,1
DA:7,1
DA:8,1
DA:9,1
DA:10,1
DA:11,1
DA:12,1
DA:13,1
DA:14,1
DA:15,1
DA:16,1
DA:17,1
DA:18,1
DA:19,1
DA:20,1
DA:21,1
DA:22,1
DA:23,1
DA:24,1
DA:25,1
DA:26,1
DA:27,1
DA:28,1
DA:29,1
DA:30,1
DA:31,1
DA:32,1
DA:33,1
DA:34,1
DA:35,1
DA:36,1
DA:37,1
DA:38,1
DA:39,1
DA:40,1
DA:41,1
DA:42,1
DA:43,1
DA:44,33
DA:45,1
DA:46,1
DA:47,1
DA:48,1
DA:49,1
DA:50,1
DA:51,1
DA:52,1
DA:53,33
DA:54,33
DA:55,1
DA:56,0
DA:57,0
DA:58,0
DA:59,0
DA:60,0
DA:61,0
DA:62,0
DA:63,0
DA:64,0
DA:65,0
DA:66,0
DA:67,0
DA:68,0
DA:69,0
DA:70,0
DA:71,0
DA:72,0
DA:73,0
DA:74,0
DA:75,0
DA:76,0
DA:77,0
DA:78,0
DA:79,0
DA:80,0
DA:81,0
LF:81
LH:55
BRDA:10,0,0,1
BRDA:14,1,0,1
BRDA:20,2,0,0
BRDA:34,3,0,0
BRDA:31,4,0,2
BRDA:43,5,0,33
BRDA:44,6,0,1
BRDA:50,7,0,0
BRDA:51,8,0,0
BRF:9
BRH:5
end_of_record
TN:
SF:src/BuildInComponents/Components/form.ts
FN:11,BuildCode13
FN:66,addFinalizeBuild3
FN:80,handelConnector2
FNF:3
FNH:2
FNDA:35,BuildCode13
FNDA:33,addFinalizeBuild3
FNDA:0,handelConnector2
DA:1,1
DA:2,1
DA:3,1
DA:4,1
DA:5,1
DA:6,1
DA:7,1
DA:8,1
DA:9,1
DA:10,1
DA:11,35
DA:12,35
DA:13,35
DA:14,35
DA:15,35
DA:16,35
DA:17,34
DA:18,34
DA:19,34
DA:20,34
DA:21,1
DA:22,1
DA:23,1
DA:24,1
DA:25,35
DA:26,35
DA:27,35
DA:28,35
DA:29,7
DA:30,7
DA:31,7
DA:32,7
DA:33,7
DA:34,7
DA:35,1
DA:36,35
DA:37,35
DA:38,35
DA:39,1
DA:40,1
DA:41,1
DA:42,1
DA:43,1
DA:44,1
DA:45,1
DA:46,35
DA:47,35
DA:48,35
DA:49,35
DA:50,35
DA:51,35
DA:52,35
DA:53,35
DA:54,35
DA:55,35
DA:56,35
DA:57,35
DA:58,1
DA:59,1
DA:60,1
DA:61,1
DA:62,1
DA:63,1
DA:64,1
DA:65,1
DA:66,1
DA:67,33
DA:68,1
DA:69,1
DA:70,1
DA:71,1
DA:72,1
DA:73,1
DA:74,1
DA:75,1
DA:76,1
DA:77,33
DA:78,33
DA:79,1
DA:80,0
DA:81,0
DA:82,0
DA:83,0
DA:84,0
DA:85,0
DA:86,0
DA:87,0
DA:88,0
DA:89,0
DA:90,0
DA:91,0
DA:92,0
DA:93,0
DA:94,0
DA:95,0
DA:96,0
DA:97,0
DA:98,0
DA:99,0
DA:100,0
DA:101,0
DA:102,0
DA:103,0
DA:104,0
DA:105,0
DA:106,0
DA:107,0
DA:108,0
DA:109,0
DA:110,0
DA:111,0
DA:112,0
DA:113,0
DA:114,0
DA:115,0
DA:116,0
DA:117,0
DA:118,0
LF:118
LH:79
BRDA:11,0,0,35
BRDA:16,1,0,34
BRDA:20,2,0,1
BRDA:25,3,0,0
BRDA:28,4,0,1
BRDA:38,5,0,0
BRDA:38,6,0,1
BRDA:57,7,0,1
BRDA:28,8,0,7
BRDA:66,9,0,33
BRDA:67,10,0,1
BRDA:72,11,0,0
BRDA:73,12,0,0
BRDA:74,13,0,0
BRDA:73,14,0,7
BRF:15
BRH:10
end_of_record
TN:
SF:src/BuildInComponents/Components/head.ts
FN:11,BuildCode11
FN:19,addFinalizeBuild
FN:23,removeBundle
FNF:3
FNH:3
FNDA:33,BuildCode11
FNDA:33,addFinalizeBuild
FNDA:33,removeBundle
DA:1,1
DA:2,1
DA:3,1
DA:4,1
DA:5,1
DA:6,1
DA:7,1
DA:8,1
DA:9,1
DA:10,1
DA:11,33
DA:12,33
DA:13,33
DA:14,33
DA:15,33
DA:16,33
DA:17,33
DA:18,1
DA:19,33
DA:20,33
DA:21,33
DA:22,33
DA:23,33
DA:24,33
DA:25,33
DA:26,33
DA:27,33
DA:28,16
DA:29,16
DA:30,16
DA:31,16
DA:32,33
DA:33,33
DA:34,32
DA:35,32
DA:36,33
DA:37,0
DA:38,0
DA:39,0
LF:39
LH:36
BRDA:11,0,0,33
BRDA:19,1,0,33
BRDA:27,2,0,17
BRDA:27,3,0,16
BRDA:32,4,0,32
BRDA:33,5,0,32
BRDA:36,6,0,16
BRDA:36,7,0,0
BRDA:23,8,0,33
BRDA:23,9,0,66
BRDA:33,10,0,17
BRF:11
BRH:10
end_of_record
TN:
SF:src/BuildInComponents/Components/isolate.ts
FN:4,isolate
FNF:1
FNH:0
FNDA:0,isolate
DA:1,1
DA:2,1
DA:3,1
DA:4,0
DA:5,0
DA:6,0
DA:7,0
DA:8,0
DA:9,0
DA:10,0
DA:11,0
DA:12,0
DA:13,0
LF:13
LH:3
BRF:0
BRH:0
end_of_record
TN:
SF:src/BuildInComponents/Components/markdown.ts
FN:19,codeWithCopy
FN:21,renderCode
FN:37,BuildCode10
FN:51,highlight
FN:76,slugify
FN:156,splitStart
FN:164,createAutoTheme
FNF:7
FNH:6
FNDA:10,codeWithCopy
FNDA:20,renderCode
FNDA:10,BuildCode10
FNDA:10,highlight
FNDA:7,slugify
FNDA:0,splitStart
FNDA:10,createAutoTheme
DA:1,1
DA:2,1
DA:3,1
DA:4,1
DA:5,1
DA:6,1
DA:7,1
DA:8,1
DA:9,1
DA:10,1
DA:11,1
DA:12,1
DA:13,1
DA:14,1
DA:15,1
DA:16,1
DA:17,1
DA:18,1
DA:19,10
DA:20,10
DA:21,10
DA:22,20
DA:23,10
DA:24,10
DA:25,10
DA:26,10
DA:27,10
DA:28,10
DA:29,10
DA:30,10
DA:31,20
DA:32,10
DA:33,10
DA:34,10
DA:35,10
DA:36,1
DA:37,10
DA:38,10
DA:39,10
DA:40,10
DA:41,10
DA:42,10
DA:43,10
DA:44,10
DA:45,10
DA:46,10
DA:47,10
DA:48,10
DA:49,10
DA:50,10
DA:51,10
DA:52,10
DA:53,10
DA:54,10
DA:55,10
DA:56,10
DA:57,0
DA:58,0
DA:59,0
DA:60,0
DA:61,0
DA:62,0
DA:63,0
DA:64,10
DA:65,0
DA:66,0
DA:67,10
DA:68,10
DA:69,10
DA:70,10
DA:71,10
DA:72,10
DA:73,10
DA:74,10
DA:75,10
DA:76,10
DA:77,10
DA:78,10
DA:79,10
DA:80,10
DA:81,10
DA:82,10
DA:83,10
DA:84,10
DA:85,10
DA:86,10
DA:87,10
DA:88,10
DA:89,10
DA:90,1
DA:91,1
DA:92,1
DA:93,1
DA:94,1
DA:95,1
DA:96,1
DA:97,10
DA:98,10
DA:99,10
DA:100,10
DA:101,10
DA:102,10
DA:103,4
DA:104,4
DA:105,4
DA:106,4
DA:107,4
DA:108,4
DA:109,4
DA:110,4
DA:111,10
DA:112,10
DA:113,10
DA:114,10
DA:115,10
DA:116,10
DA:117,10
DA:118,10
DA:119,10
DA:120,10
DA:121,10
DA:122,10
DA:123,10
DA:124,10
DA:125,1
DA:126,1
DA:127,1
DA:128,1
DA:129,1
DA:130,1
DA:131,1
DA:132,1
DA:133,1
DA:134,1
DA:135,1
DA:136,1
DA:137,1
DA:138,1
DA:139,1
DA:140,1
DA:141,1
DA:142,1
DA:143,1
DA:144,1
DA:145,1
DA:146,1
DA:147,1
DA:148,1
DA:149,1
DA:150,1
DA:151,1
DA:152,1
DA:153,1
DA:154,1
DA:155,1
DA:156,0
DA:157,0
DA:158,0
DA:159,0
DA:160,0
DA:161,1
DA:162,1
DA:163,1
DA:164,10
DA:165,10
DA:166,10
DA:167,0
DA:168,0
DA:169,10
DA:170,10
DA:171,0
DA:172,0
DA:173,0
DA:174,0
DA:175,0
DA:176,0
DA:177,0
DA:178,0
DA:179,0
DA:180,0
DA:181,0
DA:182,1
DA:183,1
DA:184,1
DA:185,1
DA:186,1
LF:186
LH:159
BRDA:19,0,0,10
BRDA:21,1,0,20
BRDA:22,2,0,10
BRDA:37,3,0,10
BRDA:41,4,0,0
BRDA:41,5,0,0
BRDA:47,6,0,0
BRDA:48,7,0,0
BRDA:49,8,0,0
BRDA:70,9,0,0
BRDA:74,10,0,0
BRDA:80,11,0,0
BRDA:83,12,0,0
BRDA:86,13,0,1
BRDA:89,14,0,1
BRDA:89,15,0,1
BRDA:90,16,0,0
BRDA:100,17,0,0
BRDA:102,18,0,4
BRDA:114,19,0,0
BRDA:51,20,0,10
BRDA:56,21,0,0
BRDA:64,22,0,0
BRDA:72,23,0,10
BRDA:76,24,0,7
BRDA:156,25,0,0
BRDA:164,26,0,10
BRDA:166,27,0,0
BRDA:170,28,0,0
BRF:29
BRH:12
end_of_record
TN:
SF:src/BuildInComponents/Components/page.ts
FN:15,InFolderPagePath
FN:27,BuildCode8
FNF:2
FNH:2
FNDA:1,InFolderPagePath
FNDA:1,BuildCode8
DA:1,1
DA:2,1
DA:3,1
DA:4,1
DA:5,1
DA:6,1
DA:7,1
DA:8,1
DA:9,1
DA:10,1
DA:11,1
DA:12,1
DA:13,1
DA:14,1
DA:15,1
DA:16,1
DA:17,0
DA:18,0
DA:19,1
DA:20,1
DA:21,1
DA:22,1
DA:23,1
DA:24,1
DA:25,1
DA:26,1
DA:27,1
DA:28,1
DA:29,1
DA:30,1
DA:31,1
DA:32,1
DA:33,1
DA:34,1
DA:35,0
DA:36,0
DA:37,0
DA:38,0
DA:39,0
DA:40,0
DA:41,0
DA:42,0
DA:43,0
DA:44,0
DA:45,0
DA:46,1
DA:47,1
DA:48,1
DA:49,1
DA:50,1
DA:51,1
DA:52,1
DA:53,1
DA:54,1
DA:55,1
DA:56,1
DA:57,1
DA:58,1
DA:59,1
DA:60,0
DA:61,0
DA:62,0
DA:63,0
DA:64,0
DA:65,0
DA:66,0
DA:67,1
DA:68,1
DA:69,1
DA:70,1
DA:71,1
LF:71
LH:51
BRDA:15,0,0,1
BRDA:16,1,0,0
BRDA:27,2,0,1
BRDA:34,3,0,0
BRDA:50,4,0,0
BRDA:59,5,0,0
BRF:6
BRH:2
end_of_record
TN:
SF:src/BuildInComponents/Components/record.ts
FN:15,recordLink
FN:19,makeRecordPath
FN:33,BuildCode14
FN:66,deleteBeforeReBuild
FN:78,updateRecords
FN:90,perCompile
FN:94,postCompile
FNF:7
FNH:7
FNDA:7,recordLink
FNDA:7,makeRecordPath
FNDA:3,BuildCode14
FNDA:1,deleteBeforeReBuild
FNDA:33,updateRecords
FNDA:1,perCompile
FNDA:1,postCompile
DA:1,1
DA:2,1
DA:3,1
DA:4,1
DA:5,1
DA:6,1
DA:7,1
DA:8,1
DA:9,1
DA:10,1
DA:11,1
DA:12,1
DA:13,1
DA:14,1
DA:15,7
DA:16,7
DA:17,7
DA:18,1
DA:19,1
DA:20,7
DA:21,7
DA:22,7
DA:23,7
DA:24,7
DA:25,7
DA:26,7
DA:27,7
DA:28,7
DA:29,7
DA:30,7
DA:31,7
DA:32,1
DA:33,3
DA:34,3
DA:35,3
DA:36,3
DA:37,3
DA:38,3
DA:39,0
DA:40,0
DA:41,3
DA:42,3
DA:43,3
DA:44,3
DA:45,3
DA:46,3
DA:47,3
DA:48,5
DA:49,4
DA:50,4
DA:51,5
DA:52,3
DA:53,3
DA:54,3
DA:55,3
DA:56,3
DA:57,3
DA:58,3
DA:59,3
DA:60,3
DA:61,3
DA:62,3
DA:63,3
DA:64,3
DA:65,1
DA:66,1
DA:67,1
DA:68,1
DA:69,0
DA:70,0
DA:71,0
DA:72,0
DA:73,0
DA:74,0
DA:75,0
DA:76,1
DA:77,1
DA:78,33
DA:79,33
DA:80,33
DA:81,33
DA:82,0
DA:83,0
DA:84,0
DA:85,0
DA:86,0
DA:87,0
DA:88,0
DA:89,1
DA:90,1
DA:91,1
DA:92,1
DA:93,1
DA:94,1
DA:95,1
DA:96,2
DA:97,2
DA:98,2
DA:99,2
DA:100,1
LF:100
LH:84
BRDA:15,0,0,7
BRDA:19,1,0,7
BRDA:33,2,0,3
BRDA:38,3,0,0
BRDA:47,4,0,5
BRDA:48,5,0,4
BRDA:66,6,0,1
BRDA:68,7,0,0
BRDA:78,8,0,33
BRDA:81,9,0,0
BRDA:90,10,0,1
BRDA:94,11,0,1
BRDA:95,12,0,2
BRF:13
BRH:10
end_of_record
TN:
SF:src/BuildInComponents/Components/search.ts
FN:11,BuildCode15
FN:49,buildObject
FNF:2
FNH:2
FNDA:4,BuildCode15
FNDA:4,buildObject
DA:1,1
DA:2,1
DA:3,1
DA:4,1
DA:5,1
DA:6,1
DA:7,1
DA:8,1
DA:9,1
DA:10,1
DA:11,4
DA:12,4
DA:13,4
DA:14,4
DA:15,4
DA:16,4
DA:17,0
DA:18,0
DA:19,4
DA:20,4
DA:21,4
DA:22,4
DA:23,4
DA:24,4
DA:25,4
DA:26,6
DA:27,5
DA:28,5
DA:29,6
DA:30,4
DA:31,4
DA:32,4
DA:33,4
DA:34,4
DA:35,4
DA:36,4
DA:37,0
DA:38,0
DA:39,0
DA:40,0
DA:41,0
DA:42,0
DA:43,4
DA:44,4
DA:45,4
DA:46,4
DA:47,4
DA:48,1
DA:49,4
DA:50,4
DA:51,4
DA:52,4
DA:53,4
DA:54,4
DA:55,4
DA:56,4
DA:57,4
DA:58,4
DA:59,4
DA:60,4
DA:61,4
DA:62,4
DA:63,4
DA:64,4
DA:65,4
DA:66,4
DA:67,4
DA:68,4
DA:69,4
DA:70,4
LF:70
LH:62
BRDA:11,0,0,4
BRDA:16,1,0,0
BRDA:25,2,0,6
BRDA:26,3,0,5
BRDA:36,4,0,0
BRDA:49,5,0,4
BRF:6
BRH:4
end_of_record
TN:
SF:src/BuildInComponents/Components/svelte.ts
FN:14,ssrHTML
FN:15,getV
FN:16,gv
FN:30,BuildCode9
FN:38,have
FNF:5
FNH:5
FNDA:1,ssrHTML
FNDA:2,getV
FNDA:4,gv
FNDA:2,BuildCode9
FNDA:4,have
DA:1,1
DA:2,1
DA:3,1
DA:4,1
DA:5,1
DA:6,1
DA:7,1
DA:8,1
DA:9,1
DA:10,1
DA:11,1
DA:12,1
DA:13,1
DA:14,1
DA:15,1
DA:16,2
DA:17,2
DA:18,2
DA:19,2
DA:20,2
DA:21,1
DA:22,1
DA:23,1
DA:24,1
DA:25,1
DA:26,1
DA:27,1
DA:28,1
DA:29,1
DA:30,2
DA:31,2
DA:32,2
DA:33,2
DA:34,2
DA:35,2
DA:36,2
DA:37,2
DA:38,2
DA:39,4
DA:40,4
DA:41,2
DA:42,2
DA:43,2
DA:44,2
DA:45,2
DA:46,2
DA:47,2
DA:48,2
DA:49,2
DA:50,2
DA:51,2
DA:52,2
DA:53,2
DA:54,2
DA:55,2
DA:56,2
DA:57,2
DA:58,2
LF:58
LH:58
BRDA:14,0,0,1
BRDA:15,1,0,2
BRDA:19,2,0,1
BRDA:19,3,0,1
BRDA:16,4,0,4
BRDA:30,5,0,2
BRDA:43,6,0,1
BRDA:48,7,0,0
BRDA:51,8,0,1
BRDA:51,9,0,1
BRDA:55,10,0,0
BRDA:38,11,0,4
BRDA:40,12,0,1
BRDA:40,13,0,3
BRF:14
BRH:12
end_of_record
TN:
SF:src/BuildInComponents/Components/script/client.ts
FN:7,BuildCode3
FNF:1
FNH:1
FNDA:2,BuildCode3
DA:1,1
DA:2,1
DA:3,1
DA:4,1
DA:5,1
DA:6,1
DA:7,2
DA:8,2
DA:9,2
DA:10,2
DA:11,2
DA:12,0
DA:13,0
DA:14,2
DA:15,2
DA:16,2
DA:17,2
DA:18,2
DA:19,2
DA:20,0
DA:21,2
DA:22,2
DA:23,2
DA:24,2
DA:25,2
DA:26,2
DA:27,2
DA:28,2
LF:28
LH:25
BRDA:7,0,0,2
BRDA:8,1,0,0
BRDA:11,2,0,0
BRDA:17,3,0,0
BRDA:19,4,0,0
BRF:5
BRH:1
end_of_record
TN:
SF:src/BuildInComponents/Components/script/index.ts
FN:11,BuildCode4
FNF:1
FNH:1
FNDA:35,BuildCode4
DA:1,1
DA:2,1
DA:3,1
DA:4,1
DA:5,1
DA:6,1
DA:7,1
DA:8,1
DA:9,1
DA:10,1
DA:11,35
DA:12,35
DA:13,35
DA:14,35
DA:15,33
DA:16,33
DA:17,2
DA:18,2
DA:19,2
DA:20,35
DA:21,0
DA:22,0
DA:23,2
DA:24,2
DA:25,2
LF:25
LH:23
BRDA:11,0,0,35
BRDA:14,1,0,33
BRDA:15,2,0,1
BRDA:16,3,0,2
BRDA:20,4,0,0
BRDA:22,5,0,2
BRF:6
BRH:5
end_of_record
TN:
SF:src/BuildInComponents/Components/script/load-options.ts
FN:7,transpilerWithOptions
FNF:1
FNH:1
FNDA:2,transpilerWithOptions
DA:1,1
DA:2,1
DA:3,1
DA:4,1
DA:5,1
DA:6,1
DA:7,2
DA:8,2
DA:9,2
DA:10,2
DA:11,2
DA:12,2
DA:13,2
DA:14,2
DA:15,2
DA:16,2
DA:17,2
DA:18,2
DA:19,2
DA:20,2
DA:21,2
DA:22,2
DA:23,2
DA:24,0
DA:25,0
DA:26,0
DA:27,0
DA:28,0
DA:29,0
DA:30,0
DA:31,0
DA:32,0
DA:33,0
DA:34,0
DA:35,0
DA:36,0
DA:37,0
DA:38,0
DA:39,0
DA:40,0
DA:41,0
DA:42,0
DA:43,0
DA:44,0
DA:45,0
DA:46,0
DA:47,2
DA:48,2
DA:49,2
DA:50,2
DA:51,2
DA:52,2
DA:53,2
DA:54,0
DA:55,0
DA:56,2
DA:57,2
DA:58,2
LF:58
LH:33
BRDA:7,0,0,2
BRDA:23,1,0,0
BRDA:30,2,0,0
BRDA:38,3,0,0
BRDA:53,4,0,0
BRF:5
BRH:1
end_of_record
TN:
SF:src/BuildInComponents/Components/script/server.ts
FN:8,BuildCode2
FNF:1
FNH:0
FNDA:0,BuildCode2
DA:1,1
DA:2,1
DA:3,1
DA:4,1
DA:5,1
DA:6,1
DA:7,1
DA:8,0
DA:9,0
DA:10,0
DA:11,0
DA:12,0
DA:13,0
DA:14,0
DA:15,0
DA:16,0
DA:17,0
DA:18,0
DA:19,0
DA:20,0
DA:21,0
DA:22,0
DA:23,0
LF:23
LH:7
BRF:0
BRH:0
end_of_record
TN:
SF:src/BuildInComponents/Components/serv-connect/connect-node.ts
FN:5,addFinalizeBuildAnyConnection
FN:18,scriptData
FNF:2
FNH:2
FNDA:66,addFinalizeBuildAnyConnection
FNDA:2,scriptData
DA:1,1
DA:2,1
DA:3,1
DA:4,1
DA:5,1
DA:6,66
DA:7,66
DA:8,2
DA:9,66
DA:10,4
DA:11,4
DA:12,2
DA:13,2
DA:14,2
DA:15,2
DA:16,2
DA:17,2
DA:18,2
DA:19,2
DA:20,2
DA:21,2
DA:22,2
DA:23,2
DA:24,2
DA:25,2
DA:26,2
DA:27,2
DA:28,2
DA:29,2
DA:30,4
DA:31,2
DA:32,2
DA:33,4
DA:34,4
DA:35,2
DA:36,2
DA:37,2
LF:37
LH:37
BRDA:5,0,0,66
BRDA:7,1,0,64
BRDA:7,2,0,2
BRDA:9,3,0,4
BRDA:11,4,0,2
BRDA:30,5,0,0
BRDA:30,6,0,2
BRDA:34,7,0,2
BRDA:6,8,0,3
BRDA:18,9,0,2
BRDA:21,10,0,1
BRDA:21,11,0,1
BRF:12
BRH:11
end_of_record
TN:
SF:src/BuildInComponents/Components/serv-connect/index.ts
FN:14,builtInConnectionRegex.string-length-range
FN:15,builtInConnectionRegex.string-length-range
FN:21,builtInConnectionRegex.number-range-integer
FN:26,builtInConnectionRegex.number-range-float
FN:27,builtInConnectionRegex.number-range-float
FN:33,builtInConnectionRegex.multiple-choice-string
FN:39,builtInConnectionRegex.multiple-choice-number
FN:54,compileValues
FN:68,makeValidationJSON
FN:126,parseValues
FNF:10
FNH:3
FNDA:2,builtInConnectionRegex.string-length-range
FNDA:0,builtInConnectionRegex.string-length-range
FNDA:0,builtInConnectionRegex.number-range-integer
FNDA:2,builtInConnectionRegex.number-range-float
FNDA:0,builtInConnectionRegex.number-range-float
FNDA:0,builtInConnectionRegex.multiple-choice-string
FNDA:0,builtInConnectionRegex.multiple-choice-number
FNDA:9,compileValues
FNDA:0,makeValidationJSON
FNDA:0,parseValues
DA:1,1
DA:2,1
DA:3,1
DA:4,1
DA:5,1
DA:6,1
DA:7,1
DA:8,1
DA:9,1
DA:10,1
DA:11,1
DA:12,1
DA:13,1
DA:14,1
DA:15,1
DA:16,1
DA:17,1
DA:18,1
DA:19,1
DA:20,1
DA:21,1
DA:22,1
DA:23,1
DA:24,1
DA:25,1
DA:26,1
DA:27,1
DA:28,1
DA:29,1
DA:30,1
DA:31,1
DA:32,1
DA:33,1
DA:34,1
DA:35,1
DA:36,1
DA:37,1
DA:38,1
DA:39,1
DA:40,1
DA:41,1
DA:42,1
DA:43,1
DA:44,1
DA:45,1
DA:46,1
DA:47,5
DA:48,5
DA:49,5
DA:50,5
DA:51,5
DA:52,1
DA:53,1
DA:54,1
DA:55,9
DA:56,9
DA:57,9
DA:58,9
DA:59,8
DA:60,8
DA:61,9
DA:62,22
DA:63,2
DA:64,2
DA:65,2
DA:66,1
DA:67,1
DA:68,0
DA:69,0
DA:70,0
DA:71,0
DA:72,0
DA:73,0
DA:74,0
DA:75,0
DA:76,0
DA:77,0
DA:78,0
DA:79,0
DA:80,0
DA:81,0
DA:82,0
DA:83,0
DA:84,0
DA:85,0
DA:86,0
DA:87,0
DA:88,0
DA:89,0
DA:90,0
DA:91,0
DA:92,0
DA:93,0
DA:94,0
DA:95,0
DA:96,0
DA:97,0
DA:98,0
DA:99,0
DA:100,0
DA:101,0
DA:102,0
DA:103,0
DA:104,0
DA:105,0
DA:106,0
DA:107,0
DA:108,0
DA:109,0
DA:110,0
DA:111,0
DA:112,0
DA:113,0
DA:114,0
DA:115,0
DA:116,0
DA:117,0
DA:118,0
DA:119,0
DA:120,0
DA:121,0
DA:122,0
DA:123,0
DA:124,0
DA:125,1
DA:126,1
DA:127,0
DA:128,0
DA:129,0
DA:130,0
DA:131,0
DA:132,0
DA:133,0
DA:134,0
DA:135,0
DA:136,0
DA:137,0
DA:138,0
DA:139,0
DA:140,0
DA:141,0
DA:142,0
DA:143,0
DA:144,0
LF:144
LH:69
BRDA:46,0,0,5
BRDA:50,1,0,3
BRDA:14,2,0,2
BRDA:14,3,0,4
BRDA:20,4,0,2
BRDA:20,5,0,4
BRDA:26,6,0,2
BRDA:26,7,0,4
BRDA:54,8,0,9
BRDA:58,9,0,1
BRDA:58,10,0,8
BRDA:61,11,0,22
BRDA:62,12,0,6
BRDA:62,13,0,2
BRF:14
BRH:14
end_of_record
TN:
SF:src/BuildInComponents/Components/style/client.ts
FN:8,BuildCode6
FNF:1
FNH:1
FNDA:2,BuildCode6
DA:1,1
DA:2,1
DA:3,1
DA:4,1
DA:5,1
DA:6,1
DA:7,1
DA:8,2
DA:9,2
DA:10,2
DA:11,2
DA:12,0
DA:13,0
DA:14,2
DA:15,2
DA:16,2
DA:17,2
DA:18,2
DA:19,2
DA:20,2
DA:21,2
DA:22,2
DA:23,2
DA:24,2
DA:25,2
DA:26,2
DA:27,2
DA:28,2
LF:28
LH:26
BRDA:8,0,0,2
BRDA:11,1,0,0
BRDA:21,2,0,0
BRF:3
BRH:1
end_of_record
TN:
SF:src/BuildInComponents/Components/style/index.ts
FN:9,BuildCode7
FNF:1
FNH:1
FNDA:2,BuildCode7
DA:1,1
DA:2,1
DA:3,1
DA:4,1
DA:5,1
DA:6,1
DA:7,1
DA:8,1
DA:9,2
DA:10,2
DA:11,2
DA:12,2
DA:13,0
DA:14,0
DA:15,2
DA:16,2
DA:17,2
LF:17
LH:15
BRDA:9,0,0,2
BRDA:12,1,0,0
BRF:2
BRH:1
end_of_record
TN:
SF:src/BuildInComponents/Components/style/sass.ts
FN:15,createImporter
FN:17,findFileUrl
FN:31,minifyPluginSass
FN:35,sassStyle
FN:39,sassSyntax
FN:43,sassAndSource
FN:52,getSassErrorLine
FN:57,PrintSassError
FN:66,PrintSassErrorTracker
FN:79,compileSass
FNF:10
FNH:6
FNDA:13,createImporter
FNDA:10,findFileUrl
FNDA:13,minifyPluginSass
FNDA:11,sassStyle
FNDA:13,sassSyntax
FNDA:0,sassAndSource
FNDA:0,getSassErrorLine
FNDA:0,PrintSassError
FNDA:0,PrintSassErrorTracker
FNDA:2,compileSass
DA:1,1
DA:2,1
DA:3,1
DA:4,1
DA:5,1
DA:6,1
DA:7,1
DA:8,1
DA:9,1
DA:10,1
DA:11,1
DA:12,1
DA:13,1
DA:14,1
DA:15,1
DA:16,13
DA:17,13
DA:18,10
DA:19,1
DA:20,1
DA:21,1
DA:22,1
DA:23,1
DA:24,9
DA:25,9
DA:26,10
DA:27,13
DA:28,13
DA:29,1
DA:30,1
DA:31,13
DA:32,13
DA:33,13
DA:34,1
DA:35,1
DA:36,11
DA:37,11
DA:38,1
DA:39,1
DA:40,13
DA:41,13
DA:42,1
DA:43,1
DA:44,0
DA:45,0
DA:46,0
DA:47,0
DA:48,0
DA:49,0
DA:50,0
DA:51,1
DA:52,1
DA:53,0
DA:54,0
DA:55,0
DA:56,1
DA:57,1
DA:58,0
DA:59,0
DA:60,0
DA:61,0
DA:62,0
DA:63,0
DA:64,0
DA:65,1
DA:66,1
DA:67,0
DA:68,0
DA:69,0
DA:70,0
DA:71,0
DA:72,0
DA:73,0
DA:74,0
DA:75,0
DA:76,0
DA:77,0
DA:78,1
DA:79,2
DA:80,2
DA:81,2
DA:82,2
DA:83,2
DA:84,2
DA:85,2
DA:86,2
DA:87,2
DA:88,2
DA:89,2
DA:90,2
DA:91,2
DA:92,2
DA:93,2
DA:94,2
DA:95,0
DA:96,0
DA:97,0
DA:98,0
DA:99,0
DA:100,0
DA:101,0
DA:102,2
DA:103,2
DA:104,2
DA:105,3
DA:106,3
DA:107,3
DA:108,2
DA:109,2
DA:110,2
DA:111,2
DA:112,2
LF:112
LH:77
BRDA:15,0,0,13
BRDA:17,1,0,10
BRDA:18,2,0,9
BRDA:18,3,0,1
BRDA:21,4,0,0
BRDA:23,5,0,9
BRDA:31,6,0,13
BRDA:32,7,0,12
BRDA:32,8,0,1
BRDA:35,9,0,11
BRDA:36,10,0,0
BRDA:39,11,0,13
BRDA:40,12,0,12
BRDA:40,13,0,1
BRDA:57,14,0,0
BRDA:79,15,0,2
BRDA:89,16,0,0
BRDA:93,17,0,0
BRDA:94,18,0,0
BRDA:104,19,0,3
BRDA:110,20,0,0
BRF:21
BRH:14
end_of_record
TN:
SF:src/BuildInComponents/Components/style/server.ts
FN:9,BuildCode5
FNF:1
FNH:0
FNDA:0,BuildCode5
DA:1,1
DA:2,1
DA:3,1
DA:4,1
DA:5,1
DA:6,1
DA:7,1
DA:8,1
DA:9,0
DA:10,0
DA:11,0
DA:12,0
DA:13,0
DA:14,0
DA:15,0
DA:16,0
DA:17,0
DA:18,0
DA:19,0
DA:20,0
DA:21,0
DA:22,0
DA:23,0
DA:24,0
DA:25,0
LF:25
LH:8
BRF:0
BRH:0
end_of_record
TN:
SF:src/CompileCode/InsertComponent.ts
FN:41,InsertComponent
FN:47,FindSpecialTagByStart
FN:55,findIndexSearchTag
FN:75,CheckMinHTML
FN:82,CheckMinHTMLText
FN:92,ReBuildTag
FN:115,exportDefaultValues
FN:133,addDefaultValues
FN:143,parseComponentProps
FN:154,buildTagBasic
FN:172,addSpacialAttributes
FN:182,insertTagData
FN:197,ReBuildTag
FN:253,CheckDoubleSpace
FN:277,StartReplace
FN:375,RemoveUnnecessarySpace
FN:379,Insert
FNF:17
FNH:16
FNDA:1,InsertComponent
FNDA:1817,FindSpecialTagByStart
FNDA:0,findIndexSearchTag
FNDA:2612,CheckMinHTML
FNDA:751,CheckMinHTMLText
FNDA:1160,ReBuildTag
FNDA:271,exportDefaultValues
FNDA:139,addDefaultValues
FNDA:139,parseComponentProps
FNDA:139,buildTagBasic
FNDA:136,addSpacialAttributes
FNDA:1422,insertTagData
FNDA:1160,ReBuildTag
FNDA:4034,CheckDoubleSpace
FNDA:1190,StartReplace
FNDA:34,RemoveUnnecessarySpace
FNDA:34,Insert
DA:1,1
DA:2,1
DA:3,1
DA:4,1
DA:5,1
DA:6,1
DA:7,1
DA:8,1
DA:9,1
DA:10,1
DA:11,1
DA:12,1
DA:13,1
DA:14,1
DA:15,1
DA:16,1
DA:17,1
DA:18,1
DA:19,1
DA:20,1
DA:21,1
DA:22,1
DA:23,1
DA:24,1
DA:25,1
DA:26,1
DA:27,1
DA:28,1
DA:29,1
DA:30,1
DA:31,1
DA:32,1
DA:33,1
DA:34,1
DA:35,1
DA:36,1
DA:37,1
DA:38,1
DA:39,1
DA:40,1
DA:41,1
DA:42,1
DA:43,1
DA:44,1
DA:45,1
DA:46,1
DA:47,1
DA:48,1817
DA:49,3634
DA:50,0
DA:51,0
DA:52,3634
DA:53,1817
DA:54,1
DA:55,1
DA:56,0
DA:57,0
DA:58,0
DA:59,0
DA:60,0
DA:61,0
DA:62,0
DA:63,0
DA:64,0
DA:65,0
DA:66,0
DA:67,0
DA:68,0
DA:69,0
DA:70,0
DA:71,0
DA:72,0
DA:73,0
DA:74,1
DA:75,1
DA:76,2612
DA:77,2612
DA:78,2612
DA:79,2612
DA:80,2612
DA:81,1
DA:82,1
DA:83,751
DA:84,0
DA:85,0
DA:86,751
DA:87,751
DA:88,317
DA:89,317
DA:90,751
DA:91,751
DA:92,751
DA:93,1160
DA:94,1160
DA:95,1160
DA:96,1160
DA:97,1160
DA:98,1160
DA:99,1160
DA:100,1160
DA:101,1160
DA:102,1160
DA:103,1160
DA:104,1160
DA:105,1160
DA:106,1160
DA:107,942
DA:108,1160
DA:109,218
DA:110,218
DA:111,1160
DA:112,1160
DA:113,1160
DA:114,1
DA:115,1
DA:116,271
DA:117,271
DA:118,271
DA:119,271
DA:120,132
DA:121,132
DA:122,132
DA:123,132
DA:124,132
DA:125,132
DA:126,132
DA:127,132
DA:128,132
DA:129,132
DA:130,132
DA:131,271
DA:132,1
DA:133,1
DA:134,139
DA:135,132
DA:136,132
DA:137,132
DA:138,132
DA:139,139
DA:140,139
DA:141,139
DA:142,1
DA:143,1
DA:144,139
DA:145,139
DA:146,139
DA:147,139
DA:148,139
DA:149,538
DA:150,538
DA:151,538
DA:152,139
DA:153,139
DA:154,139
DA:155,139
DA:156,139
DA:157,139
DA:158,139
DA:159,139
DA:160,139
DA:161,139
DA:162,139
DA:163,139
DA:164,139
DA:165,139
DA:166,139
DA:167,139
DA:168,139
DA:169,139
DA:170,139
DA:171,1
DA:172,1
DA:173,136
DA:174,136
DA:175,136
DA:176,136
DA:177,136
DA:178,136
DA:179,136
DA:180,136
DA:181,136
DA:182,136
DA:183,1422
DA:184,1422
DA:185,1422
DA:186,1422
DA:187,1422
DA:188,1422
DA:189,1422
DA:190,1422
DA:191,126
DA:192,126
DA:193,126
DA:194,1422
DA:195,1296
DA:196,1296
DA:197,1296
DA:198,1296
DA:199,1296
DA:200,1296
DA:201,1296
DA:202,1160
DA:203,1160
DA:204,136
DA:205,136
DA:206,136
DA:207,1296
DA:208,1296
DA:209,1296
DA:210,1296
DA:211,1296
DA:212,1296
DA:213,0
DA:214,0
DA:215,0
DA:216,0
DA:217,0
DA:218,0
DA:219,0
DA:220,0
DA:221,0
DA:222,0
DA:223,0
DA:224,0
DA:225,136
DA:226,1296
DA:227,1296
DA:228,136
DA:229,136
DA:230,136
DA:231,136
DA:232,136
DA:233,136
DA:234,136
DA:235,136
DA:236,136
DA:237,136
DA:238,136
DA:239,136
DA:240,1296
DA:241,1296
DA:242,262
DA:243,1422
DA:244,139
DA:245,139
DA:246,139
DA:247,139
DA:248,139
DA:249,262
DA:250,262
DA:251,1422
DA:252,1
DA:253,1
DA:254,4034
DA:255,4034
DA:256,4034
DA:257,4034
DA:258,4034
DA:259,4034
DA:260,4034
DA:261,4034
DA:262,4034
DA:263,1311
DA:264,1311
DA:265,4034
DA:266,4034
DA:267,0
DA:268,0
DA:269,4034
DA:270,4034
DA:271,4034
DA:272,4034
DA:273,4034
DA:274,4034
DA:275,4034
DA:276,4034
DA:277,4034
DA:278,1190
DA:279,1190
DA:280,1190
DA:281,1190
DA:282,1190
DA:283,1190
DA:284,1190
DA:285,1422
DA:286,1422
DA:287,1422
DA:288,1422
DA:289,1422
DA:290,1422
DA:291,0
DA:292,0
DA:293,0
DA:294,0
DA:295,0
DA:296,0
DA:297,1422
DA:298,1422
DA:299,1422
DA:300,1422
DA:301,1422
DA:302,1422
DA:303,1422
DA:304,1422
DA:305,1422
DA:306,1422
DA:307,1422
DA:308,1422
DA:309,1422
DA:310,1422
DA:311,1422
DA:312,1422
DA:313,356
DA:314,356
DA:315,1422
DA:316,1422
DA:317,1422
DA:318,1422
DA:319,356
DA:320,356
DA:321,356
DA:322,356
DA:323,356
DA:324,356
DA:325,356
DA:326,356
DA:327,1066
DA:328,1066
DA:329,1066
DA:330,1066
DA:331,1422
DA:332,37
DA:333,1422
DA:334,1029
DA:335,1029
DA:336,0
DA:337,0
DA:338,0
DA:339,0
DA:340,0
DA:341,0
DA:342,0
DA:343,1029
DA:344,1066
DA:345,1066
DA:346,1422
DA:347,1422
DA:348,1422
DA:349,1422
DA:350,1422
DA:351,1422
DA:352,1422
DA:353,1422
DA:354,1422
DA:355,1422
DA:356,1422
DA:357,1422
DA:358,1190
DA:359,1190
DA:360,1190
DA:361,1190
DA:362,1190
DA:363,2844
DA:364,2844
DA:365,1190
DA:366,1190
DA:367,1190
DA:368,395
DA:369,395
DA:370,1190
DA:371,1190
DA:372,1190
DA:373,1190
DA:374,1
DA:375,1
DA:376,34
DA:377,34
DA:378,34
DA:379,34
DA:380,34
DA:381,34
DA:382,34
DA:383,34
DA:384,34
DA:385,34
DA:386,34
DA:387,34
DA:388,34
DA:389,34
DA:390,34
DA:391,34
DA:392,1
LF:392
LH:343
BRDA:41,0,0,1
BRDA:38,1,0,0
BRDA:47,2,0,1817
BRDA:48,3,0,3634
BRDA:49,4,0,0
BRDA:75,5,0,2612
BRDA:82,6,0,751
BRDA:83,7,0,0
BRDA:87,8,0,317
BRDA:92,9,0,1160
BRDA:97,10,0,942
BRDA:106,11,0,942
BRDA:108,12,0,218
BRDA:115,13,0,271
BRDA:119,14,0,139
BRDA:119,15,0,132
BRDA:123,16,0,132
BRDA:133,17,0,139
BRDA:134,18,0,132
BRDA:143,19,0,139
BRDA:148,20,0,538
BRDA:154,21,0,139
BRDA:161,22,0,136
BRDA:172,23,0,136
BRDA:179,24,0,3
BRDA:182,25,0,1422
BRDA:190,26,0,126
BRDA:191,27,0,5
BRDA:194,28,0,1296
BRDA:201,29,0,1160
BRDA:203,30,0,136
BRDA:207,31,0,4
BRDA:207,32,0,132
BRDA:212,33,0,136
BRDA:212,34,0,87
BRDA:212,35,0,87
BRDA:212,36,0,0
BRDA:224,37,0,136
BRDA:226,38,0,88
BRDA:227,39,0,48
BRDA:227,40,0,136
BRDA:240,41,0,4
BRDA:241,42,0,262
BRDA:243,43,0,139
BRDA:243,44,0,0
BRDA:243,45,0,139
BRDA:246,46,0,3
BRDA:246,47,0,136
BRDA:246,48,0,3
BRDA:246,49,0,136
BRDA:247,50,0,4
BRDA:248,51,0,262
BRDA:197,52,0,1160
BRDA:197,53,0,942
BRDA:253,54,0,4034
BRDA:262,55,0,2841
BRDA:262,56,0,1311
BRDA:266,57,0,0
BRDA:277,58,0,1190
BRDA:284,59,0,1422
BRDA:290,60,0,0
BRDA:312,61,0,356
BRDA:318,62,0,356
BRDA:326,63,0,1066
BRDA:331,64,0,37
BRDA:333,65,0,1029
BRDA:335,66,0,0
BRDA:343,67,0,1066
BRDA:349,68,0,1066
BRDA:349,69,0,0
BRDA:362,70,0,2844
BRDA:367,71,0,395
BRDA:367,72,0,395
BRDA:375,73,0,34
BRDA:379,74,0,34
BRF:75
BRH:66
end_of_record
TN:
SF:src/CompileCode/InsertModels.ts
FN:20,GetPlugin
FN:24,SomePlugins
FN:28,isTs
FN:39,outPage
FN:112,Insert
FNF:5
FNH:5
FNDA:22505,GetPlugin
FNDA:11208,SomePlugins
FNDA:308,isTs
FNDA:132,outPage
FNDA:41,Insert
DA:1,1
DA:2,1
DA:3,1
DA:4,1
DA:5,1
DA:6,1
DA:7,1
DA:8,1
DA:9,1
DA:10,1
DA:11,1
DA:12,1
DA:13,1
DA:14,1
DA:15,1
DA:16,1
DA:17,1
DA:18,1
DA:19,1
DA:20,1
DA:21,22505
DA:22,22505
DA:23,1
DA:24,1
DA:25,11208
DA:26,11208
DA:27,1
DA:28,1
DA:29,308
DA:30,308
DA:31,1
DA:32,1
DA:33,1
DA:34,1
DA:35,1
DA:36,1
DA:37,1
DA:38,1
DA:39,132
DA:40,132
DA:41,132
DA:42,132
DA:43,7
DA:44,7
DA:45,125
DA:46,125
DA:47,125
DA:48,132
DA:49,91
DA:50,91
DA:51,91
DA:52,91
DA:53,91
DA:54,132
DA:55,0
DA:56,0
DA:57,0
DA:58,0
DA:59,0
DA:60,91
DA:61,91
DA:62,91
DA:63,91
DA:64,91
DA:65,91
DA:66,132
DA:67,132
DA:68,132
DA:69,132
DA:70,132
DA:71,132
DA:72,132
DA:73,132
DA:74,0
DA:75,0
DA:76,0
DA:77,91
DA:78,91
DA:79,91
DA:80,91
DA:81,91
DA:82,132
DA:83,0
DA:84,0
DA:85,0
DA:86,91
DA:87,91
DA:88,91
DA:89,91
DA:90,132
DA:91,331
DA:92,331
DA:93,331
DA:94,331
DA:95,331
DA:96,331
DA:97,331
DA:98,93
DA:99,331
DA:100,238
DA:101,238
DA:102,238
DA:103,238
DA:104,238
DA:105,331
DA:106,91
DA:107,91
DA:108,91
DA:109,91
DA:110,91
DA:111,1
DA:112,41
DA:113,41
DA:114,41
DA:115,41
DA:116,41
DA:117,7
DA:118,7
DA:119,34
DA:120,34
DA:121,34
DA:122,34
DA:123,34
DA:124,34
DA:125,41
DA:126,1
DA:127,1
DA:128,33
DA:129,33
DA:130,33
DA:131,33
DA:132,33
DA:133,33
DA:134,33
DA:135,33
DA:136,33
LF:136
LH:125
BRDA:20,0,0,22505
BRDA:21,1,0,22504
BRDA:21,2,0,11309
BRDA:24,3,0,11208
BRDA:25,4,0,22378
BRDA:28,5,0,308
BRDA:39,6,0,132
BRDA:42,7,0,7
BRDA:44,8,0,125
BRDA:48,9,0,34
BRDA:48,10,0,91
BRDA:54,11,0,0
BRDA:59,12,0,91
BRDA:66,13,0,1
BRDA:73,14,0,0
BRDA:76,15,0,91
BRDA:82,16,0,0
BRDA:85,17,0,91
BRDA:90,18,0,331
BRDA:97,19,0,93
BRDA:99,20,0,238
BRDA:102,21,0,205
BRDA:102,22,0,205
BRDA:103,23,0,205
BRDA:105,24,0,91
BRDA:79,25,0,331
BRDA:92,26,0,335
BRDA:112,27,0,41
BRDA:116,28,0,7
BRDA:118,29,0,34
BRDA:125,30,0,1
BRDA:127,31,0,33
BRF:32
BRH:29
end_of_record
TN:
SF:src/CompileCode/JSParser.ts
FN:19,JSParser
FN:27,ReplaceValues
FN:31,findEndOfDefGlobal
FN:37,ScriptWithInfo
FN:61,findScripts
FN:96,fixText
FN:100,fixTextSimpleQuotes
FN:104,ReBuildText
FN:122,BuildAll
FN:149,printError
FN:151,RunAndExport
FN:159,split2FromEnd
FN:187,EnableGlobalReplace
FN:189,load
FN:194,ExtractAndSaveCode
FN:218,ParseOutsideOfComment
FN:223,StartBuild
FN:239,RestoreAsCode
FN:243,RestoreCode
FNF:19
FNH:7
FNDA:1129,JSParser
FNDA:0,ReplaceValues
FNDA:0,findEndOfDefGlobal
FNDA:0,ScriptWithInfo
FNDA:1129,findScripts
FNDA:495,fixText
FNDA:106,fixTextSimpleQuotes
FNDA:34,ReBuildText
FNDA:33,BuildAll
FNDA:0,printError
FNDA:33,RunAndExport
FNDA:0,split2FromEnd
FNDA:0,EnableGlobalReplace
FNDA:0,load
FNDA:0,ExtractAndSaveCode
FNDA:0,ParseOutsideOfComment
FNDA:0,StartBuild
FNDA:0,RestoreAsCode
FNDA:0,RestoreCode
DA:1,1
DA:2,1
DA:3,1
DA:4,1
DA:5,1
DA:6,1
DA:7,1
DA:8,1
DA:9,1
DA:10,1
DA:11,1
DA:12,1
DA:13,1
DA:14,1
DA:15,1
DA:16,1
DA:17,1
DA:18,1
DA:19,1
DA:20,1129
DA:21,1129
DA:22,1129
DA:23,1129
DA:24,1129
DA:25,1129
DA:26,1
DA:27,1
DA:28,0
DA:29,0
DA:30,1
DA:31,1
DA:32,0
DA:33,0
DA:34,0
DA:35,0
DA:36,1
DA:37,1
DA:38,0
DA:39,0
DA:40,0
DA:41,0
DA:42,0
DA:43,0
DA:44,0
DA:45,0
DA:46,0
DA:47,0
DA:48,0
DA:49,0
DA:50,0
DA:51,0
DA:52,0
DA:53,0
DA:54,0
DA:55,0
DA:56,0
DA:57,0
DA:58,0
DA:59,0
DA:60,0
DA:61,0
DA:62,1129
DA:63,1129
DA:64,1129
DA:65,1129
DA:66,1129
DA:67,1129
DA:68,2399
DA:69,2399
DA:70,2399
DA:71,2399
DA:72,10
DA:73,10
DA:74,10
DA:75,10
DA:76,0
DA:77,0
DA:78,0
DA:79,0
DA:80,0
DA:81,0
DA:82,0
DA:83,0
DA:84,2399
DA:85,2399
DA:86,2399
DA:87,2399
DA:88,2399
DA:89,2399
DA:90,2399
DA:91,2399
DA:92,2399
DA:93,2399
DA:94,1129
DA:95,1
DA:96,1
DA:97,495
DA:98,495
DA:99,1
DA:100,1
DA:101,106
DA:102,106
DA:103,1
DA:104,1
DA:105,34
DA:106,34
DA:107,747
DA:108,391
DA:109,235
DA:110,235
DA:111,747
DA:112,16
DA:113,16
DA:114,356
DA:115,340
DA:116,340
DA:117,747
DA:118,34
DA:119,34
DA:120,34
DA:121,1
DA:122,1
DA:123,33
DA:124,33
DA:125,33
DA:126,0
DA:127,0
DA:128,33
DA:129,33
DA:130,715
DA:131,374
DA:132,229
DA:133,229
DA:134,715
DA:135,341
DA:136,0
DA:137,0
DA:138,0
DA:139,0
DA:140,341
DA:141,341
DA:142,341
DA:143,341
DA:144,715
DA:145,33
DA:146,33
DA:147,33
DA:148,1
DA:149,1
DA:150,0
DA:151,0
DA:152,33
DA:153,33
DA:154,33
DA:155,33
DA:156,33
DA:157,33
DA:158,1
DA:159,1
DA:160,0
DA:161,0
DA:162,0
DA:163,0
DA:164,0
DA:165,0
DA:166,0
DA:167,0
DA:168,0
DA:169,0
DA:170,0
DA:171,1
DA:172,1
DA:173,1
DA:174,1
DA:175,1
DA:176,1
DA:177,1
DA:178,1
DA:179,1
DA:180,1
DA:181,1
DA:182,1
DA:183,1
DA:184,1
DA:185,1
DA:186,1
DA:187,1
DA:188,0
DA:189,0
DA:190,0
DA:191,0
DA:192,0
DA:193,0
DA:194,0
DA:195,0
DA:196,0
DA:197,0
DA:198,0
DA:199,0
DA:200,0
DA:201,0
DA:202,0
DA:203,0
DA:204,0
DA:205,0
DA:206,0
DA:207,0
DA:208,0
DA:209,0
DA:210,0
DA:211,0
DA:212,0
DA:213,0
DA:214,0
DA:215,0
DA:216,0
DA:217,1
DA:218,1
DA:219,0
DA:220,0
DA:221,0
DA:222,0
DA:223,0
DA:224,0
DA:225,0
DA:226,0
DA:227,0
DA:228,0
DA:229,0
DA:230,0
DA:231,0
DA:232,0
DA:233,0
DA:234,0
DA:235,0
DA:236,0
DA:237,0
DA:238,1
DA:239,1
DA:240,0
DA:241,0
DA:242,1
DA:243,1
DA:244,0
DA:245,0
DA:246,0
DA:247,0
DA:248,0
DA:249,0
DA:250,1
LF:250
LH:137
BRDA:19,0,0,1129
BRDA:61,1,0,1129
BRDA:67,2,0,2399
BRDA:71,3,0,10
BRDA:75,4,0,0
BRDA:79,5,0,0
BRDA:86,6,0,713
BRDA:87,7,0,317
BRDA:96,8,0,495
BRDA:100,9,0,106
BRDA:104,10,0,34
BRDA:106,11,0,747
BRDA:107,12,0,391
BRDA:108,13,0,235
BRDA:111,14,0,356
BRDA:111,15,0,16
BRDA:114,16,0,340
BRDA:122,17,0,33
BRDA:125,18,0,0
BRDA:129,19,0,715
BRDA:130,20,0,374
BRDA:131,21,0,229
BRDA:134,22,0,341
BRDA:135,23,0,0
BRDA:135,24,0,0
BRDA:151,25,0,33
BRF:26
BRH:21
end_of_record
TN:
SF:src/CompileCode/ScriptTemplate.ts
FN:9,AddPageTemplate
FN:53,BuildPage
FN:61,AddAfterBuild
FN:68,InPageTemplate
FNF:4
FNH:4
FNDA:33,AddPageTemplate
FNDA:33,BuildPage
FNDA:33,AddAfterBuild
FNDA:1,InPageTemplate
DA:1,1
DA:2,1
DA:3,1
DA:4,1
DA:5,1
DA:6,1
DA:7,1
DA:8,1
DA:9,1
DA:10,33
DA:11,33
DA:12,33
DA:13,33
DA:14,0
DA:15,0
DA:16,33
DA:17,33
DA:18,33
DA:19,33
DA:20,33
DA:21,33
DA:22,33
DA:23,33
DA:24,33
DA:25,33
DA:26,33
DA:27,33
DA:28,33
DA:29,33
DA:30,33
DA:31,33
DA:32,33
DA:33,33
DA:34,33
DA:35,33
DA:36,0
DA:37,0
DA:38,0
DA:39,0
DA:40,0
DA:41,0
DA:42,0
DA:43,0
DA:44,0
DA:45,0
DA:46,0
DA:47,0
DA:48,0
DA:49,33
DA:50,33
DA:51,33
DA:52,33
DA:53,33
DA:54,33
DA:55,33
DA:56,33
DA:57,33
DA:58,33
DA:59,33
DA:60,1
DA:61,1
DA:62,33
DA:63,0
DA:64,0
DA:65,33
DA:66,33
DA:67,1
DA:68,1
DA:69,1
DA:70,1
DA:71,1
DA:72,1
DA:73,1
DA:74,1
DA:75,1
DA:76,1
DA:77,1
DA:78,1
DA:79,1
DA:80,1
DA:81,1
DA:82,1
DA:83,1
LF:83
LH:66
BRDA:9,0,0,33
BRDA:13,1,0,0
BRDA:35,2,0,0
BRDA:53,3,0,33
BRDA:61,4,0,33
BRDA:62,5,0,0
BRDA:68,6,0,1
BRDA:72,7,0,0
BRF:8
BRH:4
end_of_record
TN:
SF:src/CompileCode/Session.ts
FN:68,SessionBuild
FN:72,style
FN:77,script
FN:82,record
FN:85,dependence
FN:97,addScriptStyle
FN:107,addScriptStylePage
FN:112,createName
FN:123,addHeadTags
FN:149,buildHead
FN:154,makeAttributes
FN:165,extends
FN:189,BuildScriptWithPrams
FNF:13
FNH:13
FNDA:45,SessionBuild
FNDA:19,style
FNDA:11,script
FNDA:7,record
FNDA:185,dependence
FNDA:7,addScriptStyle
FNDA:7,addScriptStylePage
FNDA:5,createName
FNDA:33,addHeadTags
FNDA:33,buildHead
FNDA:21,makeAttributes
FNDA:1,extends
FNDA:33,BuildScriptWithPrams
DA:1,1
DA:2,1
DA:3,1
DA:4,1
DA:5,1
DA:6,1
DA:7,1
DA:8,1
DA:9,1
DA:10,1
DA:11,1
DA:12,1
DA:13,1
DA:14,1
DA:15,1
DA:16,1
DA:17,1
DA:18,1
DA:19,1
DA:20,1
DA:21,1
DA:22,1
DA:23,1
DA:24,1
DA:25,1
DA:26,1
DA:27,1
DA:28,1
DA:29,1
DA:30,1
DA:31,1
DA:32,1
DA:33,1
DA:34,1
DA:35,1
DA:36,1
DA:37,1
DA:38,1
DA:39,1
DA:40,1
DA:41,1
DA:42,1
DA:43,1
DA:44,1
DA:45,1
DA:46,1
DA:47,1
DA:48,1
DA:49,1
DA:50,1
DA:51,1
DA:52,1
DA:53,1
DA:54,1
DA:55,1
DA:56,1
DA:57,1
DA:58,1
DA:59,1
DA:60,1
DA:61,1
DA:62,1
DA:63,1
DA:64,1
DA:65,1
DA:66,1
DA:67,1
DA:68,1
DA:69,45
DA:70,45
DA:71,1
DA:72,1
DA:73,19
DA:74,13
DA:75,19
DA:76,1
DA:77,1
DA:78,11
DA:79,8
DA:80,11
DA:81,1
DA:82,1
DA:83,7
DA:84,7
DA:85,7
DA:86,185
DA:87,185
DA:88,185
DA:89,185
DA:90,185
DA:91,185
DA:92,185
DA:93,185
DA:94,185
DA:95,185
DA:96,1
DA:97,1
DA:98,7
DA:99,7
DA:100,6
DA:101,6
DA:102,6
DA:103,7
DA:104,7
DA:105,7
DA:106,1
DA:107,1
DA:108,7
DA:109,7
DA:110,1
DA:111,1
DA:112,1
DA:113,5
DA:114,5
DA:115,5
DA:116,5
DA:117,5
DA:118,15
DA:119,15
DA:120,15
DA:121,5
DA:122,5
DA:123,5
DA:124,33
DA:125,33
DA:126,33
DA:127,33
DA:128,6
DA:129,6
DA:130,6
DA:131,6
DA:132,6
DA:133,2
DA:134,2
DA:135,2
DA:136,2
DA:137,2
DA:138,2
DA:139,2
DA:140,2
DA:141,2
DA:142,2
DA:143,2
DA:144,2
DA:145,6
DA:146,6
DA:147,6
DA:148,6
DA:149,33
DA:150,33
DA:151,33
DA:152,33
DA:153,33
DA:154,33
DA:155,33
DA:156,33
DA:157,33
DA:158,33
DA:159,33
DA:160,33
DA:161,33
DA:162,33
DA:163,33
DA:164,1
DA:165,1
DA:166,1
DA:167,1
DA:168,1
DA:169,1
DA:170,1
DA:171,0
DA:172,0
DA:173,1
DA:174,1
DA:175,1
DA:176,1
DA:177,3
DA:178,3
DA:179,1
DA:180,1
DA:181,1
DA:182,1
DA:183,1
DA:184,1
DA:185,1
DA:186,1
DA:187,1
DA:188,1
DA:189,1
DA:190,33
DA:191,33
DA:192,1
LF:192
LH:190
BRDA:68,0,0,45
BRDA:65,1,0,0
BRDA:72,2,0,19
BRDA:73,3,0,6
BRDA:73,4,0,13
BRDA:73,5,0,10
BRDA:73,6,0,6
BRDA:77,7,0,11
BRDA:78,8,0,3
BRDA:78,9,0,8
BRDA:78,10,0,4
BRDA:78,11,0,3
BRDA:82,12,0,7
BRDA:85,13,0,185
BRDA:88,14,0,0
BRDA:97,15,0,7
BRDA:99,16,0,6
BRDA:98,17,0,1
BRDA:107,18,0,7
BRDA:108,19,0,0
BRDA:112,20,0,5
BRDA:117,21,0,15
BRDA:117,22,0,15
BRDA:123,23,0,33
BRDA:127,24,0,6
BRDA:128,25,0,1
BRDA:129,26,0,1
BRDA:129,27,0,5
BRDA:129,28,0,1
BRDA:129,29,0,5
BRDA:132,30,0,2
BRDA:136,31,0,2
BRDA:140,32,0,2
BRDA:130,33,0,5
BRDA:149,34,0,33
BRDA:158,35,0,13
BRDA:160,36,0,8
BRDA:154,37,0,21
BRDA:154,38,0,5
BRDA:154,39,0,16
BRDA:154,40,0,5
BRDA:154,41,0,2
BRDA:154,42,0,3
BRDA:165,43,0,1
BRDA:170,44,0,0
BRDA:176,45,0,3
BRDA:189,46,0,33
BRF:47
BRH:43
end_of_record
TN:
SF:src/CompileCode/BaseReader/Reader.ts
FN:15,findEntOfQ
FN:23,findEndOfDef
FN:39,FindEndOfBlock
FN:48,InsertComponentBase
FN:50,printErrors
FN:59,FindCloseChar
FN:65,FindCloseCharHTML
FN:77,RazorToEJS
FN:81,RazorToEJSMini
FN:86,EJSParser
FNF:10
FNH:8
FNDA:0,findEntOfQ
FNDA:1066,findEndOfDef
FNDA:0,FindEndOfBlock
FNDA:1,InsertComponentBase
FNDA:2451,printErrors
FNDA:1422,FindCloseChar
FNDA:1029,FindCloseCharHTML
FNDA:173,RazorToEJS
FNDA:169,RazorToEJSMini
FNDA:1129,EJSParser
DA:1,1
DA:2,1
DA:3,1
DA:4,1
DA:5,1
DA:6,1
DA:7,1
DA:8,1
DA:9,1
DA:10,1
DA:11,1
DA:12,1
DA:13,1
DA:14,1
DA:15,1
DA:16,0
DA:17,0
DA:18,1
DA:19,1
DA:20,1
DA:21,1
DA:22,1
DA:23,1
DA:24,1066
DA:25,1066
DA:26,1066
DA:27,1066
DA:28,1066
DA:29,1066
DA:30,1
DA:31,1
DA:32,1
DA:33,1
DA:34,1
DA:35,1
DA:36,1
DA:37,1
DA:38,1
DA:39,1
DA:40,0
DA:41,0
DA:42,1
DA:43,1
DA:44,1
DA:45,1
DA:46,1
DA:47,1
DA:48,1
DA:49,1
DA:50,1
DA:51,2451
DA:52,0
DA:53,0
DA:54,0
DA:55,0
DA:56,0
DA:57,0
DA:58,0
DA:59,2451
DA:60,1422
DA:61,1422
DA:62,1422
DA:63,1422
DA:64,1422
DA:65,1422
DA:66,1029
DA:67,1029
DA:68,1029
DA:69,1029
DA:70,1029
DA:71,1029
DA:72,1029
DA:73,1
DA:74,1
DA:75,1
DA:76,1
DA:77,173
DA:78,173
DA:79,173
DA:80,1
DA:81,169
DA:82,169
DA:83,169
DA:84,1
DA:85,1
DA:86,1129
DA:87,1129
DA:88,1129
LF:88
LH:77
BRDA:23,0,0,1066
BRDA:48,1,0,1
BRDA:50,2,0,2451
BRDA:51,3,0,0
BRDA:59,4,0,1422
BRDA:65,5,0,1029
BRDA:77,6,0,173
BRDA:81,7,0,169
BRDA:86,8,0,1129
BRF:9
BRH:8
end_of_record
TN:
SF:src/CompileCode/CompileScript/Compile.ts
FN:17,CRunTime
FN:21,templateScript
FN:39,methods
FN:56,rebuildCode
FN:69,compile
FN:85,resolve2
FN:100,execute
FNF:7
FNH:7
FNDA:268,CRunTime
FNDA:11,templateScript
FNDA:110,methods
FNDA:11,rebuildCode
FNDA:268,compile
FNDA:99,resolve2
FNDA:11,execute
DA:1,1
DA:2,1
DA:3,1
DA:4,1
DA:5,1
DA:6,1
DA:7,1
DA:8,1
DA:9,1
DA:10,1
DA:11,1
DA:12,1
DA:13,1
DA:14,1
DA:15,1
DA:16,1
DA:17,1
DA:18,268
DA:19,268
DA:20,1
DA:21,1
DA:22,11
DA:23,11
DA:24,11
DA:25,11
DA:26,11
DA:27,11
DA:28,11
DA:29,11
DA:30,11
DA:31,14
DA:32,14
DA:33,14
DA:34,11
DA:35,11
DA:36,11
DA:37,11
DA:38,1
DA:39,1
DA:40,110
DA:41,110
DA:42,110
DA:43,110
DA:44,110
DA:45,110
DA:46,110
DA:47,110
DA:48,110
DA:49,110
DA:50,110
DA:51,110
DA:52,110
DA:53,110
DA:54,110
DA:55,1
DA:56,1
DA:57,11
DA:58,11
DA:59,11
DA:60,38
DA:61,24
DA:62,24
DA:63,24
DA:64,14
DA:65,14
DA:66,14
DA:67,11
DA:68,11
DA:69,11
DA:70,268
DA:71,268
DA:72,268
DA:73,268
DA:74,268
DA:75,268
DA:76,169
DA:77,169
DA:78,169
DA:79,169
DA:80,169
DA:81,169
DA:82,169
DA:83,169
DA:84,268
DA:85,158
DA:86,158
DA:87,158
DA:88,158
DA:89,158
DA:90,11
DA:91,268
DA:92,268
DA:93,268
DA:94,11
DA:95,11
DA:96,11
DA:97,11
DA:98,11
DA:99,11
DA:100,11
DA:101,11
DA:102,11
DA:103,11
DA:104,0
DA:105,0
DA:106,0
DA:107,0
DA:108,0
DA:109,0
DA:110,0
DA:111,11
DA:112,11
DA:113,11
DA:114,11
DA:115,11
DA:116,11
DA:117,268
DA:118,1
LF:118
LH:111
BRDA:17,0,0,268
BRDA:21,1,0,11
BRDA:30,2,0,14
BRDA:39,3,0,110
BRDA:51,4,0,9
BRDA:46,5,0,2
BRDA:56,6,0,11
BRDA:59,7,0,38
BRDA:60,8,0,24
BRDA:63,9,0,14
BRDA:69,10,0,268
BRDA:75,11,0,99
BRDA:75,12,0,169
BRDA:84,13,0,158
BRDA:84,14,0,158
BRDA:89,15,0,11
BRDA:91,16,0,0
BRDA:93,17,0,11
BRDA:77,18,0,169
BRDA:85,19,0,99
BRDA:95,20,0,38
BRDA:95,21,0,14
BRDA:100,22,0,11
BRDA:103,23,0,0
BRF:24
BRH:22
end_of_record
TN:
SF:src/CompileCode/CompileScript/PageBase.ts
FN:18,PageBaseParser
FN:37,ParseBasePage
FN:40,nonDynamic
FN:64,loadSettings
FN:80,parseBase
FN:97,rebuild
FN:110,rebuildBaseInheritance
FN:128,get
FN:132,pop
FN:136,popAny
FN:151,byValue
FN:155,replaceValue
FN:160,defaultValuePopAny
FN:163,loadCodeFile
FN:220,loadSetting
FN:251,loadDefine
FNF:16
FNH:15
FNDA:359,PageBaseParser
FNDA:359,ParseBasePage
FNDA:268,nonDynamic
FNDA:268,loadSettings
FNDA:359,parseBase
FNDA:91,rebuild
FNDA:91,rebuildBaseInheritance
FNDA:238,get
FNDA:29,pop
FNDA:433,popAny
FNDA:91,byValue
FNDA:0,replaceValue
FNDA:425,defaultValuePopAny
FNDA:261,loadCodeFile
FNDA:261,loadSetting
FNDA:261,loadDefine
DA:1,1
DA:2,1
DA:3,1
DA:4,1
DA:5,1
DA:6,1
DA:7,1
DA:8,1
DA:9,1
DA:10,1
DA:11,1
DA:12,1
DA:13,1
DA:14,1
DA:15,1
DA:16,1
DA:17,1
DA:18,359
DA:19,359
DA:20,359
DA:21,359
DA:22,359
DA:23,359
DA:24,359
DA:25,359
DA:26,359
DA:27,359
DA:28,359
DA:29,359
DA:30,359
DA:31,1
DA:32,1
DA:33,1
DA:34,1
DA:35,1
DA:36,1
DA:37,1
DA:38,359
DA:39,1
DA:40,1
DA:41,268
DA:42,8
DA:43,8
DA:44,8
DA:45,7
DA:46,268
DA:47,0
DA:48,0
DA:49,0
DA:50,0
DA:51,0
DA:52,0
DA:53,0
DA:54,0
DA:55,0
DA:56,0
DA:57,0
DA:58,0
DA:59,0
DA:60,0
DA:61,0
DA:62,7
DA:63,7
DA:64,268
DA:65,268
DA:66,268
DA:67,268
DA:68,268
DA:69,268
DA:70,268
DA:71,268
DA:72,7
DA:73,7
DA:74,261
DA:75,261
DA:76,261
DA:77,261
DA:78,261
DA:79,261
DA:80,268
DA:81,359
DA:82,359
DA:83,359
DA:84,359
DA:85,359
DA:86,142
DA:87,142
DA:88,142
DA:89,217
DA:90,359
DA:91,527
DA:92,527
DA:93,217
DA:94,217
DA:95,359
DA:96,1
DA:97,1
DA:98,91
DA:99,91
DA:100,91
DA:101,91
DA:102,207
DA:103,207
DA:104,207
DA:105,0
DA:106,0
DA:107,207
DA:108,91
DA:109,91
DA:110,91
DA:111,91
DA:112,91
DA:113,91
DA:114,91
DA:115,91
DA:116,91
DA:117,91
DA:118,62
DA:119,29
DA:120,29
DA:121,29
DA:122,91
DA:123,91
DA:124,91
DA:125,91
DA:126,91
DA:127,1
DA:128,1
DA:129,238
DA:130,238
DA:131,1
DA:132,1
DA:133,29
DA:134,29
DA:135,1
DA:136,1
DA:137,433
DA:138,433
DA:139,433
DA:140,433
DA:141,304
DA:142,304
DA:143,304
DA:144,304
DA:145,2
DA:146,2
DA:147,2
DA:148,2
DA:149,433
DA:150,1
DA:151,1
DA:152,91
DA:153,91
DA:154,1
DA:155,1
DA:156,0
DA:157,0
DA:158,0
DA:159,1
DA:160,1
DA:161,425
DA:162,425
DA:163,425
DA:164,261
DA:165,261
DA:166,261
DA:167,261
DA:168,39
DA:169,39
DA:170,39
DA:171,39
DA:172,39
DA:173,39
DA:174,39
DA:175,39
DA:176,39
DA:177,39
DA:178,39
DA:179,39
DA:180,39
DA:181,39
DA:182,39
DA:183,39
DA:184,39
DA:185,261
DA:186,39
DA:187,39
DA:188,39
DA:189,39
DA:190,39
DA:191,39
DA:192,39
DA:193,39
DA:194,39
DA:195,39
DA:196,39
DA:197,261
DA:198,0
DA:199,0
DA:200,0
DA:201,0
DA:202,0
DA:203,0
DA:204,0
DA:205,0
DA:206,0
DA:207,0
DA:208,0
DA:209,0
DA:210,0
DA:211,0
DA:212,0
DA:213,0
DA:214,0
DA:215,0
DA:216,0
DA:217,0
DA:218,261
DA:219,1
DA:220,1
DA:221,261
DA:222,261
DA:223,0
DA:224,0
DA:225,0
DA:226,0
DA:227,0
DA:228,0
DA:229,0
DA:230,0
DA:231,0
DA:232,0
DA:233,0
DA:234,0
DA:235,0
DA:236,0
DA:237,0
DA:238,0
DA:239,0
DA:240,0
DA:241,0
DA:242,0
DA:243,0
DA:244,0
DA:245,0
DA:246,0
DA:247,0
DA:248,0
DA:249,261
DA:250,1
DA:251,1
DA:252,261
DA:253,261
DA:254,261
DA:255,261
DA:256,0
DA:257,0
DA:258,0
DA:259,261
DA:260,261
DA:261,261
DA:262,261
DA:263,523
DA:264,523
DA:265,261
DA:266,1
LF:266
LH:197
BRDA:18,0,0,359
BRDA:37,1,0,359
BRDA:40,2,0,268
BRDA:41,3,0,260
BRDA:41,4,0,8
BRDA:44,5,0,1
BRDA:44,6,0,7
BRDA:46,7,0,0
BRDA:61,8,0,7
BRDA:64,9,0,268
BRDA:71,10,0,7
BRDA:73,11,0,261
BRDA:80,12,0,359
BRDA:85,13,0,142
BRDA:88,14,0,217
BRDA:90,15,0,527
BRDA:91,16,0,2
BRDA:91,17,0,525
BRDA:92,18,0,217
BRDA:97,19,0,91
BRDA:98,20,0,0
BRDA:101,21,0,207
BRDA:104,22,0,0
BRDA:110,23,0,91
BRDA:117,24,0,62
BRDA:118,25,0,33
BRDA:118,26,0,29
BRDA:128,27,0,238
BRDA:129,28,0,205
BRDA:129,29,0,381
BRDA:132,30,0,29
BRDA:133,31,0,116
BRDA:136,32,0,433
BRDA:140,33,0,129
BRDA:140,34,0,304
BRDA:144,35,0,302
BRDA:144,36,0,2
BRDA:137,37,0,389
BRDA:151,38,0,91
BRDA:152,39,0,236
BRDA:152,40,0,62
BRDA:160,41,0,425
BRDA:162,42,0,1
BRDA:162,43,0,424
BRDA:162,44,0,129
BRDA:163,45,0,261
BRDA:167,46,0,222
BRDA:167,47,0,39
BRDA:178,48,0,0
BRDA:180,49,0,0
BRDA:181,50,0,0
BRDA:181,51,0,0
BRDA:185,52,0,0
BRDA:185,53,0,39
BRDA:195,54,0,1
BRDA:197,55,0,0
BRDA:220,56,0,261
BRDA:222,57,0,0
BRDA:251,58,0,261
BRDA:255,59,0,0
BRDA:262,60,0,523
BRF:61
BRH:50
end_of_record
TN:
SF:src/CompileCode/XMLHelpers/CodeInfoAndDebug.ts
FN:9,ParseTextCode
FN:25,ParseScriptCode
FN:41,ParseDebugLine
FN:58,ParseDebugInfo
FN:62,AddDebugInfo
FN:72,CreateFilePathOnePath
FN:103,CreateFilePath
FNF:7
FNH:7
FNDA:391,ParseTextCode
FNDA:495,ParseScriptCode
FNDA:34,ParseDebugLine
FNDA:139,ParseDebugInfo
FNDA:266,AddDebugInfo
FNDA:458,CreateFilePathOnePath
FNDA:229,CreateFilePath
DA:1,1
DA:2,1
DA:3,1
DA:4,1
DA:5,1
DA:6,1
DA:7,1
DA:8,1
DA:9,391
DA:10,391
DA:11,391
DA:12,391
DA:13,391
DA:14,391
DA:15,235
DA:16,235
DA:17,235
DA:18,0
DA:19,0
DA:20,235
DA:21,391
DA:22,391
DA:23,391
DA:24,1
DA:25,495
DA:26,495
DA:27,495
DA:28,495
DA:29,495
DA:30,495
DA:31,495
DA:32,495
DA:33,495
DA:34,495
DA:35,0
DA:36,0
DA:37,495
DA:38,495
DA:39,495
DA:40,1
DA:41,34
DA:42,34
DA:43,34
DA:44,34
DA:45,34
DA:46,747
DA:47,391
DA:48,747
DA:49,356
DA:50,356
DA:51,747
DA:52,34
DA:53,34
DA:54,34
DA:55,34
DA:56,34
DA:57,1
DA:58,139
DA:59,139
DA:60,139
DA:61,1
DA:62,266
DA:63,266
DA:64,266
DA:65,266
DA:66,266
DA:67,266
DA:68,266
DA:69,266
DA:70,266
DA:71,1
DA:72,1
DA:73,458
DA:74,458
DA:75,458
DA:76,458
DA:77,458
DA:78,0
DA:79,0
DA:80,0
DA:81,458
DA:82,458
DA:83,70
DA:84,18
DA:85,18
DA:86,70
DA:87,458
DA:88,0
DA:89,388
DA:90,388
DA:91,388
DA:92,458
DA:93,458
DA:94,458
DA:95,1
DA:96,1
DA:97,1
DA:98,1
DA:99,1
DA:100,1
DA:101,1
DA:102,1
DA:103,229
DA:104,229
DA:105,229
DA:106,229
DA:107,229
DA:108,229
DA:109,1
DA:110,1
DA:111,1
DA:112,1
DA:113,1
DA:114,1
LF:114
LH:106
BRDA:9,0,0,391
BRDA:14,1,0,235
BRDA:17,2,0,0
BRDA:25,3,0,495
BRDA:34,4,0,0
BRDA:41,5,0,34
BRDA:45,6,0,747
BRDA:46,7,0,391
BRDA:48,8,0,356
BRDA:58,9,0,139
BRDA:62,10,0,266
BRDA:64,11,0,264
BRDA:67,12,0,136
BRDA:67,13,0,130
BRDA:72,14,0,458
BRDA:77,15,0,0
BRDA:82,16,0,70
BRDA:83,17,0,18
BRDA:87,18,0,388
BRDA:87,19,0,0
BRDA:90,20,0,194
BRDA:90,21,0,194
BRDA:103,22,0,229
BRF:23
BRH:19
end_of_record
TN:
SF:src/CompileCode/XMLHelpers/Extricate.ts
FN:3,unicodeMe
FN:11,searchForCutMain
FN:21,outTagName
FN:54,searchForCut
FN:108,findStart
FN:112,findEnd
FNF:6
FNH:6
FNDA:726,unicodeMe
FNDA:486,searchForCutMain
FNDA:426,outTagName
FNDA:912,searchForCut
FNDA:459,findStart
FNDA:95,findEnd
DA:1,1
DA:2,1
DA:3,726
DA:4,726
DA:5,726
DA:6,726
DA:7,726
DA:8,726
DA:9,726
DA:10,1
DA:11,486
DA:12,486
DA:13,486
DA:14,726
DA:15,726
DA:16,486
DA:17,486
DA:18,486
DA:19,486
DA:20,1
DA:21,426
DA:22,426
DA:23,426
DA:24,426
DA:25,492
DA:26,492
DA:27,426
DA:28,426
DA:29,1
DA:30,1
DA:31,1
DA:32,1
DA:33,1
DA:34,1
DA:35,1
DA:36,1
DA:37,1
DA:38,1
DA:39,1
DA:40,1
DA:41,1
DA:42,1
DA:43,1
DA:44,1
DA:45,1
DA:46,1
DA:47,1
DA:48,1
DA:49,1
DA:50,1
DA:51,1
DA:52,1
DA:53,1
DA:54,912
DA:55,912
DA:56,912
DA:57,912
DA:58,486
DA:59,486
DA:60,486
DA:61,486
DA:62,426
DA:63,426
DA:64,426
DA:65,426
DA:66,426
DA:67,426
DA:68,426
DA:69,426
DA:70,426
DA:71,426
DA:72,426
DA:73,912
DA:74,95
DA:75,95
DA:76,33
DA:77,33
DA:78,33
DA:79,33
DA:80,62
DA:81,62
DA:82,62
DA:83,62
DA:84,62
DA:85,62
DA:86,0
DA:87,0
DA:88,0
DA:89,0
DA:90,62
DA:91,95
DA:92,426
DA:93,426
DA:94,426
DA:95,426
DA:96,426
DA:97,426
DA:98,426
DA:99,912
DA:100,0
DA:101,0
DA:102,0
DA:103,0
DA:104,426
DA:105,426
DA:106,426
DA:107,1
DA:108,459
DA:109,459
DA:110,459
DA:111,1
DA:112,95
DA:113,95
DA:114,95
DA:115,95
DA:116,95
DA:117,95
DA:118,95
DA:119,62
DA:120,62
DA:121,33
DA:122,95
DA:123,0
DA:124,0
DA:125,0
DA:126,0
DA:127,33
DA:128,33
DA:129,33
DA:130,95
DA:131,1
DA:132,1
DA:133,1
DA:134,1
DA:135,1
LF:135
LH:123
BRDA:3,0,0,726
BRDA:11,1,0,486
BRDA:13,2,0,726
BRDA:17,3,0,91
BRDA:17,4,0,395
BRDA:21,5,0,426
BRDA:24,6,0,819
BRDA:24,7,0,492
BRDA:54,8,0,912
BRDA:57,9,0,486
BRDA:61,10,0,426
BRDA:73,11,0,95
BRDA:75,12,0,33
BRDA:79,13,0,62
BRDA:85,14,0,0
BRDA:91,15,0,426
BRDA:99,16,0,0
BRDA:103,17,0,426
BRDA:108,18,0,459
BRDA:112,19,0,95
BRDA:118,20,0,62
BRDA:120,21,0,33
BRDA:122,22,0,0
BRDA:126,23,0,33
BRF:24
BRH:21
end_of_record
TN:
SF:src/CompileCode/XMLHelpers/TagDataParser.ts
FN:4,HTMLAttrParser
FN:24,TagDataParser
FN:26,parser
FN:36,popItem
FN:42,popTracker
FN:46,popHaveDefaultTracker
FN:51,popAnyTracker
FN:56,popString
FN:61,popBoolean
FN:65,exists
FN:69,popHaveDefault
FN:74,popAnyDefault
FN:79,addClass
FN:90,rebuildSpace
FN:106,pushValue
FN:113,map
FNF:16
FNH:13
FNDA:1422,HTMLAttrParser
FNDA:1422,TagDataParser
FNDA:1422,parser
FNDA:345,popItem
FNDA:0,popTracker
FNDA:0,popHaveDefaultTracker
FNDA:0,popAnyTracker
FNDA:345,popString
FNDA:77,popBoolean
FNDA:35,exists
FNDA:149,popHaveDefault
FNDA:100,popAnyDefault
FNDA:10,addClass
FNDA:1271,rebuildSpace
FNDA:283,pushValue
FNDA:136,map
DA:1,1
DA:2,1
DA:3,1
DA:4,1422
DA:5,1422
DA:6,1422
DA:7,1422
DA:8,1422
DA:9,1422
DA:10,1422
DA:11,1422
DA:12,1422
DA:13,1422
DA:14,1422
DA:15,1
DA:16,1
DA:17,1
DA:18,1
DA:19,1
DA:20,1
DA:21,1
DA:22,1
DA:23,1
DA:24,1
DA:25,1422
DA:26,1422
DA:27,1422
DA:28,1422
DA:29,1422
DA:30,1422
DA:31,1422
DA:32,2224
DA:33,2224
DA:34,1422
DA:35,1
DA:36,1
DA:37,345
DA:38,345
DA:39,345
DA:40,345
DA:41,1
DA:42,1
DA:43,0
DA:44,0
DA:45,1
DA:46,1
DA:47,0
DA:48,0
DA:49,0
DA:50,1
DA:51,1
DA:52,0
DA:53,0
DA:54,0
DA:55,1
DA:56,1
DA:57,345
DA:58,345
DA:59,345
DA:60,1
DA:61,1
DA:62,77
DA:63,77
DA:64,1
DA:65,1
DA:66,35
DA:67,35
DA:68,1
DA:69,1
DA:70,149
DA:71,149
DA:72,149
DA:73,1
DA:74,1
DA:75,100
DA:76,100
DA:77,100
DA:78,1
DA:79,1
DA:80,10
DA:81,10
DA:82,10
DA:83,10
DA:84,0
DA:85,10
DA:86,10
DA:87,10
DA:88,10
DA:89,1
DA:90,1
DA:91,1271
DA:92,1271
DA:93,1271
DA:94,1950
DA:95,1950
DA:96,1950
DA:97,0
DA:98,1950
DA:99,1950
DA:100,1950
DA:101,1950
DA:102,1271
DA:103,1271
DA:104,1271
DA:105,1
DA:106,1
DA:107,283
DA:108,283
DA:109,283
DA:110,283
DA:111,283
DA:112,1
DA:113,1
DA:114,136
DA:115,136
DA:116,136
DA:117,538
DA:118,538
DA:119,136
DA:120,136
DA:121,136
DA:122,1
LF:122
LH:112
BRDA:4,0,0,1422
BRDA:24,1,0,1422
BRDA:26,2,0,1422
BRDA:31,3,0,2224
BRDA:32,4,0,5
BRDA:32,5,0,2219
BRDA:36,6,0,345
BRDA:39,7,0,326
BRDA:39,8,0,19
BRDA:38,9,0,355
BRDA:56,10,0,345
BRDA:57,11,0,19
BRDA:58,12,0,15
BRDA:58,13,0,330
BRDA:61,14,0,77
BRDA:62,15,0,76
BRDA:65,16,0,35
BRDA:66,17,0,33
BRDA:69,18,0,149
BRDA:71,19,0,3
BRDA:71,20,0,146
BRDA:74,21,0,100
BRDA:76,22,0,7
BRDA:76,23,0,93
BRDA:79,24,0,10
BRDA:81,25,0,0
BRDA:82,26,0,0
BRDA:83,27,0,0
BRDA:83,28,0,0
BRDA:90,29,0,1271
BRDA:93,30,0,1950
BRDA:96,31,0,0
BRDA:106,32,0,283
BRDA:108,33,0,0
BRDA:107,34,0,668
BRDA:113,35,0,136
BRDA:116,36,0,538
BRDA:117,37,0,1
BRDA:117,38,0,537
BRF:39
BRH:33
end_of_record
TN:
SF:src/CompileCode/transform/EasyScript.ts
FN:14,ParseTextStream
FN:18,EndOfDefSkipBlock
FN:22,EndOfBlock
FN:27,ReplaceAll
FN:41,ReBuildCodeBasic
FN:46,BuildCode
FN:66,ReBuildCodeString
FN:70,get CodeBuildText
FN:74,set CodeBuildText
FN:78,get AllInputs
FN:84,CreateDataCode
FN:100,BuildCode
FNF:12
FNH:10
FNDA:52,ParseTextStream
FNDA:6,EndOfDefSkipBlock
FNDA:0,EndOfBlock
FNDA:52,ReplaceAll
FNDA:52,ReBuildCodeBasic
FNDA:0,BuildCode
FNDA:52,ReBuildCodeString
FNDA:520,get CodeBuildText
FNDA:520,set CodeBuildText
FNDA:1,get AllInputs
FNDA:52,CreateDataCode
FNDA:52,BuildCode
DA:1,1
DA:2,1
DA:3,1
DA:4,1
DA:5,1
DA:6,1
DA:7,1
DA:8,1
DA:9,1
DA:10,1
DA:11,1
DA:12,1
DA:13,1
DA:14,52
DA:15,52
DA:16,52
DA:17,1
DA:18,6
DA:19,6
DA:20,6
DA:21,1
DA:22,0
DA:23,0
DA:24,0
DA:25,1
DA:26,1
DA:27,1
DA:28,52
DA:29,52
DA:30,52
DA:31,52
DA:32,52
DA:33,52
DA:34,52
DA:35,1
DA:36,1
DA:37,1
DA:38,1
DA:39,1
DA:40,1
DA:41,1
DA:42,52
DA:43,52
DA:44,52
DA:45,1
DA:46,1
DA:47,0
DA:48,0
DA:49,0
DA:50,0
DA:51,0
DA:52,0
DA:53,0
DA:54,0
DA:55,1
DA:56,1
DA:57,1
DA:58,1
DA:59,1
DA:60,1
DA:61,1
DA:62,1
DA:63,1
DA:64,1
DA:65,1
DA:66,1
DA:67,52
DA:68,52
DA:69,52
DA:70,52
DA:71,520
DA:72,520
DA:73,520
DA:74,520
DA:75,520
DA:76,520
DA:77,520
DA:78,520
DA:79,1
DA:80,1
DA:81,1
DA:82,1
DA:83,1
DA:84,1
DA:85,52
DA:86,999
DA:87,474
DA:88,474
DA:89,999
DA:90,525
DA:91,525
DA:92,999
DA:93,52
DA:94,1
DA:95,1
DA:96,1
DA:97,1
DA:98,1
DA:99,1
DA:100,1
DA:101,52
DA:102,474
DA:103,52
DA:104,52
DA:105,52
DA:106,52
DA:107,1
LF:107
LH:96
BRDA:14,0,0,52
BRDA:18,1,0,6
BRDA:27,2,0,52
BRDA:41,3,0,52
BRDA:66,4,0,52
BRDA:70,5,0,520
BRDA:74,6,0,520
BRDA:78,7,0,1
BRDA:84,8,0,52
BRDA:85,9,0,999
BRDA:86,10,0,474
BRDA:87,11,0,0
BRDA:89,12,0,525
BRDA:100,13,0,52
BRDA:101,14,0,474
BRF:15
BRH:14
end_of_record
TN:
SF:src/CompileCode/transform/EasySyntax.ts
FN:5,load
FN:16,actionStringImport
FN:20,actionStringExport
FN:24,actionStringImportAll
FN:28,actionStringExportAll
FN:32,BuildImportType
FN:37,Rematch
FN:97,BuildInOneWord
FN:102,Rematch
FN:123,replaceWithSpace
FN:127,Define
FN:135,BuildInAsFunction
FN:139,exportVariable
FN:145,Rematch
FN:170,exportBlock
FN:176,Rematch
FN:224,BuildImports
FN:244,BuiltString
FN:246,BuildAndExportImports
FNF:19
FNH:17
FNDA:52,load
FNDA:11,actionStringImport
FNDA:0,actionStringExport
FNDA:4,actionStringImportAll
FNDA:0,actionStringExportAll
FNDA:156,BuildImportType
FNDA:167,Rematch
FNDA:156,BuildInOneWord
FNDA:160,Rematch
FNDA:104,replaceWithSpace
FNDA:52,Define
FNDA:52,BuildInAsFunction
FNDA:52,exportVariable
FNDA:52,Rematch
FNDA:52,exportBlock
FNDA:60,Rematch
FNDA:52,BuildImports
FNDA:52,BuiltString
FNDA:52,BuildAndExportImports
DA:1,1
DA:2,1
DA:3,1
DA:4,1
DA:5,1
DA:6,52
DA:7,52
DA:8,52
DA:9,52
DA:10,52
DA:11,52
DA:12,52
DA:13,52
DA:14,52
DA:15,1
DA:16,1
DA:17,11
DA:18,11
DA:19,1
DA:20,1
DA:21,0
DA:22,0
DA:23,1
DA:24,1
DA:25,4
DA:26,4
DA:27,1
DA:28,1
DA:29,0
DA:30,0
DA:31,1
DA:32,1
DA:33,156
DA:34,156
DA:35,156
DA:36,156
DA:37,156
DA:38,167
DA:39,167
DA:40,156
DA:41,156
DA:42,156
DA:43,156
DA:44,11
DA:45,11
DA:46,11
DA:47,11
DA:48,11
DA:49,11
DA:50,11
DA:51,2
DA:52,11
DA:53,9
DA:54,9
DA:55,9
DA:56,8
DA:57,8
DA:58,8
DA:59,8
DA:60,9
DA:61,1
DA:62,1
DA:63,9
DA:64,9
DA:65,9
DA:66,9
DA:67,9
DA:68,8
DA:69,9
DA:70,1
DA:71,1
DA:72,1
DA:73,1
DA:74,1
DA:75,1
DA:76,1
DA:77,9
DA:78,0
DA:79,0
DA:80,0
DA:81,0
DA:82,0
DA:83,9
DA:84,9
DA:85,9
DA:86,11
DA:87,11
DA:88,11
DA:89,11
DA:90,11
DA:91,156
DA:92,156
DA:93,156
DA:94,156
DA:95,156
DA:96,1
DA:97,1
DA:98,156
DA:99,156
DA:100,156
DA:101,156
DA:102,156
DA:103,160
DA:104,160
DA:105,156
DA:106,156
DA:107,156
DA:108,156
DA:109,4
DA:110,4
DA:111,4
DA:112,4
DA:113,4
DA:114,4
DA:115,4
DA:116,4
DA:117,156
DA:118,156
DA:119,156
DA:120,156
DA:121,156
DA:122,1
DA:123,1
DA:124,104
DA:125,104
DA:126,1
DA:127,1
DA:128,52
DA:129,52
DA:130,0
DA:131,52
DA:132,52
DA:133,52
DA:134,1
DA:135,1
DA:136,52
DA:137,0
DA:138,52
DA:139,52
DA:140,52
DA:141,52
DA:142,52
DA:143,52
DA:144,52
DA:145,52
DA:146,52
DA:147,52
DA:148,52
DA:149,52
DA:150,52
DA:151,52
DA:152,0
DA:153,0
DA:154,0
DA:155,0
DA:156,0
DA:157,0
DA:158,0
DA:159,0
DA:160,0
DA:161,0
DA:162,0
DA:163,0
DA:164,0
DA:165,0
DA:166,0
DA:167,0
DA:168,52
DA:169,52
DA:170,52
DA:171,52
DA:172,52
DA:173,52
DA:174,52
DA:175,52
DA:176,52
DA:177,60
DA:178,60
DA:179,52
DA:180,52
DA:181,52
DA:182,52
DA:183,8
DA:184,8
DA:185,8
DA:186,8
DA:187,8
DA:188,2
DA:189,2
DA:190,2
DA:191,2
DA:192,2
DA:193,0
DA:194,0
DA:195,0
DA:196,0
DA:197,8
DA:198,6
DA:199,6
DA:200,6
DA:201,6
DA:202,6
DA:203,4
DA:204,4
DA:205,6
DA:206,6
DA:207,6
DA:208,6
DA:209,6
DA:210,5
DA:211,5
DA:212,5
DA:213,6
DA:214,1
DA:215,1
DA:216,0
DA:217,0
DA:218,6
DA:219,8
DA:220,8
DA:221,8
DA:222,52
DA:223,52
DA:224,52
DA:225,52
DA:226,52
DA:227,52
DA:228,52
DA:229,52
DA:230,52
DA:231,52
DA:232,52
DA:233,52
DA:234,52
DA:235,52
DA:236,52
DA:237,52
DA:238,52
DA:239,52
DA:240,52
DA:241,52
DA:242,52
DA:243,1
DA:244,1
DA:245,52
DA:246,52
DA:247,52
DA:248,52
DA:249,52
DA:250,52
DA:251,52
DA:252,52
DA:253,52
DA:254,52
DA:255,52
DA:256,1
LF:256
LH:223
BRDA:5,0,0,52
BRDA:16,1,0,11
BRDA:24,2,0,4
BRDA:32,3,0,156
BRDA:43,4,0,11
BRDA:50,5,0,2
BRDA:52,6,0,9
BRDA:55,7,0,8
BRDA:59,8,0,0
BRDA:60,9,0,1
BRDA:67,10,0,8
BRDA:69,11,0,1
BRDA:73,12,0,0
BRDA:77,13,0,0
BRDA:37,14,0,167
BRDA:64,15,0,17
BRDA:64,16,0,17
BRDA:97,17,0,156
BRDA:108,18,0,4
BRDA:102,19,0,160
BRDA:123,20,0,104
BRDA:127,21,0,52
BRDA:129,22,0,52
BRDA:135,23,0,52
BRDA:136,24,0,52
BRDA:139,25,0,52
BRDA:151,26,0,0
BRDA:145,27,0,52
BRDA:170,28,0,52
BRDA:182,29,0,8
BRDA:184,30,0,5
BRDA:187,31,0,2
BRDA:192,32,0,0
BRDA:197,33,0,6
BRDA:202,34,0,4
BRDA:209,35,0,5
BRDA:209,36,0,5
BRDA:212,37,0,0
BRDA:213,38,0,1
BRDA:215,39,0,0
BRDA:176,40,0,60
BRDA:224,41,0,52
BRDA:244,42,0,52
BRDA:246,43,0,52
BRF:44
BRH:37
end_of_record
TN:
SF:src/CompileCode/transform/Script.ts
FN:13,ErrorTemplate
FN:24,BuildScript
FNF:2
FNH:1
FNDA:0,ErrorTemplate
FNDA:33,BuildScript
DA:1,1
DA:2,1
DA:3,1
DA:4,1
DA:5,1
DA:6,1
DA:7,1
DA:8,1
DA:9,1
DA:10,1
DA:11,1
DA:12,1
DA:13,0
DA:14,0
DA:15,0
DA:16,0
DA:17,1
DA:18,1
DA:19,1
DA:20,1
DA:21,1
DA:22,1
DA:23,1
DA:24,33
DA:25,33
DA:26,33
DA:27,33
DA:28,33
DA:29,33
DA:30,33
DA:31,33
DA:32,33
DA:33,33
DA:34,33
DA:35,33
DA:36,33
DA:37,33
DA:38,33
DA:39,33
DA:40,33
DA:41,33
DA:42,33
DA:43,33
DA:44,33
DA:45,33
DA:46,1
DA:47,1
DA:48,1
DA:49,0
DA:50,0
DA:51,0
DA:52,1
DA:53,33
DA:54,33
DA:55,33
LF:55
LH:48
BRDA:24,0,0,33
BRDA:30,1,0,0
BRDA:31,2,0,0
BRDA:43,3,0,32
BRDA:44,4,0,0
BRDA:45,5,0,1
BRDA:48,6,0,0
BRF:7
BRH:3
end_of_record
TN:
SF:src/CompileCode/transpiler/minify.ts
FN:6,minifyJS
FNF:1
FNH:0
FNDA:0,minifyJS
DA:1,1
DA:2,1
DA:3,1
DA:4,1
DA:5,1
DA:6,0
DA:7,0
DA:8,0
DA:9,0
DA:10,0
DA:11,0
DA:12,0
DA:13,0
LF:13
LH:5
BRF:0
BRH:0
end_of_record
TN:
SF:src/CompileCode/transpiler/printMessage.ts
FN:6,parseSWCError
FN:6,changeLocations
FN:31,get simpleMessage
FN:34,get fullMessage
FN:45,ESBuildPrintError
FN:56,ESBuildPrintErrorSourceMap
FN:78,ESBuildPrintErrorStringTracker
FNF:7
FNH:2
FNDA:1,parseSWCError
FNDA:0,changeLocations
FNDA:0,get simpleMessage
FNDA:0,get fullMessage
FNDA:0,ESBuildPrintError
FNDA:0,ESBuildPrintErrorSourceMap
FNDA:1,ESBuildPrintErrorStringTracker
DA:1,1
DA:2,1
DA:3,1
DA:4,1
DA:5,1
DA:6,1
DA:7,1
DA:8,1
DA:9,1
DA:10,1
DA:11,1
DA:12,1
DA:13,1
DA:14,1
DA:15,1
DA:16,1
DA:17,1
DA:18,1
DA:19,1
DA:20,1
DA:21,1
DA:22,1
DA:23,1
DA:24,0
DA:25,0
DA:26,0
DA:27,0
DA:28,0
DA:29,0
DA:30,0
DA:31,0
DA:32,0
DA:33,0
DA:34,0
DA:35,0
DA:36,0
DA:37,0
DA:38,0
DA:39,0
DA:40,0
DA:41,0
DA:42,0
DA:43,0
DA:44,1
DA:45,1
DA:46,0
DA:47,0
DA:48,0
DA:49,0
DA:50,0
DA:51,0
DA:52,0
DA:53,0
DA:54,0
DA:55,1
DA:56,0
DA:57,0
DA:58,0
DA:59,0
DA:60,0
DA:61,0
DA:62,0
DA:63,0
DA:64,0
DA:65,0
DA:66,0
DA:67,0
DA:68,0
DA:69,0
DA:70,0
DA:71,0
DA:72,0
DA:73,0
DA:74,0
DA:75,0
DA:76,1
DA:77,1
DA:78,1
DA:79,1
DA:80,1
DA:81,1
DA:82,1
DA:83,1
DA:84,1
DA:85,1
DA:86,1
DA:87,1
DA:88,1
DA:89,1
DA:90,1
DA:91,1
DA:92,1
DA:93,1
DA:94,1
DA:95,1
LF:95
LH:46
BRDA:6,0,0,1
BRDA:23,1,0,0
BRDA:8,2,0,19
BRDA:11,3,0,1
BRDA:45,4,0,0
BRDA:78,5,0,1
BRDA:80,6,0,1
BRF:7
BRH:5
end_of_record
TN:
SF:src/CompileCode/transpiler/settings.ts
FN:6,Decorators
FN:15,TransformJSC
FN:22,Commonjs
FNF:3
FNH:3
FNDA:65,Decorators
FNDA:65,TransformJSC
FNDA:54,Commonjs
DA:1,1
DA:2,1
DA:3,1
DA:4,1
DA:5,1
DA:6,1
DA:7,65
DA:8,65
DA:9,65
DA:10,65
DA:11,65
DA:12,65
DA:13,65
DA:14,1
DA:15,1
DA:16,65
DA:17,65
DA:18,65
DA:19,65
DA:20,65
DA:21,1
DA:22,1
DA:23,54
DA:24,54
DA:25,54
DA:26,54
DA:27,54
DA:28,54
DA:29,54
LF:29
LH:29
BRDA:6,0,0,65
BRDA:15,1,0,65
BRDA:22,2,0,54
BRF:3
BRH:3
end_of_record
TN:
SF:src/EasyDebug/SourceMap.ts
FN:3,toURLComment
FN:14,MergeSourceMap
FNF:2
FNH:1
FNDA:40,toURLComment
FNDA:0,MergeSourceMap
DA:1,1
DA:2,1
DA:3,1
DA:4,40
DA:5,40
DA:6,40
DA:7,40
DA:8,36
DA:9,36
DA:10,40
DA:11,40
DA:12,40
DA:13,1
DA:14,0
DA:15,0
DA:16,0
DA:17,0
DA:18,0
DA:19,0
DA:20,0
DA:21,0
DA:22,0
DA:23,0
DA:24,0
DA:25,0
DA:26,0
DA:27,0
DA:28,0
DA:29,0
DA:30,0
DA:31,0
DA:32,0
DA:33,0
DA:34,0
LF:34
LH:13
BRDA:3,0,0,40
BRDA:7,1,0,4
BRDA:7,2,0,36
BRF:3
BRH:3
end_of_record
TN:
SF:src/EasyDebug/SourceMapLoad.ts
FN:6,SourceMapToStringTracker
FN:27,mergeInfoStringTracker
FN:37,backToOriginal
FN:43,mergeSassInfoStringTracker
FN:56,backToOriginalSss
FNF:5
FNH:5
FNDA:38,SourceMapToStringTracker
FNDA:34,mergeInfoStringTracker
FNDA:34,backToOriginal
FNDA:4,mergeSassInfoStringTracker
FNDA:4,backToOriginalSss
DA:1,1
DA:2,1
DA:3,1
DA:4,1
DA:5,1
DA:6,38
DA:7,38
DA:8,38
DA:9,38
DA:10,38
DA:11,38
DA:12,9050
DA:13,9050
DA:14,9050
DA:15,9050
DA:16,9050
DA:17,9050
DA:18,865644
DA:19,865644
DA:20,865644
DA:21,865644
DA:22,38
DA:23,38
DA:24,38
DA:25,38
DA:26,1
DA:27,34
DA:28,34
DA:29,34
DA:30,137672
DA:31,137672
DA:32,137672
DA:33,137672
DA:34,137672
DA:35,34
DA:36,1
DA:37,34
DA:38,34
DA:39,34
DA:40,34
DA:41,34
DA:42,1
DA:43,4
DA:44,4
DA:45,4
DA:46,574
DA:47,108
DA:48,108
DA:49,108
DA:50,108
DA:51,574
DA:52,466
DA:53,466
DA:54,574
DA:55,4
DA:56,4
DA:57,4
DA:58,4
DA:59,4
DA:60,4
DA:61,4
LF:61
LH:61
BRDA:6,0,0,38
BRDA:7,1,0,34
BRDA:7,2,0,4
BRDA:11,3,0,9050
BRDA:13,4,0,0
BRDA:17,5,0,8986
BRDA:17,6,0,64
BRDA:17,7,0,865644
BRDA:27,8,0,34
BRDA:29,9,0,137672
BRDA:30,10,0,127496
BRDA:30,11,0,10176
BRDA:37,12,0,34
BRDA:43,13,0,4
BRDA:45,14,0,574
BRDA:46,15,0,108
BRDA:47,16,0,0
BRDA:51,17,0,466
BRDA:56,18,0,4
BRF:19
BRH:17
end_of_record
TN:
SF:src/EasyDebug/SourceMapStore.ts
FN:13,SourceMapBasic
FN:22,getSource
FN:36,getRowSourceMap
FN:40,mapAsURLComment
FN:49,SourceMapStore
FN:53,notEmpty
FN:57,addStringTracker
FN:61,_addStringTracker
FN:91,addText
FN:95,_addText
FN:101,fixURLSourceMap
FN:108,addSourceMapWithStringTracker
FN:110,_addSourceMapWithStringTracker
FN:134,buildAll
FN:155,mapAsURLComment
FN:159,createDataWithMap
FN:169,clone
FNF:17
FNH:11
FNDA:42,SourceMapBasic
FNDA:231,getSource
FNDA:4,getRowSourceMap
FNDA:38,mapAsURLComment
FNDA:6,SourceMapStore
FNDA:0,notEmpty
FNDA:2,addStringTracker
FNDA:2,_addStringTracker
FNDA:5,addText
FNDA:5,_addText
FNDA:0,fixURLSourceMap
FNDA:0,addSourceMapWithStringTracker
FNDA:0,_addSourceMapWithStringTracker
FNDA:6,buildAll
FNDA:0,mapAsURLComment
FNDA:6,createDataWithMap
FNDA:0,clone
DA:1,1
DA:2,1
DA:3,1
DA:4,1
DA:5,1
DA:6,1
DA:7,1
DA:8,1
DA:9,1
DA:10,1
DA:11,1
DA:12,1
DA:13,1
DA:14,42
DA:15,42
DA:16,42
DA:17,42
DA:18,42
DA:19,42
DA:20,42
DA:21,1
DA:22,1
DA:23,231
DA:24,231
DA:25,231
DA:26,39
DA:27,39
DA:28,31
DA:29,31
DA:30,39
DA:31,39
DA:32,192
DA:33,192
DA:34,231
DA:35,1
DA:36,1
DA:37,4
DA:38,4
DA:39,1
DA:40,1
DA:41,38
DA:42,38
DA:43,1
DA:44,1
DA:45,1
DA:46,1
DA:47,1
DA:48,1
DA:49,1
DA:50,6
DA:51,6
DA:52,1
DA:53,1
DA:54,0
DA:55,0
DA:56,1
DA:57,1
DA:58,2
DA:59,2
DA:60,1
DA:61,1
DA:62,2
DA:63,2
DA:64,2
DA:65,2
DA:66,2
DA:67,2
DA:68,2
DA:69,182
DA:70,182
DA:71,182
DA:72,11
DA:73,11
DA:74,11
DA:75,11
DA:76,171
DA:77,182
DA:78,8
DA:79,8
DA:80,8
DA:81,8
DA:82,8
DA:83,8
DA:84,8
DA:85,182
DA:86,2
DA:87,2
DA:88,2
DA:89,1
DA:90,1
DA:91,1
DA:92,5
DA:93,5
DA:94,1
DA:95,1
DA:96,5
DA:97,5
DA:98,5
DA:99,5
DA:100,1
DA:101,1
DA:102,0
DA:103,0
DA:104,0
DA:105,0
DA:106,0
DA:107,1
DA:108,1
DA:109,0
DA:110,0
DA:111,0
DA:112,0
DA:113,0
DA:114,0
DA:115,0
DA:116,0
DA:117,0
DA:118,0
DA:119,0
DA:120,0
DA:121,0
DA:122,0
DA:123,0
DA:124,0
DA:125,0
DA:126,0
DA:127,0
DA:128,0
DA:129,0
DA:130,0
DA:131,0
DA:132,0
DA:133,0
DA:134,0
DA:135,6
DA:136,6
DA:137,6
DA:138,7
DA:139,2
DA:140,2
DA:141,2
DA:142,2
DA:143,5
DA:144,5
DA:145,5
DA:146,5
DA:147,0
DA:148,0
DA:149,0
DA:150,0
DA:151,7
DA:152,7
DA:153,6
DA:154,1
DA:155,1
DA:156,0
DA:157,0
DA:158,0
DA:159,0
DA:160,6
DA:161,6
DA:162,6
DA:163,6
DA:164,6
DA:165,6
DA:166,6
DA:167,6
DA:168,1
DA:169,1
DA:170,0
DA:171,0
DA:172,0
DA:173,0
DA:174,1
LF:174
LH:129
BRDA:13,0,0,42
BRDA:19,1,0,34
BRDA:22,2,0,231
BRDA:25,3,0,39
BRDA:27,4,0,8
BRDA:27,5,0,31
BRDA:30,6,0,0
BRDA:31,7,0,192
BRDA:36,8,0,4
BRDA:40,9,0,38
BRDA:49,10,0,6
BRDA:57,11,0,2
BRDA:61,12,0,2
BRDA:63,13,0,0
BRDA:68,14,0,182
BRDA:71,15,0,11
BRDA:75,16,0,171
BRDA:77,17,0,8
BRDA:77,18,0,8
BRDA:77,19,0,8
BRDA:91,20,0,5
BRDA:95,21,0,5
BRDA:134,22,0,6
BRDA:137,23,0,7
BRDA:138,24,0,2
BRDA:142,25,0,5
BRDA:146,26,0,0
BRDA:159,27,0,6
BRDA:164,28,0,0
BRF:29
BRH:25
end_of_record
TN:
SF:src/EasyDebug/StringTracker.ts
FN:29,StringTracker
FN:39,get emptyInfo
FN:50,setDefault
FN:56,getDataArray
FN:58,get DefaultInfoText
FN:73,get StartInfo
FN:80,get OneString
FN:92,get eq
FN:100,get lineInfo
FN:111,get length
FN:125,Clone
FN:133,AddClone
FN:148,concat
FN:167,ClonePlus
FN:176,Plus
FN:196,Plus$
FN:223,AddTextAction
FN:249,AddTextAfter
FN:258,AddTextAfterNoTrack
FN:275,AddTextBefore
FN:284,AddTextBeforeNoTrack
FN:304,AddFileText
FN:329,CutString
FN:340,substring
FN:362,substr
FN:375,slice
FN:387,charAt
FN:394,at
FN:398,charCodeAt
FN:402,codePointAt
FN:404,StringTracker
FN:414,getLine
FN:423,charLength
FN:439,indexOf
FN:443,lastIndexOf
FN:450,unicodeMe
FN:456,get unicode
FN:471,search
FN:475,startsWith
FN:479,endsWith
FN:483,includes
FN:487,trimStart
FN:506,trimLeft
FN:510,trimEnd
FN:528,trimRight
FN:532,trim
FN:536,SpaceOne
FN:552,ActionString
FN:562,toLocaleLowerCase
FN:566,toLocaleUpperCase
FN:570,toUpperCase
FN:574,toLowerCase
FN:578,normalize
FN:582,StringIndexer
FN:610,RegexInString
FN:617,split
FN:633,repeat
FN:641,join
FN:649,replaceWithTimes
FN:668,replace
FN:672,replacer
FN:674,ReMatch
FN:691,replacerAsync
FN:695,ReMatch
FN:714,replaceAll
FN:718,matchAll
FN:729,match
FN:765,toString
FN:769,extractInfo
FN:773,originalPositionFor
FN:788,debugLine
FN:795,StringWithTack
FN:799,StringTack
FNF:73
FNH:54
FNDA:122528,StringTracker
FNDA:13101,get emptyInfo
FNDA:161014,setDefault
FNDA:9126,getDataArray
FNDA:262191,get DefaultInfoText
FNDA:110317,get StartInfo
FNDA:63437,get OneString
FNDA:45763,get eq
FNDA:0,get lineInfo
FNDA:37432,get length
FNDA:40487,Clone
FNDA:22399,AddClone
FNDA:753,concat
FNDA:753,ClonePlus
FNDA:10500,Plus
FNDA:3484,Plus$
FNDA:11558665,AddTextAction
FNDA:11548347,AddTextAfter
FNDA:2419,AddTextAfterNoTrack
FNDA:10318,AddTextBefore
FNDA:82,AddTextBeforeNoTrack
FNDA:1800,AddFileText
FNDA:69713,CutString
FNDA:33094,substring
FNDA:540,substr
FNDA:0,slice
FNDA:27493,charAt
FNDA:27493,at
FNDA:0,charCodeAt
FNDA:0,codePointAt
FNDA:0,StringTracker
FNDA:1,getLine
FNDA:9482,charLength
FNDA:1322,indexOf
FNDA:0,lastIndexOf
FNDA:4742,unicodeMe
FNDA:773,get unicode
FNDA:5008,search
FNDA:2842,startsWith
FNDA:4751,endsWith
FNDA:0,includes
FNDA:13219,trimStart
FNDA:0,trimLeft
FNDA:11691,trimEnd
FNDA:0,trimRight
FNDA:11691,trim
FNDA:11622,SpaceOne
FNDA:0,ActionString
FNDA:0,toLocaleLowerCase
FNDA:0,toLocaleUpperCase
FNDA:0,toUpperCase
FNDA:0,toLowerCase
FNDA:0,normalize
FNDA:2822,StringIndexer
FNDA:2822,RegexInString
FNDA:77,split
FNDA:0,repeat
FNDA:0,join
FNDA:2745,replaceWithTimes
FNDA:2017,replace
FNDA:42,replacer
FNDA:67,ReMatch
FNDA:8,replacerAsync
FNDA:16,ReMatch
FNDA:728,replaceAll
FNDA:0,matchAll
FNDA:354,match
FNDA:575,toString
FNDA:295,extractInfo
FNDA:1,originalPositionFor
FNDA:0,debugLine
FNDA:32,StringWithTack
FNDA:4,StringTack
DA:1,1
DA:2,1
DA:3,1
DA:4,1
DA:5,1
DA:6,1
DA:7,1
DA:8,1
DA:9,1
DA:10,1
DA:11,1
DA:12,1
DA:13,1
DA:14,1
DA:15,1
DA:16,1
DA:17,1
DA:18,1
DA:19,1
DA:20,1
DA:21,1
DA:22,1
DA:23,1
DA:24,1
DA:25,1
DA:26,1
DA:27,1
DA:28,1
DA:29,1
DA:30,122528
DA:31,1082
DA:32,122528
DA:33,113705
DA:34,113705
DA:35,122528
DA:36,122528
DA:37,1800
DA:38,1800
DA:39,122528
DA:40,13101
DA:41,13101
DA:42,13101
DA:43,13101
DA:44,13101
DA:45,13101
DA:46,13101
DA:47,13101
DA:48,13101
DA:49,1
DA:50,1
DA:51,161014
DA:52,161014
DA:53,161014
DA:54,161014
DA:55,1
DA:56,1
DA:57,9126
DA:58,9126
DA:59,262191
DA:60,262191
DA:61,262191
DA:62,262191
DA:63,262191
DA:64,262191
DA:65,65297
DA:66,65297
DA:67,65297
DA:68,65297
DA:69,65297
DA:70,65297
DA:71,196894
DA:72,262191
DA:73,262191
DA:74,110317
DA:75,110317
DA:76,110317
DA:77,110317
DA:78,110317
DA:79,110317
DA:80,110317
DA:81,63437
DA:82,63437
DA:83,63437
DA:84,63437
DA:85,63437
DA:86,63437
DA:87,63437
DA:88,9149257
DA:89,9149257
DA:90,63437
DA:91,63437
DA:92,63437
DA:93,45763
DA:94,45763
DA:95,45763
DA:96,45763
DA:97,45763
DA:98,45763
DA:99,45763
DA:100,45763
DA:101,0
DA:102,0
DA:103,0
DA:104,0
DA:105,0
DA:106,0
DA:107,0
DA:108,0
DA:109,0
DA:110,0
DA:111,0
DA:112,37432
DA:113,37432
DA:114,37432
DA:115,37432
DA:116,37432
DA:117,37432
DA:118,37432
DA:119,37432
DA:120,1
DA:121,1
DA:122,1
DA:123,1
DA:124,1
DA:125,1
DA:126,40487
DA:127,40487
DA:128,11511544
DA:129,11511544
DA:130,40487
DA:131,40487
DA:132,1
DA:133,1
DA:134,22399
DA:135,22399
DA:136,22399
DA:137,22399
DA:138,22399
DA:139,22399
DA:140,22399
DA:141,22399
DA:142,1
DA:143,1
DA:144,1
DA:145,1
DA:146,1
DA:147,1
DA:148,1
DA:149,753
DA:150,753
DA:151,753
DA:152,2259
DA:153,1772
DA:154,2259
DA:155,487
DA:156,487
DA:157,2259
DA:158,753
DA:159,753
DA:160,753
DA:161,1
DA:162,1
DA:163,1
DA:164,1
DA:165,1
DA:166,1
DA:167,1
DA:168,753
DA:169,753
DA:170,1
DA:171,1
DA:172,1
DA:173,1
DA:174,1
DA:175,1
DA:176,1
DA:177,10500
DA:178,10500
DA:179,13606
DA:180,11405
DA:181,11405
DA:182,13606
DA:183,2201
DA:184,2201
DA:185,13606
DA:186,10500
DA:187,10500
DA:188,10500
DA:189,1
DA:190,1
DA:191,1
DA:192,1
DA:193,1
DA:194,1
DA:195,1
DA:196,1
DA:197,3484
DA:198,3484
DA:199,11024
DA:200,11024
DA:201,11024
DA:202,11024
DA:203,11024
DA:204,11024
DA:205,6477
DA:206,6477
DA:207,11024
DA:208,4547
DA:209,4547
DA:210,11024
DA:211,3484
DA:212,3484
DA:213,3484
DA:214,3484
DA:215,3484
DA:216,1
DA:217,1
DA:218,1
DA:219,1
DA:220,1
DA:221,1
DA:222,1
DA:223,1
DA:224,11558665
DA:225,11558665
DA:226,11558665
DA:227,11596460
DA:228,11596460
DA:229,11596460
DA:230,11596460
DA:231,11596460
DA:232,11596460
DA:233,11596460
DA:234,11596460
DA:235,11596460
DA:236,68042
DA:237,68042
DA:238,68042
DA:239,11596460
DA:240,11558665
DA:241,11558665
DA:242,11558665
DA:243,1
DA:244,1
DA:245,1
DA:246,1
DA:247,1
DA:248,1
DA:249,1
DA:250,11548347
DA:251,11548347
DA:252,11548347
DA:253,1
DA:254,1
DA:255,1
DA:256,1
DA:257,1
DA:258,1
DA:259,2419
DA:260,6782
DA:261,6782
DA:262,6782
DA:263,6782
DA:264,6782
DA:265,6782
DA:266,6782
DA:267,2419
DA:268,2419
DA:269,1
DA:270,1
DA:271,1
DA:272,1
DA:273,1
DA:274,1
DA:275,1
DA:276,10318
DA:277,10318
DA:278,10318
DA:279,1
DA:280,1
DA:281,1
DA:282,1
DA:283,1
DA:284,1
DA:285,82
DA:286,82
DA:287,36353
DA:288,36353
DA:289,36353
DA:290,36353
DA:291,36353
DA:292,36353
DA:293,36353
DA:294,82
DA:295,82
DA:296,82
DA:297,82
DA:298,1
DA:299,1
DA:300,1
DA:301,1
DA:302,1
DA:303,1
DA:304,1
DA:305,1800
DA:306,1800
DA:307,1800
DA:308,267394
DA:309,267394
DA:310,267394
DA:311,267394
DA:312,267394
DA:313,267394
DA:314,267394
DA:315,267394
DA:316,267394
DA:317,4343
DA:318,4343
DA:319,4343
DA:320,267394
DA:321,1800
DA:322,1
DA:323,1
DA:324,1
DA:325,1
DA:326,1
DA:327,1
DA:328,1
DA:329,1
DA:330,69713
DA:331,69713
DA:332,69713
DA:333,69713
DA:334,69713
DA:335,69713
DA:336,1
DA:337,1
DA:338,1
DA:339,1
DA:340,1
DA:341,33094
DA:342,17623
DA:343,33094
DA:344,15471
DA:345,15471
DA:346,33094
DA:347,33094
DA:348,0
DA:349,33094
DA:350,33094
DA:351,33094
DA:352,33094
DA:353,33094
DA:354,33094
DA:355,1
DA:356,1
DA:357,1
DA:358,1
DA:359,1
DA:360,1
DA:361,1
DA:362,1
DA:363,540
DA:364,0
DA:365,0
DA:366,540
DA:367,540
DA:368,1
DA:369,1
DA:370,1
DA:371,1
DA:372,1
DA:373,1
DA:374,1
DA:375,1
DA:376,0
DA:377,0
DA:378,0
DA:379,0
DA:380,0
DA:381,0
DA:382,0
DA:383,0
DA:384,0
DA:385,0
DA:386,1
DA:387,1
DA:388,27493
DA:389,13842
DA:390,13842
DA:391,27493
DA:392,27493
DA:393,1
DA:394,1
DA:395,27493
DA:396,27493
DA:397,1
DA:398,1
DA:399,0
DA:400,0
DA:401,1
DA:402,1
DA:403,0
DA:404,0
DA:405,0
DA:406,0
DA:407,0
DA:408,0
DA:409,0
DA:410,0
DA:411,0
DA:412,0
DA:413,1
DA:414,1
DA:415,1
DA:416,1
DA:417,1
DA:418,1
DA:419,1
DA:420,1
DA:421,1
DA:422,1
DA:423,1
DA:424,9482
DA:425,2731
DA:426,2731
DA:427,6751
DA:428,6751
DA:429,9482
DA:430,537883
DA:431,537883
DA:432,537883
DA:433,537883
DA:434,537883
DA:435,0
DA:436,0
DA:437,9482
DA:438,1
DA:439,1
DA:440,1322
DA:441,1322
DA:442,1
DA:443,1
DA:444,0
DA:445,0
DA:446,1
DA:447,1
DA:448,1
DA:449,1
DA:450,1
DA:451,4742
DA:452,4742
DA:453,4742
DA:454,4742
DA:455,4742
DA:456,4742
DA:457,773
DA:458,773
DA:459,773
DA:460,773
DA:461,773
DA:462,773
DA:463,773
DA:464,773
DA:465,4742
DA:466,4742
DA:467,773
DA:468,773
DA:469,773
DA:470,1
DA:471,1
DA:472,5008
DA:473,5008
DA:474,1
DA:475,1
DA:476,2842
DA:477,2842
DA:478,1
DA:479,1
DA:480,4751
DA:481,4751
DA:482,1
DA:483,1
DA:484,0
DA:485,0
DA:486,1
DA:487,1
DA:488,13219
DA:489,13219
DA:490,13219
DA:491,13219
DA:492,29546
DA:493,29546
DA:494,29546
DA:495,21293
DA:496,21293
DA:497,29546
DA:498,8253
DA:499,8253
DA:500,8253
DA:501,29546
DA:502,13219
DA:503,13219
DA:504,13219
DA:505,1
DA:506,1
DA:507,0
DA:508,0
DA:509,1
DA:510,1
DA:511,11691
DA:512,11691
DA:513,11691
DA:514,11691
DA:515,17269
DA:516,17269
DA:517,17269
DA:518,9364
DA:519,17269
DA:520,7905
DA:521,7905
DA:522,7905
DA:523,17269
DA:524,11691
DA:525,11691
DA:526,11691
DA:527,1
DA:528,1
DA:529,0
DA:530,0
DA:531,1
DA:532,1
DA:533,11691
DA:534,11691
DA:535,1
DA:536,1
DA:537,11622
DA:538,11622
DA:539,11622
DA:540,11622
DA:541,11622
DA:542,10318
DA:543,10318
DA:544,11622
DA:545,11622
DA:546,10318
DA:547,10318
DA:548,11622
DA:549,11622
DA:550,11622
DA:551,1
DA:552,1
DA:553,0
DA:554,0
DA:555,0
DA:556,0
DA:557,0
DA:558,0
DA:559,0
DA:560,0
DA:561,1
DA:562,1
DA:563,0
DA:564,0
DA:565,1
DA:566,1
DA:567,0
DA:568,0
DA:569,1
DA:570,1
DA:571,0
DA:572,0
DA:573,1
DA:574,1
DA:575,0
DA:576,0
DA:577,1
DA:578,1
DA:579,0
DA:580,0
DA:581,1
DA:582,1
DA:583,2822
DA:584,2051
DA:585,2051
DA:586,2822
DA:587,2822
DA:588,2822
DA:589,2822
DA:590,2822
DA:591,2822
DA:592,2822
DA:593,3152
DA:594,3152
DA:595,3152
DA:596,3152
DA:597,3152
DA:598,3152
DA:599,3152
DA:600,3152
DA:601,3152
DA:602,3152
DA:603,3152
DA:604,3152
DA:605,3152
DA:606,2822
DA:607,2822
DA:608,2822
DA:609,1
DA:610,1
DA:611,2822
DA:612,2051
DA:613,2051
DA:614,771
DA:615,2822
DA:616,1
DA:617,1
DA:618,77
DA:619,77
DA:620,77
DA:621,77
DA:622,77
DA:623,77
DA:624,2399
DA:625,2399
DA:626,2399
DA:627,77
DA:628,77
DA:629,77
DA:630,77
DA:631,77
DA:632,1
DA:633,1
DA:634,0
DA:635,0
DA:636,0
DA:637,0
DA:638,0
DA:639,0
DA:640,1
DA:641,1
DA:642,0
DA:643,0
DA:644,0
DA:645,0
DA:646,0
DA:647,0
DA:648,1
DA:649,1
DA:650,2745
DA:651,2745
DA:652,2745
DA:653,2745
DA:654,2745
DA:655,753
DA:656,753
DA:657,753
DA:658,753
DA:659,753
DA:660,753
DA:661,753
DA:662,2745
DA:663,2745
DA:664,2745
DA:665,2745
DA:666,2745
DA:667,1
DA:668,1
DA:669,2017
DA:670,2017
DA:671,1
DA:672,1
DA:673,42
DA:674,42
DA:675,67
DA:676,67
DA:677,42
DA:678,42
DA:679,42
DA:680,42
DA:681,42
DA:682,25
DA:683,25
DA:684,25
DA:685,25
DA:686,25
DA:687,25
DA:688,42
DA:689,42
DA:690,42
DA:691,42
DA:692,8
DA:693,8
DA:694,8
DA:695,8
DA:696,16
DA:697,16
DA:698,8
DA:699,8
DA:700,8
DA:701,8
DA:702,8
DA:703,8
DA:704,8
DA:705,8
DA:706,8
DA:707,8
DA:708,8
DA:709,8
DA:710,8
DA:711,8
DA:712,8
DA:713,1
DA:714,1
DA:715,728
DA:716,728
DA:717,1
DA:718,1
DA:719,0
DA:720,0
DA:721,0
DA:722,0
DA:723,0
DA:724,0
DA:725,0
DA:726,0
DA:727,0
DA:728,1
DA:729,1
DA:730,354
DA:731,0
DA:732,0
DA:733,354
DA:734,354
DA:735,354
DA:736,354
DA:737,165
DA:738,165
DA:739,165
DA:740,165
DA:741,165
DA:742,165
DA:743,165
DA:744,165
DA:745,165
DA:746,354
DA:747,556
DA:748,165
DA:749,165
DA:750,391
DA:751,391
DA:752,556
DA:753,16
DA:754,16
DA:755,16
DA:756,375
DA:757,375
DA:758,375
DA:759,375
DA:760,375
DA:761,165
DA:762,165
DA:763,354
DA:764,1
DA:765,1
DA:766,575
[...]
BRDA:264,23,0,30
BRDA:191,24,0,14
BRDA:193,25,0,0
BRDA:203,26,0,13
BRDA:207,27,0,1
BRDA:210,28,0,53
BRDA:215,29,0,1
BRF:30
BRH:21
end_of_record
TN:
SF:src/RunTimeBuild/GetPages.ts
FN:39,LoadPageToRam
FN:47,LoadAllPagesToRam
FN:55,ClearAllPagesFromRam
FN:62,ExtensionInArray
FN:74,GetErrorPage
FN:87,ParseBasicInfo
FN:103,ParseBasicInfo.Request.signedCookies
FN:133,makeDeleteRequestFilesArray
FN:155,deleteRequestFiles
FN:160,isURLPathAFile
FN:169,BuildLoadPage
FN:191,GetDynamicPage
FN:229,MakePageResponse
FN:232,MakePageResponse.Response.writeHead.Location
FN:265,ActivatePage
FN:294,DynamicPage
FN:306,nextPrase
FN:315,urlFix
FNF:18
FNH:15
FNDA:32,LoadPageToRam
FNDA:1,LoadAllPagesToRam
FNDA:0,ClearAllPagesFromRam
FNDA:39,ExtensionInArray
FNDA:2,GetErrorPage
FNDA:31,ParseBasicInfo
FNDA:31,ParseBasicInfo.Request.signedCookies
FNDA:31,makeDeleteRequestFilesArray
FNDA:30,deleteRequestFiles
FNDA:31,isURLPathAFile
FNDA:0,BuildLoadPage
FNDA:32,GetDynamicPage
FNDA:30,MakePageResponse
FNDA:0,MakePageResponse.Response.writeHead.Location
FNDA:31,ActivatePage
FNDA:31,DynamicPage
FNDA:31,nextPrase
FNDA:30,urlFix
DA:1,1
DA:2,1
DA:3,1
DA:4,1
DA:5,1
DA:6,1
DA:7,1
DA:8,1
DA:9,1
DA:10,1
DA:11,1
DA:12,1
DA:13,1
DA:14,1
DA:15,1
DA:16,1
DA:17,1
DA:18,1
DA:19,1
DA:20,1
DA:21,1
DA:22,1
DA:23,1
DA:24,1
DA:25,1
DA:26,1
DA:27,1
DA:28,1
DA:29,1
DA:30,1
DA:31,1
DA:32,1
DA:33,1
DA:34,1
DA:35,1
DA:36,1
DA:37,1
DA:38,1
DA:39,32
DA:40,32
DA:41,32
DA:42,32
DA:43,32
DA:44,32
DA:45,32
DA:46,1
DA:47,1
DA:48,1
DA:49,39
DA:50,39
DA:51,39
DA:52,39
DA:53,1
DA:54,1
DA:55,0
DA:56,0
DA:57,0
DA:58,0
DA:59,0
DA:60,0
DA:61,1
DA:62,39
DA:63,39
DA:64,39
DA:65,39
DA:66,144
DA:67,144
DA:68,144
DA:69,144
DA:70,32
DA:71,32
DA:72,32
DA:73,1
DA:74,2
DA:75,2
DA:76,2
DA:77,0
DA:78,0
DA:79,0
DA:80,2
DA:81,2
DA:82,2
DA:83,2
DA:84,2
DA:85,2
DA:86,1
DA:87,31
DA:88,31
DA:89,31
DA:90,0
DA:91,0
DA:92,0
DA:93,0
DA:94,31
DA:95,31
DA:96,31
DA:97,31
DA:98,31
DA:99,31
DA:100,31
DA:101,31
DA:102,31
DA:103,31
DA:104,31
DA:105,31
DA:106,31
DA:107,31
DA:108,31
DA:109,31
DA:110,31
DA:111,31
DA:112,31
DA:113,31
DA:114,30
DA:115,30
DA:116,30
DA:117,30
DA:118,30
DA:119,0
DA:120,0
DA:121,0
DA:122,0
DA:123,30
DA:124,30
DA:125,0
DA:126,0
DA:127,0
DA:128,0
DA:129,30
DA:130,31
DA:131,1
DA:132,1
DA:133,31
DA:134,31
DA:135,31
DA:136,1
DA:137,1
DA:138,1
DA:139,31
DA:140,0
DA:141,0
DA:142,0
DA:143,0
DA:144,0
DA:145,0
DA:146,0
DA:147,0
DA:148,0
DA:149,0
DA:150,1
DA:151,1
DA:152,1
DA:153,1
DA:154,1
DA:155,30
DA:156,30
DA:157,30
DA:158,30
DA:159,1
DA:160,31
DA:161,31
DA:162,30
DA:163,30
DA:164,30
DA:165,30
DA:166,30
DA:167,31
DA:168,1
DA:169,0
DA:170,0
DA:171,0
DA:172,0
DA:173,0
DA:174,0
DA:175,0
DA:176,0
DA:177,0
DA:178,0
DA:179,1
DA:180,1
DA:181,1
DA:182,1
DA:183,1
DA:184,1
DA:185,1
DA:186,1
DA:187,1
DA:188,1
DA:189,1
DA:190,1
DA:191,32
DA:192,32
DA:193,32
DA:194,32
DA:195,32
DA:196,32
DA:197,32
DA:198,0
DA:199,0
DA:200,0
DA:201,0
DA:202,0
DA:203,0
DA:204,0
DA:205,0
DA:206,0
DA:207,0
DA:208,0
DA:209,32
DA:210,32
DA:211,1
DA:212,1
DA:213,0
DA:214,1
DA:215,1
DA:216,1
DA:217,1
DA:218,1
DA:219,0
DA:220,0
DA:221,31
DA:222,31
DA:223,31
DA:224,31
DA:225,31
DA:226,31
DA:227,31
DA:228,1
DA:229,30
DA:230,30
DA:231,0
DA:232,0
DA:233,30
DA:234,0
DA:235,0
DA:236,30
DA:237,30
DA:238,30
DA:239,30
DA:240,30
DA:241,0
DA:242,0
DA:243,30
DA:244,30
DA:245,30
DA:246,0
DA:247,0
DA:248,30
DA:249,1
DA:250,1
DA:251,1
DA:252,1
DA:253,1
DA:254,1
DA:255,1
DA:256,1
DA:257,1
DA:258,1
DA:259,1
DA:260,1
DA:261,1
DA:262,1
DA:263,1
DA:264,1
DA:265,31
DA:266,31
DA:267,31
DA:268,31
DA:269,31
DA:270,31
DA:271,31
DA:272,31
DA:273,31
DA:274,30
DA:275,30
DA:276,30
DA:277,30
DA:278,30
DA:279,30
DA:280,31
DA:281,1
DA:282,1
DA:283,1
DA:284,1
DA:285,1
DA:286,1
DA:287,1
DA:288,1
DA:289,1
DA:290,30
DA:291,30
DA:292,30
DA:293,1
DA:294,31
DA:295,31
DA:296,31
DA:297,31
DA:298,31
DA:299,31
DA:300,0
DA:301,0
DA:302,0
DA:303,0
DA:304,0
DA:305,31
DA:306,31
DA:307,31
DA:308,31
DA:309,31
DA:310,31
DA:311,30
DA:312,30
DA:313,30
DA:314,1
DA:315,30
DA:316,30
DA:317,0
DA:318,0
DA:319,30
DA:320,30
DA:321,30
DA:322,1
DA:323,1
DA:324,1
DA:325,1
DA:326,1
DA:327,1
DA:328,1
DA:329,1
DA:330,1
LF:330
LH:260
BRDA:39,0,0,32
BRDA:47,1,0,1
BRDA:48,2,0,39
BRDA:50,3,0,32
BRDA:62,4,0,39
BRDA:65,5,0,144
BRDA:67,6,0,7
BRDA:69,7,0,32
BRDA:74,8,0,2
BRDA:76,9,0,0
BRDA:87,10,0,31
BRDA:89,11,0,0
BRDA:98,12,0,0
BRDA:105,13,0,0
BRDA:106,14,0,30
BRDA:101,15,0,31
BRDA:102,16,0,31
BRDA:103,17,0,31
BRDA:113,18,0,30
BRDA:118,19,0,0
BRDA:124,20,0,0
BRDA:133,21,0,31
BRDA:135,22,0,30
BRDA:135,23,0,1
BRDA:139,24,0,0
BRDA:149,25,0,1
BRDA:155,26,0,30
BRDA:157,27,0,0
BRDA:160,28,0,31
BRDA:161,29,0,30
BRDA:165,30,0,0
BRDA:191,31,0,32
BRDA:197,32,0,0
BRDA:209,33,0,31
BRDA:210,34,0,31
BRDA:210,35,0,1
BRDA:212,36,0,0
BRDA:218,37,0,0
BRDA:220,38,0,31
BRDA:229,39,0,30
BRDA:230,40,0,0
BRDA:233,41,0,0
BRDA:240,42,0,0
BRDA:245,43,0,0
BRDA:265,44,0,31
BRDA:268,45,0,0
BRDA:269,46,0,0
BRDA:273,47,0,30
BRDA:280,48,0,1
BRDA:289,49,0,30
BRDA:294,50,0,31
BRDA:299,51,0,0
BRDA:310,52,0,1
BRDA:310,53,0,30
BRDA:306,54,0,31
BRDA:315,55,0,30
BRDA:316,56,0,0
BRF:57
BRH:37
end_of_record
TN:
SF:src/RunTimeBuild/ImportFileRuntime.ts
FN:28,makeDependencies
FN:54,compareDependenciesSame
FN:75,getChangeArray
FN:112,RequireFile
FNF:4
FNH:1
FNDA:0,makeDependencies
FNDA:0,compareDependenciesSame
FNDA:0,getChangeArray
FNDA:5,RequireFile
DA:1,1
DA:2,1
DA:3,1
DA:4,1
DA:5,1
DA:6,1
DA:7,1
DA:8,1
DA:9,1
DA:10,1
DA:11,1
DA:12,1
DA:13,1
DA:14,1
DA:15,1
DA:16,1
DA:17,1
DA:18,1
DA:19,1
DA:20,1
DA:21,1
DA:22,1
DA:23,1
DA:24,1
DA:25,1
DA:26,1
DA:27,1
DA:28,0
DA:29,0
DA:30,0
DA:31,0
DA:32,0
DA:33,0
DA:34,0
DA:35,0
DA:36,0
DA:37,0
DA:38,0
DA:39,0
DA:40,0
DA:41,0
DA:42,0
DA:43,0
DA:44,0
DA:45,0
DA:46,0
DA:47,1
DA:48,1
DA:49,1
DA:50,1
DA:51,1
DA:52,1
DA:53,1
DA:54,0
DA:55,0
DA:56,0
DA:57,0
DA:58,0
DA:59,0
DA:60,0
DA:61,0
DA:62,0
DA:63,0
DA:64,0
DA:65,0
DA:66,1
DA:67,1
DA:68,1
DA:69,1
DA:70,1
DA:71,1
DA:72,1
DA:73,1
DA:74,1
DA:75,0
DA:76,0
DA:77,0
DA:78,0
DA:79,0
DA:80,0
DA:81,0
DA:82,0
DA:83,0
DA:84,0
DA:85,0
DA:86,0
DA:87,0
DA:88,0
DA:89,0
DA:90,0
DA:91,0
DA:92,0
DA:93,0
DA:94,0
DA:95,0
DA:96,0
DA:97,0
DA:98,0
DA:99,0
DA:100,0
DA:101,1
DA:102,1
DA:103,1
DA:104,1
DA:105,1
DA:106,1
DA:107,1
DA:108,1
DA:109,1
DA:110,1
DA:111,1
DA:112,5
DA:113,5
DA:114,5
DA:115,5
DA:116,5
DA:117,0
DA:118,0
DA:119,0
DA:120,0
DA:121,0
DA:122,0
DA:123,0
DA:124,0
DA:125,0
DA:126,0
DA:127,0
DA:128,0
DA:129,0
DA:130,0
DA:131,0
DA:132,5
DA:133,5
DA:134,5
DA:135,5
DA:136,5
DA:137,5
DA:138,5
DA:139,1
DA:140,1
DA:141,1
DA:142,0
DA:143,0
DA:144,0
DA:145,5
DA:146,5
DA:147,0
DA:148,0
DA:149,0
DA:150,5
DA:151,5
DA:152,5
DA:153,4
DA:154,4
DA:155,4
DA:156,4
DA:157,4
DA:158,4
DA:159,4
DA:160,4
DA:161,4
DA:162,4
DA:163,4
DA:164,4
DA:165,4
DA:166,4
DA:167,4
DA:168,3
DA:169,4
DA:170,0
DA:171,0
DA:172,0
DA:173,0
DA:174,0
DA:175,0
DA:176,0
DA:177,0
DA:178,0
DA:179,4
DA:180,4
DA:181,4
DA:182,4
DA:183,4
DA:184,4
DA:185,4
LF:185
LH:98
BRDA:112,0,0,5
BRDA:116,1,0,0
BRDA:138,2,0,4
BRDA:138,3,0,1
BRDA:141,4,0,0
BRDA:146,5,0,0
BRDA:152,6,0,1
BRDA:152,7,0,4
BRDA:162,8,0,0
BRDA:163,9,0,0
BRDA:167,10,0,0
BRDA:167,11,0,3
BRDA:169,12,0,0
BRF:13
BRH:6
end_of_record
TN:
SF:src/RunTimeBuild/SearchFileSystem.ts
FN:8,getDirname
FN:24,GetFullWebSitePath
FN:29,GetSource
FN:49,getTypes
FN:83,get WebSiteFolder
FN:87,get fullWebSitePath
FN:90,set WebSiteFolder
FN:97,get tsConfig
FN:100,tsConfigFile
FN:106,relative
FN:115,DeleteInDirectory
FN:130,smallPathToPage
FNF:12
FNH:10
FNDA:1,getDirname
FNDA:7,GetFullWebSitePath
FNDA:5,GetSource
FNDA:72,getTypes
FNDA:195,get WebSiteFolder
FNDA:365,get fullWebSitePath
FNDA:1,set WebSiteFolder
FNDA:0,get tsConfig
FNDA:0,tsConfigFile
FNDA:526,relative
FNDA:4,DeleteInDirectory
FNDA:119,smallPathToPage
DA:1,1
DA:2,1
DA:3,1
DA:4,1
DA:5,1
DA:6,1
DA:7,1
DA:8,1
DA:9,1
DA:10,1
DA:11,1
DA:12,1
DA:13,1
DA:14,1
DA:15,1
DA:16,1
DA:17,1
DA:18,1
DA:19,1
DA:20,1
DA:21,1
DA:22,1
DA:23,1
DA:24,7
DA:25,7
DA:26,7
DA:27,1
DA:28,1
DA:29,5
DA:30,5
DA:31,5
DA:32,1
DA:33,1
DA:34,1
DA:35,1
DA:36,1
DA:37,1
DA:38,1
DA:39,1
DA:40,1
DA:41,1
DA:42,1
DA:43,1
DA:44,1
DA:45,1
DA:46,1
DA:47,1
DA:48,1
DA:49,1
DA:50,72
DA:51,72
DA:52,72
DA:53,1
DA:54,1
DA:55,1
DA:56,1
DA:57,1
DA:58,1
DA:59,1
DA:60,1
DA:61,1
DA:62,1
DA:63,1
DA:64,1
DA:65,1
DA:66,1
DA:67,1
DA:68,1
DA:69,1
DA:70,1
DA:71,1
DA:72,1
DA:73,1
DA:74,1
DA:75,1
DA:76,1
DA:77,1
DA:78,1
DA:79,1
DA:80,1
DA:81,1
DA:82,1
DA:83,1
DA:84,195
DA:85,195
DA:86,195
DA:87,195
DA:88,365
DA:89,365
DA:90,365
DA:91,1
DA:92,1
DA:93,1
DA:94,1
DA:95,1
DA:96,1
DA:97,1
DA:98,0
DA:99,0
DA:100,0
DA:101,0
DA:102,0
DA:103,0
DA:104,0
DA:105,0
DA:106,1
DA:107,526
DA:108,526
DA:109,1
DA:110,1
DA:111,1
DA:112,1
DA:113,1
DA:114,1
DA:115,4
DA:116,4
DA:117,4
DA:118,9
DA:119,9
DA:120,2
DA:121,2
DA:122,2
DA:123,2
DA:124,7
DA:125,7
DA:126,7
DA:127,9
DA:128,4
DA:129,1
DA:130,1
DA:131,119
DA:132,119
DA:133,1
DA:134,1
DA:135,1
DA:136,1
DA:137,1
DA:138,1
DA:139,1
DA:140,1
DA:141,1
DA:142,1
DA:143,1
DA:144,1
DA:145,1
DA:146,1
LF:146
LH:138
BRDA:8,0,0,1
BRDA:24,1,0,7
BRDA:29,2,0,5
BRDA:49,3,0,72
BRDA:83,4,0,195
BRDA:87,5,0,365
BRDA:90,6,0,1
BRDA:106,7,0,526
BRDA:115,8,0,4
BRDA:117,9,0,9
BRDA:119,10,0,2
BRDA:123,11,0,7
BRDA:130,12,0,119
BRF:13
BRH:13
end_of_record
TN:
SF:src/RunTimeBuild/SearchPages.ts
FN:20,compileFile
FN:41,RequireScript
FN:45,FilesInFolder2
FN:70,RequireScripts
FN:76,CreateCompile
FN:85,FastCompileInFile
FN:90,FastCompile
FN:95,compileAll
FNF:8
FNH:6
FNDA:41,compileFile
FNDA:7,RequireScript
FNDA:29,FilesInFolder2
FNDA:0,RequireScripts
FNDA:2,CreateCompile
FNDA:1,FastCompileInFile
FNDA:0,FastCompile
FNDA:1,compileAll
DA:1,1
DA:2,1
DA:3,1
DA:4,1
DA:5,1
DA:6,1
DA:7,1
DA:8,1
DA:9,1
DA:10,1
DA:11,1
DA:12,1
DA:13,1
DA:14,1
DA:15,1
DA:16,1
DA:17,1
DA:18,1
DA:19,1
DA:20,41
DA:21,41
DA:22,41
DA:23,41
DA:24,41
DA:25,41
DA:26,41
DA:27,41
DA:28,41
DA:29,41
DA:30,41
DA:31,41
DA:32,41
DA:33,41
DA:34,32
DA:35,32
DA:36,32
DA:37,41
DA:38,41
DA:39,41
DA:40,1
DA:41,7
DA:42,7
DA:43,7
DA:44,1
DA:45,29
DA:46,29
DA:47,29
DA:48,29
DA:49,97
DA:50,97
DA:51,27
DA:52,27
DA:53,27
DA:54,70
DA:55,70
DA:56,40
DA:57,40
DA:58,40
DA:59,70
DA:60,7
DA:61,7
DA:62,30
DA:63,23
DA:64,23
DA:65,23
DA:66,70
DA:67,97
DA:68,29
DA:69,1
DA:70,0
DA:71,0
DA:72,0
DA:73,0
DA:74,0
DA:75,1
DA:76,2
DA:77,2
DA:78,2
DA:79,2
DA:80,2
DA:81,1
DA:82,1
DA:83,1
DA:84,1
DA:85,1
DA:86,1
DA:87,1
DA:88,1
DA:89,1
DA:90,0
DA:91,0
DA:92,0
DA:93,0
DA:94,1
DA:95,1
DA:96,1
DA:97,0
DA:98,0
DA:99,1
DA:100,1
DA:101,1
DA:102,1
DA:103,1
DA:104,1
DA:105,1
DA:106,1
DA:107,1
DA:108,1
DA:109,3
DA:110,3
DA:111,1
DA:112,1
DA:113,1
DA:114,1
DA:115,1
DA:116,1
LF:116
LH:105
BRDA:20,0,0,41
BRDA:24,1,0,1
BRDA:24,2,0,40
BRDA:30,3,0,8
BRDA:33,4,0,40
BRDA:33,5,0,32
BRDA:41,6,0,7
BRDA:45,7,0,29
BRDA:48,8,0,97
BRDA:50,9,0,27
BRDA:53,10,0,70
BRDA:55,11,0,40
BRDA:59,12,0,30
BRDA:59,13,0,7
BRDA:62,14,0,23
BRDA:76,15,0,2
BRDA:79,16,0,2
BRDA:85,17,0,1
BRDA:95,18,0,1
BRDA:96,19,0,0
BRDA:96,20,0,0
BRDA:107,21,0,1
BRDA:108,22,0,3
BRF:23
BRH:21
end_of_record
TN:
SF:src/RunTimeBuild/SiteMap.ts
FN:9,FilesInFolder
FN:32,scanFiles
FN:41,debugSiteMap
FN:45,createSiteMap
FNF:4
FNH:1
FNDA:0,FilesInFolder
FNDA:0,scanFiles
FNDA:0,debugSiteMap
FNDA:1,createSiteMap
DA:1,1
DA:2,1
DA:3,1
DA:4,1
DA:5,1
DA:6,1
DA:7,1
DA:8,1
DA:9,0
DA:10,0
DA:11,0
DA:12,0
DA:13,0
DA:14,0
DA:15,0
DA:16,0
DA:17,0
DA:18,0
DA:19,0
DA:20,0
DA:21,0
DA:22,0
DA:23,0
DA:24,0
DA:25,0
DA:26,0
DA:27,0
DA:28,0
DA:29,0
DA:30,0
DA:31,1
DA:32,0
DA:33,0
DA:34,0
DA:35,0
DA:36,0
DA:37,0
DA:38,0
DA:39,0
DA:40,1
DA:41,0
DA:42,0
DA:43,0
DA:44,1
DA:45,1
DA:46,1
DA:47,1
DA:48,1
DA:49,1
DA:50,1
DA:51,1
DA:52,1
DA:53,1
DA:54,1
DA:55,1
DA:56,1
DA:57,1
DA:58,1
DA:59,1
DA:60,1
DA:61,40
DA:62,40
DA:63,40
DA:64,30
DA:65,30
DA:66,30
DA:67,30
DA:68,30
DA:69,30
DA:70,40
DA:71,0
DA:72,0
DA:73,0
DA:74,0
DA:75,0
DA:76,0
DA:77,0
DA:78,30
DA:79,30
DA:80,30
DA:81,30
DA:82,0
DA:83,0
DA:84,0
DA:85,30
DA:86,30
DA:87,30
DA:88,30
DA:89,30
DA:90,30
DA:91,40
DA:92,40
DA:93,30
DA:94,30
DA:95,30
DA:96,60
DA:97,60
DA:98,60
DA:99,30
DA:100,30
DA:101,30
DA:102,30
DA:103,0
DA:104,0
DA:105,0
DA:106,0
DA:107,0
DA:108,0
DA:109,30
DA:110,30
DA:111,30
DA:112,1
DA:113,1
DA:114,1
DA:115,0
DA:116,0
DA:117,0
DA:118,0
DA:119,0
DA:120,0
DA:121,0
DA:122,1
DA:123,1
DA:124,1
DA:125,1
DA:126,1
DA:127,1
DA:128,1
LF:128
LH:72
BRDA:45,0,0,1
BRDA:47,1,0,0
BRDA:49,2,0,0
BRDA:60,3,0,40
BRDA:62,4,0,38
BRDA:63,5,0,10
BRDA:63,6,0,30
BRDA:68,7,0,0
BRDA:68,8,0,30
BRDA:70,9,0,0
BRDA:77,10,0,30
BRDA:81,11,0,0
BRDA:92,12,0,0
BRDA:92,13,0,30
BRDA:95,14,0,60
BRDA:97,15,0,0
BRDA:102,16,0,0
BRDA:114,17,0,0
BRDA:124,18,0,0
BRDA:89,19,0,420
BRDA:90,20,0,30
BRF:21
BRH:11
end_of_record
TN:
SF:src/StringMethods/Id.ts
FN:1,createId
FNF:1
FNH:1
FNDA:17,createId
DA:1,1
DA:2,17
DA:3,17
LF:3
LH:3
BRDA:1,0,0,17
BRF:1
BRH:1
end_of_record
TN:
SF:src/StringMethods/Splitting.ts
FN:10,SplitFirst
FN:19,CutTheLast
FN:27,trimType
FNF:3
FNH:2
FNDA:232,SplitFirst
FNDA:209,CutTheLast
FNDA:0,trimType
DA:1,1
DA:2,1
DA:3,1
DA:4,1
DA:5,1
DA:6,1
DA:7,1
DA:8,1
DA:9,1
DA:10,1
DA:11,232
DA:12,232
DA:13,232
DA:14,232
DA:15,232
DA:16,232
DA:17,232
DA:18,1
DA:19,1
DA:20,209
DA:21,209
DA:22,1
DA:23,1
DA:24,1
DA:25,1
DA:26,1
DA:27,1
DA:28,0
DA:29,0
DA:30,0
DA:31,0
DA:32,0
DA:33,0
DA:34,0
DA:35,0
DA:36,1
DA:37,1
DA:38,1
DA:39,1
DA:40,1
DA:41,1
LF:41
LH:33
BRDA:10,0,0,232
BRDA:14,1,0,0
BRDA:19,2,0,209
BRF:3
BRH:2
end_of_record
TN:
SF:src/static/wasm/component/Settings.js
FNF:0
FNH:0
DA:1,1
DA:2,1
LF:2
LH:2
BRF:0
BRH:0
end_of_record
TN:
SF:src/static/wasm/component/index.js
FN:11,getUint8Memory0
FN:23,encodeString
FN:26,encodeString
FN:35,passStringToWasm0
FN:138,find_end_block
FN:164,find_end_of_def
FN:178,find_end_of_q
FNF:7
FNH:4
FNDA:2135,getUint8Memory0
FNDA:3,encodeString
FNDA:0,encodeString
FNDA:2132,passStringToWasm0
FNDA:0,find_end_block
FNDA:1066,find_end_of_def
FNDA:0,find_end_of_q
DA:1,1
DA:2,1
DA:3,1
DA:4,1
DA:5,1
DA:6,1
DA:7,1
DA:8,1
DA:9,1
DA:10,1
DA:11,2135
DA:12,2135
DA:13,1
DA:14,1
DA:15,2135
DA:16,2135
DA:17,1
DA:18,1
DA:19,1
DA:20,1
DA:21,1
DA:22,1
DA:23,1
DA:24,3
DA:25,3
DA:26,0
DA:27,0
DA:28,0
DA:29,0
DA:30,0
DA:31,0
DA:32,0
DA:33,0
DA:34,1
DA:35,2132
DA:36,2132
DA:37,2132
DA:38,0
DA:39,0
DA:40,0
DA:41,0
DA:42,0
DA:43,0
DA:44,2132
DA:45,2132
DA:46,2132
DA:47,2132
DA:48,2132
DA:49,2132
DA:50,2132
DA:51,2132
DA:52,2132
DA:53,193478
DA:54,193478
DA:55,193475
DA:56,193475
DA:57,2132
DA:58,2132
DA:59,3
DA:60,3
DA:61,3
DA:62,3
DA:63,3
DA:64,3
DA:65,3
DA:66,3
DA:67,3
DA:68,2132
DA:69,2132
DA:70,2132
DA:71,2132
DA:72,1
DA:73,1
DA:74,1
DA:75,1
DA:76,1
DA:77,1
DA:78,1
DA:79,1
DA:80,1
DA:81,1
DA:82,1
DA:83,1
DA:84,1
DA:85,1
DA:86,1
DA:87,1
DA:88,1
DA:89,1
DA:90,1
DA:91,1
DA:92,1
DA:93,1
DA:94,1
DA:95,1
DA:96,1
DA:97,1
DA:98,1
DA:99,1
DA:100,1
DA:101,1
DA:102,1
DA:103,1
DA:104,1
DA:105,1
DA:106,1
DA:107,1
DA:108,1
DA:109,1
DA:110,1
DA:111,1
DA:112,1
DA:113,1
DA:114,1
DA:115,1
DA:116,1
DA:117,1
DA:118,1
DA:119,1
DA:120,1
DA:121,1
DA:122,1
DA:123,1
DA:124,1
DA:125,1
DA:126,1
DA:127,1
DA:128,1
DA:129,1
DA:130,1
DA:131,1
DA:132,1
DA:133,1
DA:134,1
DA:135,1
DA:136,1
DA:137,1
DA:138,1
DA:139,0
DA:140,0
DA:141,0
DA:142,0
DA:143,0
DA:144,0
DA:145,0
DA:146,1
DA:147,1
DA:148,1
DA:149,1
DA:150,1
DA:151,1
DA:152,1
DA:153,1
DA:154,1
DA:155,1
DA:156,1
DA:157,1
DA:158,1
DA:159,1
DA:160,1
DA:161,1
DA:162,1
DA:163,1
DA:164,1
DA:165,1066
DA:166,1066
DA:167,1066
DA:168,1066
DA:169,1066
DA:170,1066
DA:171,1066
DA:172,1
DA:173,1
DA:174,1
DA:175,1
DA:176,1
DA:177,1
DA:178,1
DA:179,0
DA:180,0
DA:181,0
DA:182,0
DA:183,0
DA:184,1
DA:185,1
DA:186,1
DA:187,1
DA:188,1
DA:189,1
DA:190,1
DA:191,1
DA:192,1
DA:193,1
DA:194,1
DA:195,1
DA:196,1
DA:197,1
DA:198,1
DA:199,1
DA:200,1
DA:201,1
DA:202,1
DA:203,1
DA:204,1
DA:205,1
DA:206,1
DA:207,1
DA:208,1
DA:209,1
DA:210,1
DA:211,1
DA:212,1
DA:213,1
DA:214,1
DA:215,1
DA:216,1
DA:217,1
DA:218,1
DA:219,1
DA:220,1
DA:221,1
DA:222,1
DA:223,1
DA:224,1
DA:225,1
DA:226,1
DA:227,1
DA:228,1
DA:229,1
DA:230,1
DA:231,1
DA:232,1
DA:233,1
DA:234,1
DA:235,1
DA:236,1
DA:237,1
DA:238,1
DA:239,1
DA:240,1
DA:241,1
DA:242,1
DA:243,1
DA:244,1
DA:245,1
DA:246,1
DA:247,1
DA:248,1
DA:249,1
DA:250,1
DA:251,1
DA:252,1
DA:253,1
DA:254,1
DA:255,1
DA:256,1
DA:257,1
DA:258,1
DA:259,1
DA:260,1
DA:261,1
DA:262,1
DA:263,1
DA:264,1
DA:265,1
DA:266,1
DA:267,1
DA:268,1
DA:269,1
DA:270,1
DA:271,1
DA:272,1
DA:273,1
DA:274,1
DA:275,1
DA:276,1
DA:277,1
DA:278,1
DA:279,1
DA:280,1
DA:281,1
DA:282,1
DA:283,1
DA:284,1
DA:285,1
DA:286,1
DA:287,1
LF:287
LH:261
BRDA:3,0,0,0
BRDA:18,1,0,0
BRDA:25,2,0,0
BRDA:108,3,0,0
BRDA:11,4,0,2135
BRDA:12,5,0,2134
BRDA:12,6,0,1
BRDA:23,7,0,3
BRDA:35,8,0,2132
BRDA:37,9,0,0
BRDA:52,10,0,193478
BRDA:54,11,0,3
BRDA:54,12,0,193475
BRDA:58,13,0,3
BRDA:164,14,0,1066
BRF:15
BRH:10
end_of_record
TN:
SF:tests/core/Website/Logs/e500.page
FNF:0
FNH:0
DA:1,1
DA:2,1
DA:3,1
DA:4,1
DA:5,1
LF:5
LH:5
BRF:0
BRH:0
end_of_record
TN:
SF:tests/core/Website/Models/TestBreadcrumb.mode
FNF:0
FNH:0
DA:1,4
DA:2,4
DA:3,4
DA:4,4
DA:5,4
DA:6,4
DA:7,4
DA:8,4
DA:9,4
DA:10,4
DA:11,4
LF:11
LH:11
BRF:0
BRH:0
end_of_record
TN:
SF:tests/core/Website/Models/Website.mode
FNF:0
FNH:0
DA:1,1
DA:2,1
DA:3,1
DA:4,1
DA:5,1
DA:6,1
DA:7,1
DA:8,1
DA:9,1
DA:10,1
DA:11,1
DA:12,1
DA:13,1
DA:14,1
DA:15,1
DA:16,1
DA:17,1
DA:18,1
DA:19,1
DA:20,1
DA:21,1
DA:22,1
DA:23,1
DA:24,1
DA:25,1
DA:26,1
DA:27,1
DA:28,1
DA:29,1
DA:30,1
DA:31,1
DA:32,1
DA:33,1
DA:34,1
DA:35,1
DA:36,1
DA:37,1
DA:38,1
DA:39,1
DA:40,1
DA:41,1
DA:42,1
DA:43,1
DA:44,1
DA:45,1
DA:46,1
DA:47,1
LF:47
LH:47
BRF:0
BRH:0
end_of_record
TN:
SF:tests/core/Website/Models/Website.mode.ts
FN:1,echoData
FNF:1
FNH:1
FNDA:2,echoData
DA:1,31
LF:1
LH:1
BRDA:1,0,0,2
BRF:1
BRH:1
end_of_record
TN:
SF:tests/core/Website/WWW/compile/import_extension/index.page
FNF:0
FNH:0
DA:1,1
DA:2,1
DA:3,1
DA:4,1
DA:5,1
LF:5
LH:5
BRF:0
BRH:0
end_of_record
TN:
SF:tests/core/Website/WWW/compile/import_extension/index.page.ts
FNF:0
FNH:0
DA:1,1
DA:2,1
LF:2
LH:2
BRF:0
BRH:0
end_of_record
TN:
SF:tests/core/Website/WWW/compile/record/index.page
FNF:0
FNH:0
DA:1,1
DA:2,1
DA:3,1
DA:4,1
DA:5,1
DA:6,1
DA:7,1
DA:8,1
LF:8
LH:8
BRF:0
BRH:0
end_of_record
TN:
SF:tests/core/Website/WWW/compile/record/page2.page
FNF:0
FNH:0
DA:1,1
DA:2,1
DA:3,1
DA:4,1
DA:5,1
DA:6,1
DA:7,1
DA:8,1
DA:9,1
DA:10,1
LF:10
LH:10
BRF:0
BRH:0
end_of_record
TN:
SF:tests/core/Website/WWW/compile/record/nested/page3.page
FNF:0
FNH:0
DA:1,1
DA:2,1
DA:3,1
DA:4,1
DA:5,1
DA:6,1
DA:7,1
DA:8,1
DA:9,1
DA:10,1
DA:11,1
DA:12,1
LF:12
LH:12
BRF:0
BRH:0
end_of_record
TN:
SF:tests/core/Website/WWW/compile/search/index.page
FNF:0
FNH:0
DA:1,1
DA:2,1
DA:3,1
DA:4,1
DA:5,1
DA:6,1
DA:7,1
DA:8,1
LF:8
LH:8
BRF:0
BRH:0
end_of_record
TN:
SF:tests/core/Website/WWW/compile/search/page2.page
FNF:0
FNH:0
DA:1,1
DA:2,1
DA:3,1
DA:4,1
DA:5,1
DA:6,1
DA:7,1
DA:8,1
DA:9,1
LF:9
LH:9
BRF:0
BRH:0
end_of_record
TN:
SF:tests/core/Website/WWW/compile/search/searchbox.page
FNF:0
FNH:0
DA:1,1
DA:2,1
DA:3,1
DA:4,1
DA:5,1
DA:6,1
DA:7,1
DA:8,1
DA:9,1
DA:10,1
DA:11,1
DA:12,1
LF:12
LH:12
BRF:0
BRH:0
end_of_record
TN:
SF:tests/core/Website/WWW/compile/search/nested/page3.page
FNF:0
FNH:0
DA:1,1
DA:2,1
DA:3,1
DA:4,1
DA:5,1
DA:6,1
DA:7,1
DA:8,1
DA:9,1
DA:10,1
DA:11,1
DA:12,1
LF:12
LH:12
BRF:0
BRH:0
end_of_record
TN:
SF:tests/core/Website/WWW/server/binding/index.page.ts
FN:3,checkData
FNF:1
FNH:0
FNDA:0,checkData
DA:1,1
DA:2,1
DA:3,0
DA:4,0
DA:5,0
DA:6,1
DA:7,1
LF:7
LH:4
BRF:0
BRH:0
end_of_record
TN:
SF:tests/core/Website/WWW/server/import/index.page
FNF:0
FNH:0
DA:1,1
DA:2,1
DA:3,1
DA:4,1
DA:5,1
LF:5
LH:5
BRF:0
BRH:0
end_of_record
TN:
SF:tests/core/Website/WWW/server/import/index.page.ts
FNF:0
FNH:0
DA:1,1
DA:2,1
DA:3,1
LF:3
LH:3
BRF:0
BRH:0
end_of_record
TN:
SF:tests/core/Website/WWW/server/packageExport/index.page.ts
FNF:0
FNH:0
DA:1,1
DA:2,1
DA:3,1
LF:3
LH:3
BRF:0
BRH:0
end_of_record
TN:
SF:tests/core/Website/WWW/server/ssr-runtime/index.page
FNF:0
FNH:0
DA:1,1
DA:2,1
DA:3,1
DA:4,1
DA:5,1
DA:6,1
DA:7,1
LF:7
LH:7
BRF:0
BRH:0
end_of_record
TN:
SF:tests/core/Website/WWW/static/typescript/decorators.page
FNF:0
FNH:0
DA:1,1
DA:2,1
DA:3,1
DA:4,1
DA:5,1
DA:6,1
DA:7,1
DA:8,1
DA:9,1
DA:10,1
LF:10
LH:10
BRF:0
BRH:0
end_of_record
